{
  "D:/react-work/react-rs/react-components/src/helpers/locationPrettifyer.ts": {
    "path": "D:/react-work/react-rs/react-components/src/helpers/locationPrettifyer.ts",
    "statementMap": {
      "0": {
        "start": {
          "line": 2,
          "column": 2
        },
        "end": {
          "line": 9,
          "column": 23
        }
      },
      "1": {
        "start": {
          "line": 3,
          "column": 4
        },
        "end": {
          "line": 3,
          "column": 18
        }
      },
      "2": {
        "start": {
          "line": 4,
          "column": 7
        },
        "end": {
          "line": 9,
          "column": 23
        }
      },
      "3": {
        "start": {
          "line": 5,
          "column": 4
        },
        "end": {
          "line": 5,
          "column": 19
        }
      },
      "4": {
        "start": {
          "line": 6,
          "column": 7
        },
        "end": {
          "line": 9,
          "column": 23
        }
      },
      "5": {
        "start": {
          "line": 7,
          "column": 4
        },
        "end": {
          "line": 7,
          "column": 18
        }
      },
      "6": {
        "start": {
          "line": 9,
          "column": 4
        },
        "end": {
          "line": 9,
          "column": 23
        }
      }
    },
    "fnMap": {
      "0": {
        "name": "PrettifyLocation",
        "decl": {
          "start": {
            "line": 1,
            "column": 9
          },
          "end": {
            "line": 1,
            "column": 25
          }
        },
        "loc": {
          "start": {
            "line": 1,
            "column": 32
          },
          "end": {
            "line": 10,
            "column": 1
          }
        },
        "line": 1
      }
    },
    "branchMap": {
      "0": {
        "loc": {
          "start": {
            "line": 2,
            "column": 2
          },
          "end": {
            "line": 9,
            "column": 23
          }
        },
        "type": "if",
        "locations": [
          {
            "start": {
              "line": 2,
              "column": 2
            },
            "end": {
              "line": 9,
              "column": 23
            }
          },
          {
            "start": {
              "line": 4,
              "column": 7
            },
            "end": {
              "line": 9,
              "column": 23
            }
          }
        ],
        "line": 2
      },
      "1": {
        "loc": {
          "start": {
            "line": 4,
            "column": 7
          },
          "end": {
            "line": 9,
            "column": 23
          }
        },
        "type": "if",
        "locations": [
          {
            "start": {
              "line": 4,
              "column": 7
            },
            "end": {
              "line": 9,
              "column": 23
            }
          },
          {
            "start": {
              "line": 6,
              "column": 7
            },
            "end": {
              "line": 9,
              "column": 23
            }
          }
        ],
        "line": 4
      },
      "2": {
        "loc": {
          "start": {
            "line": 6,
            "column": 7
          },
          "end": {
            "line": 9,
            "column": 23
          }
        },
        "type": "if",
        "locations": [
          {
            "start": {
              "line": 6,
              "column": 7
            },
            "end": {
              "line": 9,
              "column": 23
            }
          },
          {
            "start": {
              "line": 9,
              "column": 4
            },
            "end": {
              "line": 9,
              "column": 23
            }
          }
        ],
        "line": 6
      }
    },
    "s": {
      "0": 18,
      "1": 6,
      "2": 12,
      "3": 2,
      "4": 10,
      "5": 10,
      "6": 0
    },
    "f": {
      "0": 18
    },
    "b": {
      "0": [
        6,
        12
      ],
      "1": [
        2,
        10
      ],
      "2": [
        10,
        0
      ]
    },
    "inputSourceMap": {
      "version": 3,
      "sources": [
        "D:/react-work/react-rs/react-components/src/helpers/locationPrettifyer.ts"
      ],
      "mappings": "AAQA,SAAS,iBAAiB,MAAsB;AAC9C,MAAI,QAAQ;AAAK,WAAO;AAAA,WACf,QAAQ;AAAU,WAAO;AAAA,WACzB,QAAQ;AAAS,WAAO;AAAA;AAC5B,WAAO;AACd;AAEA,eAAe;",
      "names": []
    },
    "_coverageSchema": "1a1c01bbd47fc00a2c39e90264f33305004495a9",
    "hash": "b91572e98dde8ebba53364d2b2af5259886bccce"
  },
  "D:/react-work/react-rs/react-components/src/components/header.tsx": {
    "path": "D:/react-work/react-rs/react-components/src/components/header.tsx",
    "statementMap": {
      "0": {
        "start": {
          "line": 5,
          "column": 0
        },
        "end": {
          "line": 15,
          "column": 1
        }
      },
      "1": {
        "start": {
          "line": 6,
          "column": 2
        },
        "end": {
          "line": 8,
          "column": 3
        }
      },
      "2": {
        "start": {
          "line": 7,
          "column": 4
        },
        "end": {
          "line": 7,
          "column": 165
        }
      },
      "3": {
        "start": {
          "line": 9,
          "column": 2
        },
        "end": {
          "line": 9,
          "column": 39
        }
      },
      "4": {
        "start": {
          "line": 10,
          "column": 2
        },
        "end": {
          "line": 10,
          "column": 39
        }
      },
      "5": {
        "start": {
          "line": 11,
          "column": 2
        },
        "end": {
          "line": 13,
          "column": 4
        }
      },
      "6": {
        "start": {
          "line": 12,
          "column": 4
        },
        "end": {
          "line": 12,
          "column": 109
        }
      },
      "7": {
        "start": {
          "line": 14,
          "column": 2
        },
        "end": {
          "line": 14,
          "column": 75
        }
      },
      "8": {
        "start": {
          "line": 16,
          "column": 9
        },
        "end": {
          "line": 16,
          "column": 23
        }
      },
      "9": {
        "start": {
          "line": 21,
          "column": 2
        },
        "end": {
          "line": 21,
          "column": 7
        }
      },
      "10": {
        "start": {
          "line": 22,
          "column": 19
        },
        "end": {
          "line": 22,
          "column": 32
        }
      },
      "11": {
        "start": {
          "line": 23,
          "column": 2
        },
        "end": {
          "line": 70,
          "column": 11
        }
      },
      "12": {
        "start": {
          "line": 72,
          "column": 0
        },
        "end": {
          "line": 74,
          "column": 3
        }
      },
      "13": {
        "start": {
          "line": 73,
          "column": 2
        },
        "end": {
          "line": 73,
          "column": 23
        }
      },
      "14": {
        "start": {
          "line": 75,
          "column": 0
        },
        "end": {
          "line": 75,
          "column": 12
        }
      },
      "15": {
        "start": {
          "line": 78,
          "column": 0
        },
        "end": {
          "line": 78,
          "column": 27
        }
      },
      "16": {
        "start": {
          "line": 79,
          "column": 0
        },
        "end": {
          "line": 95,
          "column": 1
        }
      },
      "17": {
        "start": {
          "line": 80,
          "column": 2
        },
        "end": {
          "line": 80,
          "column": 39
        }
      },
      "18": {
        "start": {
          "line": 81,
          "column": 2
        },
        "end": {
          "line": 81,
          "column": 39
        }
      },
      "19": {
        "start": {
          "line": 82,
          "column": 2
        },
        "end": {
          "line": 94,
          "column": 5
        }
      },
      "20": {
        "start": {
          "line": 86,
          "column": 4
        },
        "end": {
          "line": 86,
          "column": 135
        }
      },
      "21": {
        "start": {
          "line": 87,
          "column": 4
        },
        "end": {
          "line": 93,
          "column": 7
        }
      },
      "22": {
        "start": {
          "line": 88,
          "column": 6
        },
        "end": {
          "line": 89,
          "column": 15
        }
      },
      "23": {
        "start": {
          "line": 89,
          "column": 8
        },
        "end": {
          "line": 89,
          "column": 15
        }
      },
      "24": {
        "start": {
          "line": 90,
          "column": 32
        },
        "end": {
          "line": 90,
          "column": 115
        }
      },
      "25": {
        "start": {
          "line": 91,
          "column": 6
        },
        "end": {
          "line": 92,
          "column": 54
        }
      },
      "26": {
        "start": {
          "line": 92,
          "column": 8
        },
        "end": {
          "line": 92,
          "column": 54
        }
      }
    },
    "fnMap": {
      "0": {
        "name": "(anonymous_0)",
        "decl": {
          "start": {
            "line": 11,
            "column": 24
          },
          "end": {
            "line": 11,
            "column": 25
          }
        },
        "loc": {
          "start": {
            "line": 11,
            "column": 38
          },
          "end": {
            "line": 13,
            "column": 3
          }
        },
        "line": 11
      },
      "1": {
        "name": "Header",
        "decl": {
          "start": {
            "line": 20,
            "column": 9
          },
          "end": {
            "line": 20,
            "column": 15
          }
        },
        "loc": {
          "start": {
            "line": 20,
            "column": 18
          },
          "end": {
            "line": 71,
            "column": 1
          }
        },
        "line": 20
      },
      "2": {
        "name": "(anonymous_2)",
        "decl": {
          "start": {
            "line": 72,
            "column": 50
          },
          "end": {
            "line": 72,
            "column": 51
          }
        },
        "loc": {
          "start": {
            "line": 72,
            "column": 61
          },
          "end": {
            "line": 74,
            "column": 1
          }
        },
        "line": 72
      },
      "3": {
        "name": "(anonymous_3)",
        "decl": {
          "start": {
            "line": 85,
            "column": 9
          },
          "end": {
            "line": 85,
            "column": 10
          }
        },
        "loc": {
          "start": {
            "line": 85,
            "column": 29
          },
          "end": {
            "line": 94,
            "column": 3
          }
        },
        "line": 85
      },
      "4": {
        "name": "(anonymous_4)",
        "decl": {
          "start": {
            "line": 87,
            "column": 27
          },
          "end": {
            "line": 87,
            "column": 28
          }
        },
        "loc": {
          "start": {
            "line": 87,
            "column": 44
          },
          "end": {
            "line": 93,
            "column": 5
          }
        },
        "line": 87
      }
    },
    "branchMap": {
      "0": {
        "loc": {
          "start": {
            "line": 5,
            "column": 0
          },
          "end": {
            "line": 15,
            "column": 1
          }
        },
        "type": "if",
        "locations": [
          {
            "start": {
              "line": 5,
              "column": 0
            },
            "end": {
              "line": 15,
              "column": 1
            }
          },
          {
            "start": {},
            "end": {}
          }
        ],
        "line": 5
      },
      "1": {
        "loc": {
          "start": {
            "line": 6,
            "column": 2
          },
          "end": {
            "line": 8,
            "column": 3
          }
        },
        "type": "if",
        "locations": [
          {
            "start": {
              "line": 6,
              "column": 2
            },
            "end": {
              "line": 8,
              "column": 3
            }
          },
          {
            "start": {},
            "end": {}
          }
        ],
        "line": 6
      },
      "2": {
        "loc": {
          "start": {
            "line": 79,
            "column": 0
          },
          "end": {
            "line": 95,
            "column": 1
          }
        },
        "type": "if",
        "locations": [
          {
            "start": {
              "line": 79,
              "column": 0
            },
            "end": {
              "line": 95,
              "column": 1
            }
          },
          {
            "start": {},
            "end": {}
          }
        ],
        "line": 79
      },
      "3": {
        "loc": {
          "start": {
            "line": 88,
            "column": 6
          },
          "end": {
            "line": 89,
            "column": 15
          }
        },
        "type": "if",
        "locations": [
          {
            "start": {
              "line": 88,
              "column": 6
            },
            "end": {
              "line": 89,
              "column": 15
            }
          },
          {
            "start": {},
            "end": {}
          }
        ],
        "line": 88
      },
      "4": {
        "loc": {
          "start": {
            "line": 91,
            "column": 6
          },
          "end": {
            "line": 92,
            "column": 54
          }
        },
        "type": "if",
        "locations": [
          {
            "start": {
              "line": 91,
              "column": 6
            },
            "end": {
              "line": 92,
              "column": 54
            }
          },
          {
            "start": {},
            "end": {}
          }
        ],
        "line": 91
      }
    },
    "s": {
      "0": 6,
      "1": 6,
      "2": 0,
      "3": 6,
      "4": 6,
      "5": 6,
      "6": 6,
      "7": 6,
      "8": 6,
      "9": 18,
      "10": 18,
      "11": 18,
      "12": 6,
      "13": 6,
      "14": 6,
      "15": 6,
      "16": 6,
      "17": 6,
      "18": 6,
      "19": 6,
      "20": 6,
      "21": 6,
      "22": 0,
      "23": 0,
      "24": 0,
      "25": 0,
      "26": 0
    },
    "f": {
      "0": 6,
      "1": 18,
      "2": 6,
      "3": 6,
      "4": 0
    },
    "b": {
      "0": [
        6,
        0
      ],
      "1": [
        0,
        6
      ],
      "2": [
        6,
        0
      ],
      "3": [
        0,
        0
      ],
      "4": [
        0,
        0
      ]
    },
    "inputSourceMap": {
      "version": 3,
      "mappings": "AAUQ;;;;;;;;;;;;;;;;AAVR,OAAOA,sBAAsB;AAC7B,SAASC,MAAMC,mBAAmB;AAClC,OAAO;AAEP,SAASC,SAAS;AAAAC;AAChB,QAAMC,WAAWH,YAAW;AAE5B,SACE,uBAAC,YAAO,WAAU,UAChB,iCAAC,SAAI,WAAU,oBACb;AAAA,2BAAC,OAAE,WAAU,mBAAkB,eAAY,iBACxCF,2BAAiBK,SAASC,QAAQ,KADrC;AAAA;AAAA;AAAA;AAAA,WAEA;AAAA,IACA,uBAAC,QAAG,WAAU,eACZ;AAAA,6BAAC,QAAG,WAAU,qBACZ,iCAAC,QAAK,IAAG,KAAI,eAAY,oBAAkB,oBAA3C;AAAA;AAAA;AAAA;AAAA,aAEA,KAHF;AAAA;AAAA;AAAA;AAAA,aAIA;AAAA,MACA,uBAAC,QAAG,WAAU,qBACZ,iCAAC,QAAK,IAAG,UAAS,eAAY,qBAAmB,qBAAjD;AAAA;AAAA;AAAA;AAAA,aAEA,KAHF;AAAA;AAAA;AAAA;AAAA,aAIA;AAAA,MACA,uBAAC,QAAG,WAAU,qBACZ,iCAAC,QAAK,IAAG,SAAQ,eAAY,oBAAkB,oBAA/C;AAAA;AAAA;AAAA;AAAA,aAEA,KAHF;AAAA;AAAA;AAAA;AAAA,aAIA;AAAA,SAfF;AAAA;AAAA;AAAA;AAAA,WAgBA;AAAA,OApBF;AAAA;AAAA;AAAA;AAAA,SAqBA,KAtBF;AAAA;AAAA;AAAA;AAAA,SAuBA;AAEJ;AAACF,GA7BQD,QAAM;AAAA,UACID,WAAW;AAAA;AAAAK,KADrBJ;AA+BT,eAAeA;AAAO;AAAAK",
      "names": [
        "PrettifyLocation",
        "Link",
        "useLocation",
        "Header",
        "_s",
        "location",
        "pathname",
        "_c",
        "$RefreshReg$"
      ],
      "sources": [
        "D:/react-work/react-rs/react-components/src/components/header.tsx"
      ],
      "file": "D:/react-work/react-rs/react-components/src/components/header.tsx"
    },
    "_coverageSchema": "1a1c01bbd47fc00a2c39e90264f33305004495a9",
    "hash": "956775570c4b2c6307db66752616502d24cb6e41"
  },
  "D:/react-work/react-rs/react-components/src/helpers/getCurrentDate.ts": {
    "path": "D:/react-work/react-rs/react-components/src/helpers/getCurrentDate.ts",
    "statementMap": {
      "0": {
        "start": {
          "line": 2,
          "column": 34
        },
        "end": {
          "line": 2,
          "column": 44
        }
      },
      "1": {
        "start": {
          "line": 3,
          "column": 15
        },
        "end": {
          "line": 3,
          "column": 32
        }
      },
      "2": {
        "start": {
          "line": 4,
          "column": 16
        },
        "end": {
          "line": 4,
          "column": 38
        }
      },
      "3": {
        "start": {
          "line": 5,
          "column": 15
        },
        "end": {
          "line": 5,
          "column": 36
        }
      },
      "4": {
        "start": {
          "line": 6,
          "column": 2
        },
        "end": {
          "line": 6,
          "column": 68
        }
      }
    },
    "fnMap": {
      "0": {
        "name": "getCurrentDate",
        "decl": {
          "start": {
            "line": 1,
            "column": 16
          },
          "end": {
            "line": 1,
            "column": 30
          }
        },
        "loc": {
          "start": {
            "line": 1,
            "column": 33
          },
          "end": {
            "line": 7,
            "column": 1
          }
        },
        "line": 1
      }
    },
    "branchMap": {
      "0": {
        "loc": {
          "start": {
            "line": 6,
            "column": 20
          },
          "end": {
            "line": 6,
            "column": 57
          }
        },
        "type": "cond-expr",
        "locations": [
          {
            "start": {
              "line": 6,
              "column": 33
            },
            "end": {
              "line": 6,
              "column": 44
            }
          },
          {
            "start": {
              "line": 6,
              "column": 47
            },
            "end": {
              "line": 6,
              "column": 57
            }
          }
        ],
        "line": 6
      }
    },
    "s": {
      "0": 80,
      "1": 80,
      "2": 80,
      "3": 80,
      "4": 80
    },
    "f": {
      "0": 80
    },
    "b": {
      "0": [
        80,
        0
      ]
    },
    "inputSourceMap": {
      "version": 3,
      "sources": [
        "D:/react-work/react-rs/react-components/src/helpers/getCurrentDate.ts"
      ],
      "mappings": "AAMO,gBAAS,iBAAyB;AACvC,QAAM,UAAU,oBAAI,KAAK;AACzB,QAAM,OAAO,QAAQ,QAAQ;AAC7B,QAAM,QAAQ,QAAQ,SAAS,IAAI;AACnC,QAAM,OAAO,QAAQ,YAAY;AAEjC,SAAO,GAAG,QAAQ,QAAQ,KAAK,IAAI,UAAU,GAAG,WAAW;AAC7D;",
      "names": []
    },
    "_coverageSchema": "1a1c01bbd47fc00a2c39e90264f33305004495a9",
    "hash": "f7b399f4238df0920314d9bcc8e54588cc6c4e69"
  },
  "D:/react-work/react-rs/react-components/src/helpers/protoResultsMapper.ts": {
    "path": "D:/react-work/react-rs/react-components/src/helpers/protoResultsMapper.ts",
    "statementMap": {
      "0": {
        "start": {
          "line": 2,
          "column": 2
        },
        "end": {
          "line": 2,
          "column": 103
        }
      }
    },
    "fnMap": {
      "0": {
        "name": "PhotoResultsMapper",
        "decl": {
          "start": {
            "line": 1,
            "column": 9
          },
          "end": {
            "line": 1,
            "column": 27
          }
        },
        "loc": {
          "start": {
            "line": 1,
            "column": 39
          },
          "end": {
            "line": 3,
            "column": 1
          }
        },
        "line": 1
      }
    },
    "branchMap": {},
    "s": {
      "0": 80
    },
    "f": {
      "0": 80
    },
    "b": {},
    "inputSourceMap": {
      "version": 3,
      "sources": [
        "D:/react-work/react-rs/react-components/src/helpers/protoResultsMapper.ts"
      ],
      "mappings": "AAUA,SAAS,mBAAmB,WAAwC;AAClE,SAAO,iCAAiC,UAAU,UAAU,UAAU,MAAM,UAAU;AACxF;AAEA,eAAe;",
      "names": []
    },
    "_coverageSchema": "1a1c01bbd47fc00a2c39e90264f33305004495a9",
    "hash": "33b94f63420c574cdcf451916d183d07a4617ac1"
  },
  "D:/react-work/react-rs/react-components/src/components/card-components/cardBottomItem.tsx": {
    "path": "D:/react-work/react-rs/react-components/src/components/card-components/cardBottomItem.tsx",
    "statementMap": {
      "0": {
        "start": {
          "line": 5,
          "column": 0
        },
        "end": {
          "line": 15,
          "column": 1
        }
      },
      "1": {
        "start": {
          "line": 6,
          "column": 2
        },
        "end": {
          "line": 8,
          "column": 3
        }
      },
      "2": {
        "start": {
          "line": 7,
          "column": 4
        },
        "end": {
          "line": 7,
          "column": 165
        }
      },
      "3": {
        "start": {
          "line": 9,
          "column": 2
        },
        "end": {
          "line": 9,
          "column": 39
        }
      },
      "4": {
        "start": {
          "line": 10,
          "column": 2
        },
        "end": {
          "line": 10,
          "column": 39
        }
      },
      "5": {
        "start": {
          "line": 11,
          "column": 2
        },
        "end": {
          "line": 13,
          "column": 4
        }
      },
      "6": {
        "start": {
          "line": 12,
          "column": 4
        },
        "end": {
          "line": 12,
          "column": 133
        }
      },
      "7": {
        "start": {
          "line": 14,
          "column": 2
        },
        "end": {
          "line": 14,
          "column": 75
        }
      },
      "8": {
        "start": {
          "line": 19,
          "column": 2
        },
        "end": {
          "line": 56,
          "column": 11
        }
      },
      "9": {
        "start": {
          "line": 58,
          "column": 0
        },
        "end": {
          "line": 58,
          "column": 20
        }
      },
      "10": {
        "start": {
          "line": 61,
          "column": 0
        },
        "end": {
          "line": 61,
          "column": 35
        }
      },
      "11": {
        "start": {
          "line": 62,
          "column": 0
        },
        "end": {
          "line": 78,
          "column": 1
        }
      },
      "12": {
        "start": {
          "line": 63,
          "column": 2
        },
        "end": {
          "line": 63,
          "column": 39
        }
      },
      "13": {
        "start": {
          "line": 64,
          "column": 2
        },
        "end": {
          "line": 64,
          "column": 39
        }
      },
      "14": {
        "start": {
          "line": 65,
          "column": 2
        },
        "end": {
          "line": 77,
          "column": 5
        }
      },
      "15": {
        "start": {
          "line": 69,
          "column": 4
        },
        "end": {
          "line": 69,
          "column": 159
        }
      },
      "16": {
        "start": {
          "line": 70,
          "column": 4
        },
        "end": {
          "line": 76,
          "column": 7
        }
      },
      "17": {
        "start": {
          "line": 71,
          "column": 6
        },
        "end": {
          "line": 72,
          "column": 15
        }
      },
      "18": {
        "start": {
          "line": 72,
          "column": 8
        },
        "end": {
          "line": 72,
          "column": 15
        }
      },
      "19": {
        "start": {
          "line": 73,
          "column": 32
        },
        "end": {
          "line": 73,
          "column": 115
        }
      },
      "20": {
        "start": {
          "line": 74,
          "column": 6
        },
        "end": {
          "line": 75,
          "column": 54
        }
      },
      "21": {
        "start": {
          "line": 75,
          "column": 8
        },
        "end": {
          "line": 75,
          "column": 54
        }
      }
    },
    "fnMap": {
      "0": {
        "name": "(anonymous_0)",
        "decl": {
          "start": {
            "line": 11,
            "column": 24
          },
          "end": {
            "line": 11,
            "column": 25
          }
        },
        "loc": {
          "start": {
            "line": 11,
            "column": 38
          },
          "end": {
            "line": 13,
            "column": 3
          }
        },
        "line": 11
      },
      "1": {
        "name": "CardBottomItem",
        "decl": {
          "start": {
            "line": 18,
            "column": 9
          },
          "end": {
            "line": 18,
            "column": 23
          }
        },
        "loc": {
          "start": {
            "line": 18,
            "column": 31
          },
          "end": {
            "line": 57,
            "column": 1
          }
        },
        "line": 18
      },
      "2": {
        "name": "(anonymous_2)",
        "decl": {
          "start": {
            "line": 68,
            "column": 9
          },
          "end": {
            "line": 68,
            "column": 10
          }
        },
        "loc": {
          "start": {
            "line": 68,
            "column": 29
          },
          "end": {
            "line": 77,
            "column": 3
          }
        },
        "line": 68
      },
      "3": {
        "name": "(anonymous_3)",
        "decl": {
          "start": {
            "line": 70,
            "column": 27
          },
          "end": {
            "line": 70,
            "column": 28
          }
        },
        "loc": {
          "start": {
            "line": 70,
            "column": 44
          },
          "end": {
            "line": 76,
            "column": 5
          }
        },
        "line": 70
      }
    },
    "branchMap": {
      "0": {
        "loc": {
          "start": {
            "line": 5,
            "column": 0
          },
          "end": {
            "line": 15,
            "column": 1
          }
        },
        "type": "if",
        "locations": [
          {
            "start": {
              "line": 5,
              "column": 0
            },
            "end": {
              "line": 15,
              "column": 1
            }
          },
          {
            "start": {},
            "end": {}
          }
        ],
        "line": 5
      },
      "1": {
        "loc": {
          "start": {
            "line": 6,
            "column": 2
          },
          "end": {
            "line": 8,
            "column": 3
          }
        },
        "type": "if",
        "locations": [
          {
            "start": {
              "line": 6,
              "column": 2
            },
            "end": {
              "line": 8,
              "column": 3
            }
          },
          {
            "start": {},
            "end": {}
          }
        ],
        "line": 6
      },
      "2": {
        "loc": {
          "start": {
            "line": 62,
            "column": 0
          },
          "end": {
            "line": 78,
            "column": 1
          }
        },
        "type": "if",
        "locations": [
          {
            "start": {
              "line": 62,
              "column": 0
            },
            "end": {
              "line": 78,
              "column": 1
            }
          },
          {
            "start": {},
            "end": {}
          }
        ],
        "line": 62
      },
      "3": {
        "loc": {
          "start": {
            "line": 71,
            "column": 6
          },
          "end": {
            "line": 72,
            "column": 15
          }
        },
        "type": "if",
        "locations": [
          {
            "start": {
              "line": 71,
              "column": 6
            },
            "end": {
              "line": 72,
              "column": 15
            }
          },
          {
            "start": {},
            "end": {}
          }
        ],
        "line": 71
      },
      "4": {
        "loc": {
          "start": {
            "line": 74,
            "column": 6
          },
          "end": {
            "line": 75,
            "column": 54
          }
        },
        "type": "if",
        "locations": [
          {
            "start": {
              "line": 74,
              "column": 6
            },
            "end": {
              "line": 75,
              "column": 54
            }
          },
          {
            "start": {},
            "end": {}
          }
        ],
        "line": 74
      }
    },
    "s": {
      "0": 6,
      "1": 6,
      "2": 0,
      "3": 6,
      "4": 6,
      "5": 6,
      "6": 6,
      "7": 6,
      "8": 12,
      "9": 6,
      "10": 6,
      "11": 6,
      "12": 6,
      "13": 6,
      "14": 6,
      "15": 6,
      "16": 6,
      "17": 0,
      "18": 0,
      "19": 0,
      "20": 0,
      "21": 0
    },
    "f": {
      "0": 6,
      "1": 12,
      "2": 6,
      "3": 0
    },
    "b": {
      "0": [
        6,
        0
      ],
      "1": [
        0,
        6
      ],
      "2": [
        6,
        0
      ],
      "3": [
        0,
        0
      ],
      "4": [
        0,
        0
      ]
    },
    "inputSourceMap": {
      "version": 3,
      "mappings": "AAOQ;AAPR,OAAOA,oBAAc;AAAA,IAA4B;AAAA;AAAA;AAAA;AAAA;AAAA;AAAA;AAAA;AAAA;AAAA;AAAA;AAAA;AAAA;AAAA;AACjD,OAAOC,cAAc;AAErB,SAASC,eAAeC,OAA4D;AAClF,SACE,uBAAC,SAAI,WAAWA,MAAMC,WACpB;AAAA,2BAAC,SAAI,WAAY,GAAED,MAAMC,mBACvB;AAAA,6BAAC,SAAI,KAAKJ,UAAU,KAAI,IAAG,WAAU,eAArC;AAAA;AAAA;AAAA;AAAA,aAAgD;AAAA,MAChD,uBAAC,OAAE,WAAU,kBAAkBG,gBAAME,SAArC;AAAA;AAAA;AAAA;AAAA,aAA2C;AAAA,SAF7C;AAAA;AAAA;AAAA;AAAA,WAGA;AAAA,IACA,uBAAC,SAAI,WAAY,GAAEF,MAAMC,mBACvB;AAAA,6BAAC,SAAI,KAAKH,UAAU,KAAI,IAAG,WAAU,eAArC;AAAA;AAAA;AAAA;AAAA,aAAgD;AAAA,MAChD,uBAAC,OAAE,WAAU,kBAAkBE,gBAAMG,SAArC;AAAA;AAAA;AAAA;AAAA,aAA2C;AAAA,SAF7C;AAAA;AAAA;AAAA;AAAA,WAGA;AAAA,OARF;AAAA;AAAA;AAAA;AAAA,SASA;AAEJ;AAACC,KAbQL;AAeT,eAAeA;AAAe;AAAAM",
      "names": [
        "likeIcon",
        "viewIcon",
        "CardBottomItem",
        "props",
        "className",
        "likes",
        "views",
        "_c",
        "$RefreshReg$"
      ],
      "sources": [
        "D:/react-work/react-rs/react-components/src/components/card-components/cardBottomItem.tsx"
      ],
      "file": "D:/react-work/react-rs/react-components/src/components/card-components/cardBottomItem.tsx"
    },
    "_coverageSchema": "1a1c01bbd47fc00a2c39e90264f33305004495a9",
    "hash": "fae7a21f01c7c62a9b97fbb99d833513f21dd10a"
  },
  "D:/react-work/react-rs/react-components/src/components/card-components/cardsTagsList.tsx": {
    "path": "D:/react-work/react-rs/react-components/src/components/card-components/cardsTagsList.tsx",
    "statementMap": {
      "0": {
        "start": {
          "line": 5,
          "column": 0
        },
        "end": {
          "line": 15,
          "column": 1
        }
      },
      "1": {
        "start": {
          "line": 6,
          "column": 2
        },
        "end": {
          "line": 8,
          "column": 3
        }
      },
      "2": {
        "start": {
          "line": 7,
          "column": 4
        },
        "end": {
          "line": 7,
          "column": 165
        }
      },
      "3": {
        "start": {
          "line": 9,
          "column": 2
        },
        "end": {
          "line": 9,
          "column": 39
        }
      },
      "4": {
        "start": {
          "line": 10,
          "column": 2
        },
        "end": {
          "line": 10,
          "column": 39
        }
      },
      "5": {
        "start": {
          "line": 11,
          "column": 2
        },
        "end": {
          "line": 13,
          "column": 4
        }
      },
      "6": {
        "start": {
          "line": 12,
          "column": 4
        },
        "end": {
          "line": 12,
          "column": 132
        }
      },
      "7": {
        "start": {
          "line": 14,
          "column": 2
        },
        "end": {
          "line": 14,
          "column": 75
        }
      },
      "8": {
        "start": {
          "line": 17,
          "column": 2
        },
        "end": {
          "line": 34,
          "column": 11
        }
      },
      "9": {
        "start": {
          "line": 18,
          "column": 4
        },
        "end": {
          "line": 25,
          "column": 13
        }
      },
      "10": {
        "start": {
          "line": 36,
          "column": 0
        },
        "end": {
          "line": 36,
          "column": 17
        }
      },
      "11": {
        "start": {
          "line": 39,
          "column": 0
        },
        "end": {
          "line": 39,
          "column": 32
        }
      },
      "12": {
        "start": {
          "line": 40,
          "column": 0
        },
        "end": {
          "line": 56,
          "column": 1
        }
      },
      "13": {
        "start": {
          "line": 41,
          "column": 2
        },
        "end": {
          "line": 41,
          "column": 39
        }
      },
      "14": {
        "start": {
          "line": 42,
          "column": 2
        },
        "end": {
          "line": 42,
          "column": 39
        }
      },
      "15": {
        "start": {
          "line": 43,
          "column": 2
        },
        "end": {
          "line": 55,
          "column": 5
        }
      },
      "16": {
        "start": {
          "line": 47,
          "column": 4
        },
        "end": {
          "line": 47,
          "column": 158
        }
      },
      "17": {
        "start": {
          "line": 48,
          "column": 4
        },
        "end": {
          "line": 54,
          "column": 7
        }
      },
      "18": {
        "start": {
          "line": 49,
          "column": 6
        },
        "end": {
          "line": 50,
          "column": 15
        }
      },
      "19": {
        "start": {
          "line": 50,
          "column": 8
        },
        "end": {
          "line": 50,
          "column": 15
        }
      },
      "20": {
        "start": {
          "line": 51,
          "column": 32
        },
        "end": {
          "line": 51,
          "column": 115
        }
      },
      "21": {
        "start": {
          "line": 52,
          "column": 6
        },
        "end": {
          "line": 53,
          "column": 54
        }
      },
      "22": {
        "start": {
          "line": 53,
          "column": 8
        },
        "end": {
          "line": 53,
          "column": 54
        }
      }
    },
    "fnMap": {
      "0": {
        "name": "(anonymous_0)",
        "decl": {
          "start": {
            "line": 11,
            "column": 24
          },
          "end": {
            "line": 11,
            "column": 25
          }
        },
        "loc": {
          "start": {
            "line": 11,
            "column": 38
          },
          "end": {
            "line": 13,
            "column": 3
          }
        },
        "line": 11
      },
      "1": {
        "name": "CardTagList",
        "decl": {
          "start": {
            "line": 16,
            "column": 9
          },
          "end": {
            "line": 16,
            "column": 20
          }
        },
        "loc": {
          "start": {
            "line": 16,
            "column": 28
          },
          "end": {
            "line": 35,
            "column": 1
          }
        },
        "line": 16
      },
      "2": {
        "name": "(anonymous_2)",
        "decl": {
          "start": {
            "line": 17,
            "column": 173
          },
          "end": {
            "line": 17,
            "column": 174
          }
        },
        "loc": {
          "start": {
            "line": 17,
            "column": 188
          },
          "end": {
            "line": 26,
            "column": 3
          }
        },
        "line": 17
      },
      "3": {
        "name": "(anonymous_3)",
        "decl": {
          "start": {
            "line": 46,
            "column": 9
          },
          "end": {
            "line": 46,
            "column": 10
          }
        },
        "loc": {
          "start": {
            "line": 46,
            "column": 29
          },
          "end": {
            "line": 55,
            "column": 3
          }
        },
        "line": 46
      },
      "4": {
        "name": "(anonymous_4)",
        "decl": {
          "start": {
            "line": 48,
            "column": 27
          },
          "end": {
            "line": 48,
            "column": 28
          }
        },
        "loc": {
          "start": {
            "line": 48,
            "column": 44
          },
          "end": {
            "line": 54,
            "column": 5
          }
        },
        "line": 48
      }
    },
    "branchMap": {
      "0": {
        "loc": {
          "start": {
            "line": 5,
            "column": 0
          },
          "end": {
            "line": 15,
            "column": 1
          }
        },
        "type": "if",
        "locations": [
          {
            "start": {
              "line": 5,
              "column": 0
            },
            "end": {
              "line": 15,
              "column": 1
            }
          },
          {
            "start": {},
            "end": {}
          }
        ],
        "line": 5
      },
      "1": {
        "loc": {
          "start": {
            "line": 6,
            "column": 2
          },
          "end": {
            "line": 8,
            "column": 3
          }
        },
        "type": "if",
        "locations": [
          {
            "start": {
              "line": 6,
              "column": 2
            },
            "end": {
              "line": 8,
              "column": 3
            }
          },
          {
            "start": {},
            "end": {}
          }
        ],
        "line": 6
      },
      "2": {
        "loc": {
          "start": {
            "line": 40,
            "column": 0
          },
          "end": {
            "line": 56,
            "column": 1
          }
        },
        "type": "if",
        "locations": [
          {
            "start": {
              "line": 40,
              "column": 0
            },
            "end": {
              "line": 56,
              "column": 1
            }
          },
          {
            "start": {},
            "end": {}
          }
        ],
        "line": 40
      },
      "3": {
        "loc": {
          "start": {
            "line": 49,
            "column": 6
          },
          "end": {
            "line": 50,
            "column": 15
          }
        },
        "type": "if",
        "locations": [
          {
            "start": {
              "line": 49,
              "column": 6
            },
            "end": {
              "line": 50,
              "column": 15
            }
          },
          {
            "start": {},
            "end": {}
          }
        ],
        "line": 49
      },
      "4": {
        "loc": {
          "start": {
            "line": 52,
            "column": 6
          },
          "end": {
            "line": 53,
            "column": 54
          }
        },
        "type": "if",
        "locations": [
          {
            "start": {
              "line": 52,
              "column": 6
            },
            "end": {
              "line": 53,
              "column": 54
            }
          },
          {
            "start": {},
            "end": {}
          }
        ],
        "line": 52
      }
    },
    "s": {
      "0": 6,
      "1": 6,
      "2": 0,
      "3": 6,
      "4": 6,
      "5": 6,
      "6": 6,
      "7": 6,
      "8": 12,
      "9": 12,
      "10": 6,
      "11": 6,
      "12": 6,
      "13": 6,
      "14": 6,
      "15": 6,
      "16": 6,
      "17": 6,
      "18": 0,
      "19": 0,
      "20": 0,
      "21": 0,
      "22": 0
    },
    "f": {
      "0": 6,
      "1": 12,
      "2": 12,
      "3": 6,
      "4": 0
    },
    "b": {
      "0": [
        6,
        0
      ],
      "1": [
        0,
        6
      ],
      "2": [
        6,
        0
      ],
      "3": [
        0,
        0
      ],
      "4": [
        0,
        0
      ]
    },
    "inputSourceMap": {
      "version": 3,
      "mappings": "AAMY;AANZ,2BAA0B;AAAE;AAAA;AAAA;AAAA;AAAA;AAAA;AAAA;AAAA;AAAA;AAAA;AAAA;AAAA;AAAA;AAAA,4BAAuC;AACjE,SACE,uBAAC,SAAI,WAAWA,MAAMC,WACpB,iCAAC,QAAG,WAAY,GAAED,MAAMC,kBACrBD,gBAAME,KAAKC,IAAI,CAACC,MAAMC,QAAQ;AAC7B,WACE,uBAAC,QAAG,WAAY,GAAEL,MAAMC,wBAAiC;AAAA;AAAA,MACrDG;AAAAA,SADiDC,KAArD;AAAA;AAAA;AAAA;AAAA,WAEA;AAAA,EAEJ,CAAC,KAPH;AAAA;AAAA;AAAA;AAAA,SAQA,KATF;AAAA;AAAA;AAAA;AAAA,SAUA;AAEJ;AAACC,KAdQC;AAgBT,eAAeA;AAAY;AAAAC",
      "names": [
        "props",
        "className",
        "tags",
        "map",
        "item",
        "key",
        "_c",
        "CardTagList",
        "$RefreshReg$"
      ],
      "sources": [
        "D:/react-work/react-rs/react-components/src/components/card-components/cardsTagsList.tsx"
      ],
      "file": "D:/react-work/react-rs/react-components/src/components/card-components/cardsTagsList.tsx"
    },
    "_coverageSchema": "1a1c01bbd47fc00a2c39e90264f33305004495a9",
    "hash": "272f2da5ba5671919065dfd8c592c97571a2e3fd"
  },
  "D:/react-work/react-rs/react-components/src/store/reducers/searchReducer.ts": {
    "path": "D:/react-work/react-rs/react-components/src/store/reducers/searchReducer.ts",
    "statementMap": {
      "0": {
        "start": {
          "line": 1,
          "column": 21
        },
        "end": {
          "line": 1,
          "column": 60
        }
      },
      "1": {
        "start": {
          "line": 3,
          "column": 2
        },
        "end": {
          "line": 18,
          "column": 3
        }
      },
      "2": {
        "start": {
          "line": 5,
          "column": 6
        },
        "end": {
          "line": 8,
          "column": 8
        }
      },
      "3": {
        "start": {
          "line": 11,
          "column": 6
        },
        "end": {
          "line": 14,
          "column": 8
        }
      },
      "4": {
        "start": {
          "line": 17,
          "column": 6
        },
        "end": {
          "line": 17,
          "column": 19
        }
      }
    },
    "fnMap": {
      "0": {
        "name": "searchReducer",
        "decl": {
          "start": {
            "line": 2,
            "column": 24
          },
          "end": {
            "line": 2,
            "column": 37
          }
        },
        "loc": {
          "start": {
            "line": 2,
            "column": 68
          },
          "end": {
            "line": 19,
            "column": 1
          }
        },
        "line": 2
      }
    },
    "branchMap": {
      "0": {
        "loc": {
          "start": {
            "line": 2,
            "column": 38
          },
          "end": {
            "line": 2,
            "column": 58
          }
        },
        "type": "default-arg",
        "locations": [
          {
            "start": {
              "line": 2,
              "column": 46
            },
            "end": {
              "line": 2,
              "column": 58
            }
          }
        ],
        "line": 2
      },
      "1": {
        "loc": {
          "start": {
            "line": 3,
            "column": 2
          },
          "end": {
            "line": 18,
            "column": 3
          }
        },
        "type": "switch",
        "locations": [
          {
            "start": {
              "line": 4,
              "column": 4
            },
            "end": {
              "line": 9,
              "column": 5
            }
          },
          {
            "start": {
              "line": 10,
              "column": 4
            },
            "end": {
              "line": 15,
              "column": 5
            }
          },
          {
            "start": {
              "line": 16,
              "column": 4
            },
            "end": {
              "line": 17,
              "column": 19
            }
          }
        ],
        "line": 3
      }
    },
    "s": {
      "0": 6,
      "1": 38,
      "2": 6,
      "3": 1,
      "4": 31
    },
    "f": {
      "0": 38
    },
    "b": {
      "0": [
        12
      ],
      "1": [
        6,
        1,
        31
      ]
    },
    "inputSourceMap": {
      "version": 3,
      "sources": [
        "D:/react-work/react-rs/react-components/src/store/reducers/searchReducer.ts"
      ],
      "mappings": "AAEA,MAAM,eAAe,EAAE,aAAa,IAAI,gBAAgB,GAAG;AAE3D,wBAAwB,cAAc,QAAQ,cAAc,QAAmB;AAC7E,UAAQ,OAAO,MAAM;AAAA,IACnB,KAAK,yBAAyB;AAC5B,aAAO;AAAA,QACL,GAAG;AAAA,QACH,aAAa,OAAO;AAAA,MACtB;AAAA,IACF;AAAA,IACA,KAAK,6BAA6B;AAChC,aAAO;AAAA,QACL,GAAG;AAAA,QACH,gBAAgB,OAAO;AAAA,MACzB;AAAA,IACF;AAAA,IACA;AACE,aAAO;AAAA,EACX;AACF;",
      "names": []
    },
    "_coverageSchema": "1a1c01bbd47fc00a2c39e90264f33305004495a9",
    "hash": "ac73ac8a70653f5ffd7a49c6c6eea989819a2ce9"
  },
  "D:/react-work/react-rs/react-components/src/store/reducers/formDataReducer.ts": {
    "path": "D:/react-work/react-rs/react-components/src/store/reducers/formDataReducer.ts",
    "statementMap": {
      "0": {
        "start": {
          "line": 1,
          "column": 21
        },
        "end": {
          "line": 1,
          "column": 23
        }
      },
      "1": {
        "start": {
          "line": 3,
          "column": 2
        },
        "end": {
          "line": 9,
          "column": 3
        }
      },
      "2": {
        "start": {
          "line": 5,
          "column": 6
        },
        "end": {
          "line": 5,
          "column": 40
        }
      },
      "3": {
        "start": {
          "line": 8,
          "column": 6
        },
        "end": {
          "line": 8,
          "column": 19
        }
      }
    },
    "fnMap": {
      "0": {
        "name": "formDataReducer",
        "decl": {
          "start": {
            "line": 2,
            "column": 16
          },
          "end": {
            "line": 2,
            "column": 31
          }
        },
        "loc": {
          "start": {
            "line": 2,
            "column": 62
          },
          "end": {
            "line": 10,
            "column": 1
          }
        },
        "line": 2
      }
    },
    "branchMap": {
      "0": {
        "loc": {
          "start": {
            "line": 2,
            "column": 32
          },
          "end": {
            "line": 2,
            "column": 52
          }
        },
        "type": "default-arg",
        "locations": [
          {
            "start": {
              "line": 2,
              "column": 40
            },
            "end": {
              "line": 2,
              "column": 52
            }
          }
        ],
        "line": 2
      },
      "1": {
        "loc": {
          "start": {
            "line": 3,
            "column": 2
          },
          "end": {
            "line": 9,
            "column": 3
          }
        },
        "type": "switch",
        "locations": [
          {
            "start": {
              "line": 4,
              "column": 4
            },
            "end": {
              "line": 6,
              "column": 5
            }
          },
          {
            "start": {
              "line": 7,
              "column": 4
            },
            "end": {
              "line": 8,
              "column": 19
            }
          }
        ],
        "line": 3
      }
    },
    "s": {
      "0": 6,
      "1": 38,
      "2": 2,
      "3": 36
    },
    "f": {
      "0": 38
    },
    "b": {
      "0": [
        12
      ],
      "1": [
        2,
        36
      ]
    },
    "inputSourceMap": {
      "version": 3,
      "sources": [
        "D:/react-work/react-rs/react-components/src/store/reducers/formDataReducer.ts"
      ],
      "mappings": "AAGA,MAAM,eAA6B,CAAC;AAE7B,gBAAS,gBAAgB,QAAQ,cAAc,QAAmB;AACvE,UAAQ,OAAO,MAAM;AAAA,IACnB,KAAK,oBAAoB;AACvB,aAAO,CAAC,GAAG,OAAO,OAAO,OAAO;AAAA,IAClC;AAAA,IACA;AACE,aAAO;AAAA,EACX;AACF;",
      "names": []
    },
    "_coverageSchema": "1a1c01bbd47fc00a2c39e90264f33305004495a9",
    "hash": "5fc811d104c2a2db20e1cd74ee5b63f53183c279"
  },
  "D:/react-work/react-rs/react-components/src/store/reducers/formInputReducer.ts": {
    "path": "D:/react-work/react-rs/react-components/src/store/reducers/formInputReducer.ts",
    "statementMap": {
      "0": {
        "start": {
          "line": 1,
          "column": 21
        },
        "end": {
          "line": 8,
          "column": 1
        }
      },
      "1": {
        "start": {
          "line": 10,
          "column": 2
        },
        "end": {
          "line": 49,
          "column": 3
        }
      },
      "2": {
        "start": {
          "line": 12,
          "column": 6
        },
        "end": {
          "line": 15,
          "column": 8
        }
      },
      "3": {
        "start": {
          "line": 18,
          "column": 6
        },
        "end": {
          "line": 21,
          "column": 8
        }
      },
      "4": {
        "start": {
          "line": 24,
          "column": 6
        },
        "end": {
          "line": 27,
          "column": 8
        }
      },
      "5": {
        "start": {
          "line": 30,
          "column": 6
        },
        "end": {
          "line": 33,
          "column": 8
        }
      },
      "6": {
        "start": {
          "line": 36,
          "column": 6
        },
        "end": {
          "line": 39,
          "column": 8
        }
      },
      "7": {
        "start": {
          "line": 42,
          "column": 6
        },
        "end": {
          "line": 45,
          "column": 8
        }
      },
      "8": {
        "start": {
          "line": 48,
          "column": 6
        },
        "end": {
          "line": 48,
          "column": 19
        }
      }
    },
    "fnMap": {
      "0": {
        "name": "formInputReducer",
        "decl": {
          "start": {
            "line": 9,
            "column": 16
          },
          "end": {
            "line": 9,
            "column": 32
          }
        },
        "loc": {
          "start": {
            "line": 9,
            "column": 63
          },
          "end": {
            "line": 50,
            "column": 1
          }
        },
        "line": 9
      }
    },
    "branchMap": {
      "0": {
        "loc": {
          "start": {
            "line": 9,
            "column": 33
          },
          "end": {
            "line": 9,
            "column": 53
          }
        },
        "type": "default-arg",
        "locations": [
          {
            "start": {
              "line": 9,
              "column": 41
            },
            "end": {
              "line": 9,
              "column": 53
            }
          }
        ],
        "line": 9
      },
      "1": {
        "loc": {
          "start": {
            "line": 10,
            "column": 2
          },
          "end": {
            "line": 49,
            "column": 3
          }
        },
        "type": "switch",
        "locations": [
          {
            "start": {
              "line": 11,
              "column": 4
            },
            "end": {
              "line": 16,
              "column": 5
            }
          },
          {
            "start": {
              "line": 17,
              "column": 4
            },
            "end": {
              "line": 22,
              "column": 5
            }
          },
          {
            "start": {
              "line": 23,
              "column": 4
            },
            "end": {
              "line": 28,
              "column": 5
            }
          },
          {
            "start": {
              "line": 29,
              "column": 4
            },
            "end": {
              "line": 34,
              "column": 5
            }
          },
          {
            "start": {
              "line": 35,
              "column": 4
            },
            "end": {
              "line": 40,
              "column": 5
            }
          },
          {
            "start": {
              "line": 41,
              "column": 4
            },
            "end": {
              "line": 46,
              "column": 5
            }
          },
          {
            "start": {
              "line": 47,
              "column": 4
            },
            "end": {
              "line": 48,
              "column": 19
            }
          }
        ],
        "line": 10
      }
    },
    "s": {
      "0": 6,
      "1": 38,
      "2": 0,
      "3": 0,
      "4": 0,
      "5": 0,
      "6": 0,
      "7": 0,
      "8": 38
    },
    "f": {
      "0": 38
    },
    "b": {
      "0": [
        12
      ],
      "1": [
        0,
        0,
        0,
        0,
        0,
        0,
        38
      ]
    },
    "inputSourceMap": {
      "version": 3,
      "sources": [
        "D:/react-work/react-rs/react-components/src/store/reducers/formInputReducer.ts"
      ],
      "mappings": "AAEA,MAAM,eAAe;AAAA,EACnB,MAAM;AAAA,EACN,MAAM;AAAA,EACN,OAAO;AAAA,EACP,KAAK;AAAA,EACL,MAAM,CAAC;AAAA,EACP,MAAM;AACR;AAEO,gBAAS,iBAAiB,QAAQ,cAAc,QAAmB;AACxE,UAAQ,OAAO,MAAM;AAAA,IACnB,KAAK,iBAAiB;AACpB,aAAO;AAAA,QACL,GAAG;AAAA,QACH,MAAM,OAAO;AAAA,MACf;AAAA,IACF;AAAA,IACA,KAAK,iBAAiB;AACpB,aAAO;AAAA,QACL,GAAG;AAAA,QACH,MAAM,OAAO;AAAA,MACf;AAAA,IACF;AAAA,IACA,KAAK,kBAAkB;AACrB,aAAO;AAAA,QACL,GAAG;AAAA,QACH,OAAO,OAAO;AAAA,MAChB;AAAA,IACF;AAAA,IACA,KAAK,gBAAgB;AACnB,aAAO;AAAA,QACL,GAAG;AAAA,QACH,KAAK,OAAO;AAAA,MACd;AAAA,IACF;AAAA,IACA,KAAK,iBAAiB;AACpB,aAAO;AAAA,QACL,GAAG;AAAA,QACH,MAAM,OAAO;AAAA,MACf;AAAA,IACF;AAAA,IACA,KAAK,iBAAiB;AACpB,aAAO;AAAA,QACL,GAAG;AAAA,QACH,MAAM,OAAO;AAAA,MACf;AAAA,IACF;AAAA,IACA;AACE,aAAO;AAAA,EACX;AACF;",
      "names": []
    },
    "_coverageSchema": "1a1c01bbd47fc00a2c39e90264f33305004495a9",
    "hash": "a97bf1f4090e87ff0a89b19c891e92bee6b09038"
  },
  "D:/react-work/react-rs/react-components/src/api/flickrApiThunks.ts": {
    "path": "D:/react-work/react-rs/react-components/src/api/flickrApiThunks.ts",
    "statementMap": {
      "0": {
        "start": {
          "line": 2,
          "column": 21
        },
        "end": {
          "line": 5,
          "column": 1
        }
      },
      "1": {
        "start": {
          "line": 6,
          "column": 26
        },
        "end": {
          "line": 9,
          "column": 1
        }
      },
      "2": {
        "start": {
          "line": 10,
          "column": 27
        },
        "end": {
          "line": 10,
          "column": 91
        }
      },
      "3": {
        "start": {
          "line": 11,
          "column": 23
        },
        "end": {
          "line": 14,
          "column": 2
        }
      },
      "4": {
        "start": {
          "line": 12,
          "column": 14
        },
        "end": {
          "line": 12,
          "column": 33
        }
      },
      "5": {
        "start": {
          "line": 13,
          "column": 2
        },
        "end": {
          "line": 13,
          "column": 13
        }
      },
      "6": {
        "start": {
          "line": 16,
          "column": 14
        },
        "end": {
          "line": 16,
          "column": 46
        }
      },
      "7": {
        "start": {
          "line": 17,
          "column": 2
        },
        "end": {
          "line": 17,
          "column": 13
        }
      },
      "8": {
        "start": {
          "line": 19,
          "column": 38
        },
        "end": {
          "line": 22,
          "column": 1
        }
      },
      "9": {
        "start": {
          "line": 20,
          "column": 15
        },
        "end": {
          "line": 20,
          "column": 45
        }
      },
      "10": {
        "start": {
          "line": 21,
          "column": 2
        },
        "end": {
          "line": 21,
          "column": 17
        }
      },
      "11": {
        "start": {
          "line": 23,
          "column": 27
        },
        "end": {
          "line": 39,
          "column": 2
        }
      },
      "12": {
        "start": {
          "line": 28,
          "column": 4
        },
        "end": {
          "line": 30,
          "column": 7
        }
      },
      "13": {
        "start": {
          "line": 29,
          "column": 6
        },
        "end": {
          "line": 29,
          "column": 32
        }
      },
      "14": {
        "start": {
          "line": 31,
          "column": 4
        },
        "end": {
          "line": 34,
          "column": 7
        }
      },
      "15": {
        "start": {
          "line": 32,
          "column": 6
        },
        "end": {
          "line": 32,
          "column": 34
        }
      },
      "16": {
        "start": {
          "line": 33,
          "column": 6
        },
        "end": {
          "line": 33,
          "column": 31
        }
      },
      "17": {
        "start": {
          "line": 35,
          "column": 4
        },
        "end": {
          "line": 37,
          "column": 7
        }
      },
      "18": {
        "start": {
          "line": 36,
          "column": 6
        },
        "end": {
          "line": 36,
          "column": 31
        }
      },
      "19": {
        "start": {
          "line": 40,
          "column": 30
        },
        "end": {
          "line": 56,
          "column": 2
        }
      },
      "20": {
        "start": {
          "line": 45,
          "column": 4
        },
        "end": {
          "line": 47,
          "column": 7
        }
      },
      "21": {
        "start": {
          "line": 46,
          "column": 6
        },
        "end": {
          "line": 46,
          "column": 32
        }
      },
      "22": {
        "start": {
          "line": 48,
          "column": 4
        },
        "end": {
          "line": 51,
          "column": 7
        }
      },
      "23": {
        "start": {
          "line": 49,
          "column": 6
        },
        "end": {
          "line": 49,
          "column": 34
        }
      },
      "24": {
        "start": {
          "line": 50,
          "column": 6
        },
        "end": {
          "line": 50,
          "column": 31
        }
      },
      "25": {
        "start": {
          "line": 52,
          "column": 4
        },
        "end": {
          "line": 54,
          "column": 7
        }
      },
      "26": {
        "start": {
          "line": 53,
          "column": 6
        },
        "end": {
          "line": 53,
          "column": 31
        }
      },
      "27": {
        "start": {
          "line": 58,
          "column": 2
        },
        "end": {
          "line": 60,
          "column": 30
        }
      },
      "28": {
        "start": {
          "line": 60,
          "column": 18
        },
        "end": {
          "line": 60,
          "column": 28
        }
      },
      "29": {
        "start": {
          "line": 63,
          "column": 2
        },
        "end": {
          "line": 65,
          "column": 30
        }
      },
      "30": {
        "start": {
          "line": 65,
          "column": 18
        },
        "end": {
          "line": 65,
          "column": 28
        }
      },
      "31": {
        "start": {
          "line": 68,
          "column": 34
        },
        "end": {
          "line": 68,
          "column": 53
        }
      },
      "32": {
        "start": {
          "line": 69,
          "column": 32
        },
        "end": {
          "line": 69,
          "column": 54
        }
      }
    },
    "fnMap": {
      "0": {
        "name": "(anonymous_0)",
        "decl": {
          "start": {
            "line": 11,
            "column": 62
          },
          "end": {
            "line": 11,
            "column": 63
          }
        },
        "loc": {
          "start": {
            "line": 11,
            "column": 76
          },
          "end": {
            "line": 14,
            "column": 1
          }
        },
        "line": 11
      },
      "1": {
        "name": "fetchCardsCatalog",
        "decl": {
          "start": {
            "line": 15,
            "column": 15
          },
          "end": {
            "line": 15,
            "column": 32
          }
        },
        "loc": {
          "start": {
            "line": 15,
            "column": 46
          },
          "end": {
            "line": 18,
            "column": 1
          }
        },
        "line": 15
      },
      "2": {
        "name": "(anonymous_2)",
        "decl": {
          "start": {
            "line": 19,
            "column": 38
          },
          "end": {
            "line": 19,
            "column": 39
          }
        },
        "loc": {
          "start": {
            "line": 19,
            "column": 58
          },
          "end": {
            "line": 22,
            "column": 1
          }
        },
        "line": 19
      },
      "3": {
        "name": "(anonymous_3)",
        "decl": {
          "start": {
            "line": 27,
            "column": 17
          },
          "end": {
            "line": 27,
            "column": 18
          }
        },
        "loc": {
          "start": {
            "line": 27,
            "column": 30
          },
          "end": {
            "line": 38,
            "column": 3
          }
        },
        "line": 27
      },
      "4": {
        "name": "(anonymous_4)",
        "decl": {
          "start": {
            "line": 28,
            "column": 48
          },
          "end": {
            "line": 28,
            "column": 49
          }
        },
        "loc": {
          "start": {
            "line": 28,
            "column": 59
          },
          "end": {
            "line": 30,
            "column": 5
          }
        },
        "line": 28
      },
      "5": {
        "name": "(anonymous_5)",
        "decl": {
          "start": {
            "line": 31,
            "column": 50
          },
          "end": {
            "line": 31,
            "column": 51
          }
        },
        "loc": {
          "start": {
            "line": 31,
            "column": 74
          },
          "end": {
            "line": 34,
            "column": 5
          }
        },
        "line": 31
      },
      "6": {
        "name": "(anonymous_6)",
        "decl": {
          "start": {
            "line": 35,
            "column": 49
          },
          "end": {
            "line": 35,
            "column": 50
          }
        },
        "loc": {
          "start": {
            "line": 35,
            "column": 60
          },
          "end": {
            "line": 37,
            "column": 5
          }
        },
        "line": 35
      },
      "7": {
        "name": "(anonymous_7)",
        "decl": {
          "start": {
            "line": 44,
            "column": 17
          },
          "end": {
            "line": 44,
            "column": 18
          }
        },
        "loc": {
          "start": {
            "line": 44,
            "column": 30
          },
          "end": {
            "line": 55,
            "column": 3
          }
        },
        "line": 44
      },
      "8": {
        "name": "(anonymous_8)",
        "decl": {
          "start": {
            "line": 45,
            "column": 44
          },
          "end": {
            "line": 45,
            "column": 45
          }
        },
        "loc": {
          "start": {
            "line": 45,
            "column": 55
          },
          "end": {
            "line": 47,
            "column": 5
          }
        },
        "line": 45
      },
      "9": {
        "name": "(anonymous_9)",
        "decl": {
          "start": {
            "line": 48,
            "column": 46
          },
          "end": {
            "line": 48,
            "column": 47
          }
        },
        "loc": {
          "start": {
            "line": 48,
            "column": 70
          },
          "end": {
            "line": 51,
            "column": 5
          }
        },
        "line": 48
      },
      "10": {
        "name": "(anonymous_10)",
        "decl": {
          "start": {
            "line": 52,
            "column": 45
          },
          "end": {
            "line": 52,
            "column": 46
          }
        },
        "loc": {
          "start": {
            "line": 52,
            "column": 56
          },
          "end": {
            "line": 54,
            "column": 5
          }
        },
        "line": 52
      },
      "11": {
        "name": "fetchBySearch",
        "decl": {
          "start": {
            "line": 57,
            "column": 15
          },
          "end": {
            "line": 57,
            "column": 28
          }
        },
        "loc": {
          "start": {
            "line": 57,
            "column": 42
          },
          "end": {
            "line": 61,
            "column": 1
          }
        },
        "line": 57
      },
      "12": {
        "name": "(anonymous_12)",
        "decl": {
          "start": {
            "line": 60,
            "column": 9
          },
          "end": {
            "line": 60,
            "column": 10
          }
        },
        "loc": {
          "start": {
            "line": 60,
            "column": 18
          },
          "end": {
            "line": 60,
            "column": 28
          }
        },
        "line": 60
      },
      "13": {
        "name": "fetchById",
        "decl": {
          "start": {
            "line": 62,
            "column": 15
          },
          "end": {
            "line": 62,
            "column": 24
          }
        },
        "loc": {
          "start": {
            "line": 62,
            "column": 29
          },
          "end": {
            "line": 66,
            "column": 1
          }
        },
        "line": 62
      },
      "14": {
        "name": "(anonymous_14)",
        "decl": {
          "start": {
            "line": 65,
            "column": 9
          },
          "end": {
            "line": 65,
            "column": 10
          }
        },
        "loc": {
          "start": {
            "line": 65,
            "column": 18
          },
          "end": {
            "line": 65,
            "column": 28
          }
        },
        "line": 65
      }
    },
    "branchMap": {},
    "s": {
      "0": 6,
      "1": 6,
      "2": 6,
      "3": 6,
      "4": 2,
      "5": 0,
      "6": 7,
      "7": 2,
      "8": 6,
      "9": 0,
      "10": 0,
      "11": 6,
      "12": 6,
      "13": 7,
      "14": 6,
      "15": 2,
      "16": 2,
      "17": 6,
      "18": 0,
      "19": 6,
      "20": 6,
      "21": 2,
      "22": 6,
      "23": 0,
      "24": 0,
      "25": 6,
      "26": 0,
      "27": 7,
      "28": 3,
      "29": 2,
      "30": 0,
      "31": 6,
      "32": 6
    },
    "f": {
      "0": 2,
      "1": 7,
      "2": 0,
      "3": 6,
      "4": 7,
      "5": 2,
      "6": 0,
      "7": 6,
      "8": 2,
      "9": 0,
      "10": 0,
      "11": 7,
      "12": 3,
      "13": 2,
      "14": 0
    },
    "b": {},
    "inputSourceMap": {
      "version": 3,
      "sources": [
        "D:/react-work/react-rs/react-components/src/api/flickrApiThunks.ts"
      ],
      "mappings": "AAAA,SAAS,kBAAkB,mBAAmB;AAa9C,MAAM,eAAe;AAAA,EACnB,UAAU,CAAC;AAAA,EACX,SAAS;AACX;AAEA,MAAM,oBAAoB;AAAA,EACxB,UAAU,CAAC;AAAA,EACX,SAAS;AACX;AAEA,MAAM,qBAAqB,iBAAiB,6BAA6B,iBAAiB;AAE1F,MAAM,iBAAiB,iBAAiB,sBAAsB,OAAO,OAAe;AAClF,QAAM,MAAM,MAAM,UAAU,EAAE;AAC9B,SAAO;AACT,CAAC;AAED,eAAe,kBAAkB,aAAqB;AACpD,QAAM,MAAM,MAAM,cAAc,WAAW;AAC3C,SAAO;AACT;AAEO,aAAM,yBAAyB,OAAO,aAAmD;AAC9F,QAAM,OAAO,MAAM,kBAAkB,KAAK;AAC1C,WAAS,IAAI;AACf;AAEO,aAAM,cAAc,YAAY;AAAA,EACrC,MAAM;AAAA,EACN;AAAA,EACA,UAAU,CAAC;AAAA,EACX,eAAe,CAAC,YAAY;AAC1B,YAAQ,QAAQ,mBAAmB,SAAS,CAAC,UAAU;AACrD,YAAM,UAAU;AAAA,IAClB,CAAC;AACD,YAAQ,QAAQ,mBAAmB,WAAW,CAAC,OAAO,EAAE,QAAQ,MAAM;AACpE,YAAM,UAAU;AAChB,YAAM,WAAW;AAAA,IACnB,CAAC;AACD,YAAQ,QAAQ,mBAAmB,UAAU,CAAC,UAAU;AACtD,YAAM,UAAU;AAAA,IAClB,CAAC;AAAA,EACH;AACF,CAAC;AAEM,aAAM,iBAAiB,YAAY;AAAA,EACxC,MAAM;AAAA,EACN,cAAc;AAAA,EACd,UAAU,CAAC;AAAA,EACX,eAAe,CAAC,YAAY;AAC1B,YAAQ,QAAQ,eAAe,SAAS,CAAC,UAAU;AACjD,YAAM,UAAU;AAAA,IAClB,CAAC;AACD,YAAQ,QAAQ,eAAe,WAAW,CAAC,OAAO,EAAE,QAAQ,MAAM;AAChE,YAAM,UAAU;AAChB,YAAM,WAAW;AAAA,IACnB,CAAC;AACD,YAAQ,QAAQ,eAAe,UAAU,CAAC,UAAU;AAClD,YAAM,UAAU;AAAA,IAClB,CAAC;AAAA,EACH;AACF,CAAC;AAED,eAAe,cAAc,aAAqB;AAChD,SAAO;AAAA,IACL,mHAAmH;AAAA,EACrH,EAAE,KAAK,CAAC,QAAQ,IAAI,KAAK,CAAC;AAC5B;AAEA,eAAe,UAAU,IAAY;AACnC,SAAO;AAAA,IACL,wHAAwH;AAAA,EAC1H,EAAE,KAAK,CAAC,QAAQ,IAAI,KAAK,CAAC;AAC5B;AAEA,SAAS,oBAAoB;AACtB,aAAM,qBAAqB,YAAY;AACvC,aAAM,mBAAmB,eAAe;",
      "names": []
    },
    "_coverageSchema": "1a1c01bbd47fc00a2c39e90264f33305004495a9",
    "hash": "fe96039d95020618967f5e1408a9c0ea7f7eebbf"
  },
  "D:/react-work/react-rs/react-components/src/store/rootReducer.ts": {
    "path": "D:/react-work/react-rs/react-components/src/store/rootReducer.ts",
    "statementMap": {
      "0": {
        "start": {
          "line": 6,
          "column": 20
        },
        "end": {
          "line": 12,
          "column": 2
        }
      }
    },
    "fnMap": {},
    "branchMap": {},
    "s": {
      "0": 6
    },
    "f": {},
    "b": {},
    "inputSourceMap": {
      "version": 3,
      "sources": [
        "D:/react-work/react-rs/react-components/src/store/rootReducer.ts"
      ],
      "mappings": "AAAA,SAAS,uBAAuB;AAChC,OAAO,mBAAmB;AAC1B,SAAS,uBAAuB;AAChC,SAAS,wBAAwB;AACjC,SAAS,kBAAkB,0BAA0B;AAGrD,MAAM,cAAc,gBAAgB;AAAA,EAClC,QAAQ;AAAA,EACR,WAAW;AAAA,EACX,UAAU;AAAA,EACV,aAAa;AAAA,EACb,gBAAgB;AAClB,CAAC;AAED,eAAe;",
      "names": []
    },
    "_coverageSchema": "1a1c01bbd47fc00a2c39e90264f33305004495a9",
    "hash": "ef7902b36ed1883818b06c67bddbdfa855f84da3"
  },
  "D:/react-work/react-rs/react-components/src/store/store.ts": {
    "path": "D:/react-work/react-rs/react-components/src/store/store.ts",
    "statementMap": {
      "0": {
        "start": {
          "line": 5,
          "column": 44
        },
        "end": {
          "line": 5,
          "column": 76
        }
      },
      "1": {
        "start": {
          "line": 6,
          "column": 27
        },
        "end": {
          "line": 12,
          "column": 1
        }
      },
      "2": {
        "start": {
          "line": 7,
          "column": 2
        },
        "end": {
          "line": 11,
          "column": 5
        }
      },
      "3": {
        "start": {
          "line": 10,
          "column": 42
        },
        "end": {
          "line": 10,
          "column": 88
        }
      },
      "4": {
        "start": {
          "line": 13,
          "column": 30
        },
        "end": {
          "line": 13,
          "column": 49
        }
      },
      "5": {
        "start": {
          "line": 13,
          "column": 36
        },
        "end": {
          "line": 13,
          "column": 49
        }
      },
      "6": {
        "start": {
          "line": 14,
          "column": 30
        },
        "end": {
          "line": 14,
          "column": 41
        }
      }
    },
    "fnMap": {
      "0": {
        "name": "(anonymous_0)",
        "decl": {
          "start": {
            "line": 6,
            "column": 27
          },
          "end": {
            "line": 6,
            "column": 28
          }
        },
        "loc": {
          "start": {
            "line": 6,
            "column": 47
          },
          "end": {
            "line": 12,
            "column": 1
          }
        },
        "line": 6
      },
      "1": {
        "name": "(anonymous_1)",
        "decl": {
          "start": {
            "line": 10,
            "column": 16
          },
          "end": {
            "line": 10,
            "column": 17
          }
        },
        "loc": {
          "start": {
            "line": 10,
            "column": 42
          },
          "end": {
            "line": 10,
            "column": 88
          }
        },
        "line": 10
      },
      "2": {
        "name": "(anonymous_2)",
        "decl": {
          "start": {
            "line": 13,
            "column": 30
          },
          "end": {
            "line": 13,
            "column": 31
          }
        },
        "loc": {
          "start": {
            "line": 13,
            "column": 36
          },
          "end": {
            "line": 13,
            "column": 49
          }
        },
        "line": 13
      }
    },
    "branchMap": {
      "0": {
        "loc": {
          "start": {
            "line": 5,
            "column": 44
          },
          "end": {
            "line": 5,
            "column": 76
          }
        },
        "type": "binary-expr",
        "locations": [
          {
            "start": {
              "line": 5,
              "column": 44
            },
            "end": {
              "line": 5,
              "column": 62
            }
          },
          {
            "start": {
              "line": 5,
              "column": 66
            },
            "end": {
              "line": 5,
              "column": 76
            }
          }
        ],
        "line": 5
      }
    },
    "s": {
      "0": 6,
      "1": 6,
      "2": 6,
      "3": 6,
      "4": 6,
      "5": 38,
      "6": 6
    },
    "f": {
      "0": 6,
      "1": 6,
      "2": 38
    },
    "b": {
      "0": [
        6,
        6
      ]
    },
    "inputSourceMap": {
      "version": 3,
      "sources": [
        "D:/react-work/react-rs/react-components/src/store/store.ts"
      ],
      "mappings": "AAAA,OAAO,qBAAqB;AAC5B,SAA+B,aAAa,mBAAmB;AAC/D,OAAO,iBAAiB;AAExB,YAAY,gBAAgB;AAG5B,MAAM,EAAE,gBAAgB,gBAAgB,IAAM,WAA8B,WAC1E;AAEK,aAAM,cAAc,CAAC,mBAA+C;AACzE,SAAO,eAAe;AAAA,IACpB,SAAS;AAAA,IACT;AAAA,IACA,YAAY,CAAC,yBAAyB,qBAAqB,EAAE,OAAO,eAAe;AAAA,EACrF,CAAC;AACH;AAKO,aAAM,iBAAiB,MAAM,YAAyB;AACtD,aAAM,iBAAkD;",
      "names": []
    },
    "_coverageSchema": "1a1c01bbd47fc00a2c39e90264f33305004495a9",
    "hash": "3e76e2bab35a5b4746c0d61e17ee1f578759e089"
  },
  "D:/react-work/react-rs/react-components/src/components/modal-components/cardModalFill.tsx": {
    "path": "D:/react-work/react-rs/react-components/src/components/modal-components/cardModalFill.tsx",
    "statementMap": {
      "0": {
        "start": {
          "line": 5,
          "column": 0
        },
        "end": {
          "line": 15,
          "column": 1
        }
      },
      "1": {
        "start": {
          "line": 6,
          "column": 2
        },
        "end": {
          "line": 8,
          "column": 3
        }
      },
      "2": {
        "start": {
          "line": 7,
          "column": 4
        },
        "end": {
          "line": 7,
          "column": 165
        }
      },
      "3": {
        "start": {
          "line": 9,
          "column": 2
        },
        "end": {
          "line": 9,
          "column": 39
        }
      },
      "4": {
        "start": {
          "line": 10,
          "column": 2
        },
        "end": {
          "line": 10,
          "column": 39
        }
      },
      "5": {
        "start": {
          "line": 11,
          "column": 2
        },
        "end": {
          "line": 13,
          "column": 4
        }
      },
      "6": {
        "start": {
          "line": 12,
          "column": 4
        },
        "end": {
          "line": 12,
          "column": 133
        }
      },
      "7": {
        "start": {
          "line": 14,
          "column": 2
        },
        "end": {
          "line": 14,
          "column": 75
        }
      },
      "8": {
        "start": {
          "line": 16,
          "column": 9
        },
        "end": {
          "line": 16,
          "column": 23
        }
      },
      "9": {
        "start": {
          "line": 24,
          "column": 2
        },
        "end": {
          "line": 24,
          "column": 7
        }
      },
      "10": {
        "start": {
          "line": 25,
          "column": 19
        },
        "end": {
          "line": 25,
          "column": 35
        }
      },
      "11": {
        "start": {
          "line": 29,
          "column": 6
        },
        "end": {
          "line": 29,
          "column": 53
        }
      },
      "12": {
        "start": {
          "line": 29,
          "column": 32
        },
        "end": {
          "line": 29,
          "column": 52
        }
      },
      "13": {
        "start": {
          "line": 30,
          "column": 2
        },
        "end": {
          "line": 32,
          "column": 27
        }
      },
      "14": {
        "start": {
          "line": 31,
          "column": 4
        },
        "end": {
          "line": 31,
          "column": 56
        }
      },
      "15": {
        "start": {
          "line": 34,
          "column": 2
        },
        "end": {
          "line": 98,
          "column": 3
        }
      },
      "16": {
        "start": {
          "line": 35,
          "column": 4
        },
        "end": {
          "line": 39,
          "column": 13
        }
      },
      "17": {
        "start": {
          "line": 40,
          "column": 9
        },
        "end": {
          "line": 98,
          "column": 3
        }
      },
      "18": {
        "start": {
          "line": 41,
          "column": 4
        },
        "end": {
          "line": 87,
          "column": 13
        }
      },
      "19": {
        "start": {
          "line": 73,
          "column": 120
        },
        "end": {
          "line": 73,
          "column": 128
        }
      },
      "20": {
        "start": {
          "line": 88,
          "column": 9
        },
        "end": {
          "line": 98,
          "column": 3
        }
      },
      "21": {
        "start": {
          "line": 89,
          "column": 4
        },
        "end": {
          "line": 97,
          "column": 13
        }
      },
      "22": {
        "start": {
          "line": 99,
          "column": 2
        },
        "end": {
          "line": 99,
          "column": 17
        }
      },
      "23": {
        "start": {
          "line": 101,
          "column": 0
        },
        "end": {
          "line": 103,
          "column": 3
        }
      },
      "24": {
[...]
          "start": {
            "line": 28,
            "column": 20
          },
          "end": {
            "line": 161,
            "column": 1
          }
        },
        "line": 28
      },
      "2": {
        "name": "(anonymous_2)",
        "decl": {
          "start": {
            "line": 51,
            "column": 31
          },
          "end": {
            "line": 51,
            "column": 32
          }
        },
        "loc": {
          "start": {
            "line": 51,
            "column": 42
          },
          "end": {
            "line": 51,
            "column": 56
          }
        },
        "line": 51
      },
      "3": {
        "name": "onSubmit",
        "decl": {
          "start": {
            "line": 53,
            "column": 11
          },
          "end": {
            "line": 53,
            "column": 19
          }
        },
        "loc": {
          "start": {
            "line": 53,
            "column": 26
          },
          "end": {
            "line": 62,
            "column": 3
          }
        },
        "line": 53
      },
      "4": {
        "name": "createCards",
        "decl": {
          "start": {
            "line": 63,
            "column": 11
          },
          "end": {
            "line": 63,
            "column": 22
          }
        },
        "loc": {
          "start": {
            "line": 63,
            "column": 33
          },
          "end": {
            "line": 76,
            "column": 3
          }
        },
        "line": 63
      },
      "5": {
        "name": "showValidationMessage",
        "decl": {
          "start": {
            "line": 77,
            "column": 11
          },
          "end": {
            "line": 77,
            "column": 32
          }
        },
        "loc": {
          "start": {
            "line": 77,
            "column": 52
          },
          "end": {
            "line": 79,
            "column": 3
          }
        },
        "line": 77
      },
      "6": {
        "name": "showMessage",
        "decl": {
          "start": {
            "line": 80,
            "column": 11
          },
          "end": {
            "line": 80,
            "column": 22
          }
        },
        "loc": {
          "start": {
            "line": 80,
            "column": 25
          },
          "end": {
            "line": 82,
            "column": 3
          }
        },
        "line": 80
      },
      "7": {
        "name": "hideMessage",
        "decl": {
          "start": {
            "line": 83,
            "column": 11
          },
          "end": {
            "line": 83,
            "column": 22
          }
        },
        "loc": {
          "start": {
            "line": 83,
            "column": 25
          },
          "end": {
            "line": 85,
            "column": 3
          }
        },
        "line": 83
      },
      "8": {
        "name": "(anonymous_8)",
        "decl": {
          "start": {
            "line": 140,
            "column": 89
          },
          "end": {
            "line": 140,
            "column": 90
          }
        },
        "loc": {
          "start": {
            "line": 140,
            "column": 104
          },
          "end": {
            "line": 146,
            "column": 5
          }
        },
        "line": 140
      },
      "9": {
        "name": "(anonymous_9)",
        "decl": {
          "start": {
            "line": 162,
            "column": 52
          },
          "end": {
            "line": 162,
            "column": 53
          }
        },
        "loc": {
          "start": {
            "line": 162,
            "column": 63
          },
          "end": {
            "line": 164,
            "column": 1
          }
        },
        "line": 162
      },
      "10": {
        "name": "(anonymous_10)",
        "decl": {
          "start": {
            "line": 175,
            "column": 9
          },
          "end": {
            "line": 175,
            "column": 10
          }
        },
        "loc": {
          "start": {
            "line": 175,
            "column": 29
          },
          "end": {
            "line": 184,
            "column": 3
          }
        },
        "line": 175
      },
      "11": {
        "name": "(anonymous_11)",
        "decl": {
          "start": {
            "line": 177,
            "column": 27
          },
          "end": {
            "line": 177,
            "column": 28
          }
        },
        "loc": {
          "start": {
            "line": 177,
            "column": 44
          },
          "end": {
            "line": 183,
            "column": 5
          }
        },
        "line": 177
      }
    },
    "branchMap": {
      "0": {
        "loc": {
          "start": {
            "line": 5,
            "column": 0
          },
          "end": {
            "line": 15,
            "column": 1
          }
        },
        "type": "if",
        "locations": [
          {
            "start": {
              "line": 5,
              "column": 0
            },
            "end": {
              "line": 15,
              "column": 1
            }
          },
          {
            "start": {},
            "end": {}
          }
        ],
        "line": 5
      },
      "1": {
        "loc": {
          "start": {
            "line": 6,
            "column": 2
          },
          "end": {
            "line": 8,
            "column": 3
          }
        },
        "type": "if",
        "locations": [
          {
            "start": {
              "line": 6,
              "column": 2
            },
            "end": {
              "line": 8,
              "column": 3
            }
          },
          {
            "start": {},
            "end": {}
          }
        ],
        "line": 6
      },
      "2": {
        "loc": {
          "start": {
            "line": 55,
            "column": 4
          },
          "end": {
            "line": 61,
            "column": 5
          }
        },
        "type": "if",
        "locations": [
          {
            "start": {
              "line": 55,
              "column": 4
            },
            "end": {
              "line": 61,
              "column": 5
            }
          },
          {
            "start": {
              "line": 59,
              "column": 11
            },
            "end": {
              "line": 61,
              "column": 5
            }
          }
        ],
        "line": 55
      },
      "3": {
        "loc": {
          "start": {
            "line": 169,
            "column": 0
          },
          "end": {
            "line": 185,
            "column": 1
          }
        },
        "type": "if",
        "locations": [
          {
            "start": {
              "line": 169,
              "column": 0
            },
            "end": {
              "line": 185,
              "column": 1
            }
          },
          {
            "start": {},
            "end": {}
          }
        ],
        "line": 169
      },
      "4": {
        "loc": {
          "start": {
            "line": 178,
            "column": 6
          },
          "end": {
            "line": 179,
            "column": 15
          }
        },
        "type": "if",
        "locations": [
          {
            "start": {
              "line": 178,
              "column": 6
            },
            "end": {
              "line": 179,
              "column": 15
            }
          },
          {
            "start": {},
            "end": {}
          }
        ],
        "line": 178
      },
      "5": {
        "loc": {
          "start": {
            "line": 181,
            "column": 6
          },
          "end": {
            "line": 182,
            "column": 54
          }
        },
        "type": "if",
        "locations": [
          {
            "start": {
              "line": 181,
              "column": 6
            },
            "end": {
              "line": 182,
              "column": 54
            }
          },
          {
            "start": {},
            "end": {}
          }
        ],
        "line": 181
      }
    },
    "s": {
      "0": 6,
      "1": 6,
      "2": 0,
      "3": 6,
      "4": 6,
      "5": 6,
      "6": 6,
      "7": 6,
      "8": 6,
      "9": 26,
      "10": 26,
      "11": 26,
      "12": 26,
      "13": 26,
      "14": 26,
      "15": 28,
      "16": 26,
      "17": 4,
      "18": 4,
      "19": 2,
      "20": 2,
      "21": 2,
      "22": 2,
      "23": 2,
      "24": 2,
      "25": 2,
      "26": 4,
      "27": 2,
      "28": 2,
      "29": 26,
      "30": 12,
      "31": 6,
      "32": 5,
      "33": 6,
      "34": 6,
      "35": 6,
      "36": 6,
      "37": 6,
      "38": 6,
      "39": 6,
      "40": 6,
      "41": 0,
      "42": 0,
      "43": 0,
      "44": 0,
      "45": 0
    },
    "f": {
      "0": 6,
      "1": 26,
      "2": 28,
      "3": 4,
      "4": 2,
      "5": 4,
      "6": 2,
      "7": 2,
      "8": 12,
      "9": 5,
      "10": 6,
      "11": 0
    },
    "b": {
      "0": [
        6,
        0
      ],
      "1": [
        0,
        6
      ],
      "2": [
        2,
        2
      ],
      "3": [
        6,
        0
      ],
      "4": [
        0,
        0
      ],
      "5": [
        0,
        0
      ]
    },
    "inputSourceMap": {
      "version": 3,
      "mappings": "AAwEQ;;;;;;;;;;;;;;;;AAxER,OAAO;AACP,SAAsBA,eAAe;AACrC,OAAOC,kBAAkB;AACzB,OAAOC,mBAAmB;AAC1B,OAAOC,gBAAgB;AACvB,OAAOC,mBAAmB;AAC1B,SAASC,gBAAgB;AAEzB,OAAOC,oBAAoB;AAC3B,OAAOC,WAAW;AAClB,OAAOC,UAAU;AACjB,SAASC,aAAaC,mBAAmB;AAEzC,SAASC,WAAW;AAAAC;AAClB,QAAM;AAAA,IAAEC;AAAAA,IAAUC;AAAAA,IAAcC;AAAAA,EAAM,IAAIf,QAAqB;AAAA,IAC7DgB,eAAe;AAAA,MACbC,MAAM;AAAA,MACNC,MAAM;AAAA,MACNC,OAAO;AAAA,MACPC,KAAK;AAAA,MACLC,MAAM;AAAA,IACR;AAAA,EACF,CAAC;AACD,QAAM,CAACC,WAAWC,YAAY,IAAIlB,SAAS,KAAK;AAChD,QAAM,CAACmB,mBAAmBC,oBAAoB,IAAIpB,SAA6B;AAAA,IAC7EqB,WAAW;AAAA,IACXC,WAAW;AAAA,IACXC,eAAe;AAAA,IACfC,WAAW;AAAA,EACb,CAAC;AACD,QAAMC,WAAWrB,YAAW;AAC5B,QAAMsB,WAAWrB,YAAY,CAACsB,UAAkBA,MAAMD,QAAQ;AAC9D,QAAME,iBAAiB,IAAI3B,eAAc;AAEzC,WAAS4B,SAASC,MAAmB;AACnC,UAAMC,mBAAmBH,eAAeI,eAAeF,IAAa;AACpE,QAAIC,iBAAiBE,OAAO;AAC1BC,4BAAsBH,iBAAiBI,OAAO;AAC9CC,kBAAYN,IAAa;AACzBpB,YAAK;AAAA,IACP,OAAO;AACLwB,4BAAsBH,iBAAiBI,OAAO;AAAA,IAChD;AAAA,EACF;AAEA,WAASC,YAAYC,UAAiB;AACpC,UAAMX,YAAW;AAAA,MACf,GAAGW;AAAAA,MACHC,MAAMC,IAAIC,gBAAgBH,SAASC,KAAK,CAAC,CAAC;AAAA,MAC1CG,QAAQ;AAAA,MACRC,OAAO;AAAA,MACPC,OAAO;AAAA,IACT;AACAC,gBAAW;AACXnB,aAAS;AAAA,MAAEoB,MAAM;AAAA,MAAoBC,SAASpB;AAAAA,IAAS,CAAC;AAAA,EAC1D;AAEA,WAASQ,sBAAsBa,mBAAuC;AACpE3B,yBAAqB2B,iBAAiB;AAAA,EACxC;AAEA,WAASH,cAAc;AACrB1B,iBAAa,IAAI;AAAA,EACnB;AAEA,WAAS8B,cAAc;AACrB9B,iBAAa,KAAK;AAAA,EACpB;AAEA,SACE,uBAAC,SAAI,WAAU,8BAA6B,eAAY,kBACtD;AAAA,2BAAC,UAAK,UAAUT,aAAaoB,QAAQ,GAAG,WAAU,oBAChD;AAAA,6BAAC,gBACC,MAAK,QACL,OAAM,oBACN,mBAAmB;AAAA,QACjBoB,gBAAgB;AAAA,QAChBC,gBAAgB/B,kBAAkBE;AAAAA,MACpC,GACA,UACA,MAAK,QACL,WAAU,gBATZ;AAAA;AAAA;AAAA;AAAA,aASwB;AAAA,MAExB,uBAAC,gBACC,MAAK,QACL,OAAM,kBACN,mBAAmB;AAAA,QACjB4B,gBAAgB;AAAA,QAChBC,gBAAgB/B,kBAAkBG;AAAAA,MACpC,GACA,UACA,MAAK,QACL,WAAU,gBATZ;AAAA;AAAA;AAAA;AAAA,aASwB;AAAA,MAExB,uBAAC,iBACC,MAAK,SACL,OAAM,iBACN,UACA,MAAK,UACL,WAAU,gBALZ;AAAA;AAAA;AAAA;AAAA,aAKwB;AAAA,MAExB,uBAAC,iBACC,UACA,MAAK,QACL,OAAM,uBACN,mBAAmB;AAAA,QACjB2B,gBAAgB;AAAA,QAChBC,gBAAgB/B,kBAAkBI;AAAAA,MACpC,KAPF;AAAA;AAAA;AAAA;AAAA,aAOI;AAAA,MAEJ,uBAAC,cAAW,UAAoB,MAAK,OAAM,OAAM,UAAjD;AAAA;AAAA;AAAA;AAAA,aAAuD;AAAA,MACvD,uBAAC,gBACC,MAAK,QACL,OAAM,iBACN,mBAAmB;AAAA,QACjB0B,gBAAgB;AAAA,QAChBC,gBAAgB/B,kBAAkBK;AAAAA,MACpC,GACA,UACA,MAAK,QACL,WAAU,qBATZ;AAAA;AAAA;AAAA;AAAA,aAS6B;AAAA,MAE7B,uBAAC,WAAM,MAAK,UAAS,OAAM,UAAS,WAAU,qBAA9C;AAAA;AAAA;AAAA;AAAA,aAA+D;AAAA,SAnDjE;AAAA;AAAA;AAAA;AAAA,WAoDA;AAAA,IACA,uBAAC,SAAI,WAAU,mBACZE,mBAASyB,IAAI,CAACC,MAAMC,QAAQ;AAC3B,aACE,uBAAC,QAEC,MAAMD,KAAKd,MACX,MAAMc,KAAKvC,MACX,KAAKuC,KAAKrC,KACV,OAAOqC,KAAKtC,OACZ,QAAO,SACP,MAAMsC,KAAKxC,MACX,OAAOwC,KAAKV,OACZ,OAAOU,KAAKT,OACZ,MAAMS,KAAKpC,QATNqC,KADP;AAAA;AAAA;AAAA;AAAA,aAUkB;AAAA,IAGtB,CAAC,KAhBH;AAAA;AAAA;AAAA;AAAA,WAiBA;AAAA,IACA,uBAAC,SAAM,MAAMpC,WAAW,aAAa+B,eAArC;AAAA;AAAA;AAAA;AAAA,WAAiD;AAAA,OAxEnD;AAAA;AAAA;AAAA;AAAA,SAyEA;AAEJ;AAACzC,GApIQD,UAAQ;AAAA,UAC2BX,SAgBzBS,aACAC,WAAW;AAAA;AAAAiD,KAlBrBhD;AAsIT,eAAeA;AAAS;AAAAiD",
      "names": [
        "useForm",
        "GeneralInput",
        "DropDownInput",
        "RadioInput",
        "CheckboxInput",
        "useState",
        "InputValidator",
        "Modal",
        "Card",
        "useDispatch",
        "useSelector",
        "FormPage",
        "_s",
        "register",
        "handleSubmit",
        "reset",
        "defaultValues",
        "name",
        "date",
        "breed",
        "sex",
        "tags",
        "modalShow",
        "setModalShow",
        "validationMessage",
        "setValidationMessage",
        "nameInput",
        "dateInput",
        "checkboxInput",
        "fileInput",
        "dispatch",
        "formData",
        "state",
        "inputValidator",
        "onSubmit",
        "data",
        "validationResult",
        "validateSubmit",
        "valid",
        "showValidationMessage",
        "details",
        "createCards",
        "cardData",
        "file",
        "URL",
        "createObjectURL",
        "author",
        "views",
        "likes",
        "showMessage",
        "type",
        "payload",
        "validationDetails",
        "hideMessage",
        "validationName",
        "validationData",
        "map",
        "item",
        "idx",
        "_c",
        "$RefreshReg$"
      ],
      "sources": [
        "D:/react-work/react-rs/react-components/src/routes/formPage.tsx"
      ],
      "file": "D:/react-work/react-rs/react-components/src/routes/formPage.tsx"
    },
    "_coverageSchema": "1a1c01bbd47fc00a2c39e90264f33305004495a9",
    "hash": "8beacc3d504473ccf8360dbae6cb9a88ce5724d6"
  },
  "D:/react-work/react-rs/react-components/src/App.tsx": {
    "path": "D:/react-work/react-rs/react-components/src/App.tsx",
    "statementMap": {
      "0": {
        "start": {
          "line": 12,
          "column": 4
        },
        "end": {
          "line": 68,
          "column": 13
        }
      }
    },
    "fnMap": {
      "0": {
        "name": "(anonymous_0)",
        "decl": {
          "start": {
            "line": 11,
            "column": 2
          },
          "end": {
            "line": 11,
            "column": 3
          }
        },
        "loc": {
          "start": {
            "line": 11,
            "column": 11
          },
          "end": {
            "line": 69,
            "column": 3
          }
        },
        "line": 11
      }
    },
    "branchMap": {},
    "s": {
      "0": 12
    },
    "f": {
      "0": 12
    },
    "b": {},
    "inputSourceMap": {
      "version": 3,
      "mappings": "AAaQ;AAbR,OAAOA,WAAW;AAClB,OAAO;AACP,OAAOC,YAAY;AACnB,SAASC,QAAQC,aAAa;AAC9B,OAAOC,cAAc;AACrB,OAAOC,eAAe;AACtB,OAAOC,aAAa;AACpB,OAAOC,cAAc;AAErB,MAAMC,YAAYR,MAAMS,UAAU;AAAA,EAChCC,SAAS;AACP,WACE,uBAAC,SAAI,WAAU,OACb;AAAA,6BAAC,YAAD;AAAA;AAAA;AAAA;AAAA,aAAQ;AAAA,MACR,uBAAC,SAAI,WAAU,cACb,iCAAC,UACC;AAAA,+BAAC,SAAM,MAAK,KAAI,SAAS,uBAAC,cAAD;AAAA;AAAA;AAAA;AAAA,eAAS,KAAlC;AAAA;AAAA;AAAA;AAAA,eAAuC;AAAA,QACvC,uBAAC,SAAM,MAAK,UAAS,SAAS,uBAAC,eAAD;AAAA;AAAA;AAAA;AAAA,eAAU,KAAxC;AAAA;AAAA;AAAA;AAAA,eAA4C;AAAA,QAC5C,uBAAC,SAAM,MAAK,SAAQ,SAAS,uBAAC,cAAD;AAAA;AAAA;AAAA;AAAA,eAAS,KAAtC;AAAA;AAAA;AAAA;AAAA,eAA0C;AAAA,QAC1C,uBAAC,SAAM,MAAK,KAAI,SAAS,uBAAC,aAAD;AAAA;AAAA;AAAA;AAAA,eAAQ,KAAjC;AAAA;AAAA;AAAA;AAAA,eAAqC;AAAA,WAJvC;AAAA;AAAA;AAAA;AAAA,aAKA,KANF;AAAA;AAAA;AAAA;AAAA,aAOA;AAAA,SATF;AAAA;AAAA;AAAA;AAAA,WAUA;AAAA,EAEJ;AACF;AAEA,eAAeF",
      "names": [
        "React",
        "Header",
        "Routes",
        "Route",
        "HomePage",
        "AboutPage",
        "Page404",
        "FormPage",
        "App",
        "Component",
        "render"
      ],
      "sources": [
        "D:/react-work/react-rs/react-components/src/App.tsx"
      ],
      "file": "D:/react-work/react-rs/react-components/src/App.tsx"
    },
    "_coverageSchema": "1a1c01bbd47fc00a2c39e90264f33305004495a9",
    "hash": "3ae81b4ebca485e433d47dd74d1f976837f739a5"
  },
  "D:/react-work/react-rs/react-components/src/entry-client.tsx": {
    "path": "D:/react-work/react-rs/react-components/src/entry-client.tsx",
    "statementMap": {
      "0": {
        "start": {
          "line": 10,
          "column": 14
        },
        "end": {
          "line": 10,
          "column": 53
        }
      },
      "1": {
        "start": {
          "line": 11,
          "column": 0
        },
        "end": {
          "line": 11,
          "column": 34
        }
      },
      "2": {
        "start": {
          "line": 12,
          "column": 0
        },
        "end": {
          "line": 28,
          "column": 10
        }
      }
    },
    "fnMap": {},
    "branchMap": {},
    "s": {
      "0": 6,
      "1": 6,
      "2": 6
    },
    "f": {},
    "b": {},
    "inputSourceMap": {
      "version": 3,
      "mappings": "AAuBQ;AAvBR,OAAOA,WAAW;AAClB,OAAO;AACP,OAAO;AACP,OAAOC,cAAc;AACrB,SAASC,gBAAgB;AACzB,SAASC,qBAAqB;AAC9B,OAAOC,SAAS;AAChB,SAASC,mBAA8B;AAQvC,MAAMC,QAAQD,YAAYE,OAAOC,mBAAmB;AACpD,OAAOD,OAAOC;AAEdP,SAASQ,YACPC,SAASC,eAAe,MAAM,GAC9B,uBAAC,MAAM,YAAN,EACC,iCAAC,YAAS,OACR,iCAAC,iBACC,iCAAC,SAAD;AAAA;AAAA;AAAA;AAAA,OAAI,KADN;AAAA;AAAA;AAAA;AAAA,OAEA,KAHF;AAAA;AAAA;AAAA;AAAA,OAIA,KALF;AAAA;AAAA;AAAA;AAAA,OAMA,CAAmB",
      "names": [
        "React",
        "ReactDOM",
        "Provider",
        "BrowserRouter",
        "App",
        "createStore",
        "store",
        "window",
        "__PRELOADED_STATE__",
        "hydrateRoot",
        "document",
        "getElementById"
      ],
      "sources": [
        "D:/react-work/react-rs/react-components/src/entry-client.tsx"
      ],
      "file": "D:/react-work/react-rs/react-components/src/entry-client.tsx"
    },
    "_coverageSchema": "1a1c01bbd47fc00a2c39e90264f33305004495a9",
    "hash": "8fa56878499655ddcf3667c52e2e650feb7354f9"
  },
  "D:/react-work/react-rs/react-components/src/api/createApi.ts": {
    "path": "D:/react-work/react-rs/react-components/src/api/createApi.ts",
    "statementMap": {},
    "fnMap": {},
    "branchMap": {},
    "s": {},
    "f": {},
    "b": {}
  },
  "D:/react-work/react-rs/react-components/src/api/flickrApi.ts": {
    "path": "D:/react-work/react-rs/react-components/src/api/flickrApi.ts",
    "statementMap": {},
    "fnMap": {},
    "branchMap": {},
    "s": {},
    "f": {},
    "b": {}
  },
  "D:/react-work/react-rs/react-components/src/assets/catData.ts": {
    "path": "D:/react-work/react-rs/react-components/src/assets/catData.ts",
    "statementMap": {},
    "fnMap": {},
    "branchMap": {},
    "s": {},
    "f": {},
    "b": {}
  },
  "D:/react-work/react-rs/react-components/src/types/constants.ts": {
    "path": "D:/react-work/react-rs/react-components/src/types/constants.ts",
    "statementMap": {},
    "fnMap": {},
    "branchMap": {},
    "s": {},
    "f": {},
    "b": {}
  },
  "D:/react-work/react-rs/react-components/src/types/interfaces.ts": {
    "path": "D:/react-work/react-rs/react-components/src/types/interfaces.ts",
    "statementMap": {},
    "fnMap": {},
    "branchMap": {},
    "s": {},
    "f": {},
    "b": {}
  },
  "D:/react-work/react-rs/react-components/src/entry-server.tsx": {
    "path": "D:/react-work/react-rs/react-components/src/entry-server.tsx",
    "statementMap": {},
    "fnMap": {},
    "branchMap": {},
    "s": {},
    "f": {},
    "b": {}
  },
  "D:/react-work/react-rs/react-components/src/Html.tsx": {
    "path": "D:/react-work/react-rs/react-components/src/Html.tsx",
    "statementMap": {},
    "fnMap": {},
    "branchMap": {},
    "s": {},
    "f": {},
    "b": {}
  }
}
