{
  "D:/REACTTEST1/react-rs/react-components/src/helpers/locationPrettifyer.ts": {
    "path": "D:/REACTTEST1/react-rs/react-components/src/helpers/locationPrettifyer.ts",
    "statementMap": {
      "0": {
        "start": {
          "line": 2,
          "column": 2
        },
        "end": {
          "line": 9,
          "column": 23
        }
      },
      "1": {
        "start": {
          "line": 3,
          "column": 4
        },
        "end": {
          "line": 3,
          "column": 18
        }
      },
      "2": {
        "start": {
          "line": 4,
          "column": 7
        },
        "end": {
          "line": 9,
          "column": 23
        }
      },
      "3": {
        "start": {
          "line": 5,
          "column": 4
        },
        "end": {
          "line": 5,
          "column": 19
        }
      },
      "4": {
        "start": {
          "line": 6,
          "column": 7
        },
        "end": {
          "line": 9,
          "column": 23
        }
      },
      "5": {
        "start": {
          "line": 7,
          "column": 4
        },
        "end": {
          "line": 7,
          "column": 18
        }
      },
      "6": {
        "start": {
          "line": 9,
          "column": 4
        },
        "end": {
          "line": 9,
          "column": 23
        }
      }
    },
    "fnMap": {
      "0": {
        "name": "PrettifyLocation",
        "decl": {
          "start": {
            "line": 1,
            "column": 9
          },
          "end": {
            "line": 1,
            "column": 25
          }
        },
        "loc": {
          "start": {
            "line": 1,
            "column": 32
          },
          "end": {
            "line": 10,
            "column": 1
          }
        },
        "line": 1
      }
    },
    "branchMap": {
      "0": {
        "loc": {
          "start": {
            "line": 2,
            "column": 2
          },
          "end": {
            "line": 9,
            "column": 23
          }
        },
        "type": "if",
        "locations": [
          {
            "start": {
              "line": 2,
              "column": 2
            },
            "end": {
              "line": 9,
              "column": 23
            }
          },
          {
            "start": {
              "line": 4,
              "column": 7
            },
            "end": {
              "line": 9,
              "column": 23
            }
          }
        ],
        "line": 2
      },
      "1": {
        "loc": {
          "start": {
            "line": 4,
            "column": 7
          },
          "end": {
            "line": 9,
            "column": 23
          }
        },
        "type": "if",
        "locations": [
          {
            "start": {
              "line": 4,
              "column": 7
            },
            "end": {
              "line": 9,
              "column": 23
            }
          },
          {
            "start": {
              "line": 6,
              "column": 7
            },
            "end": {
              "line": 9,
              "column": 23
            }
          }
        ],
        "line": 4
      },
      "2": {
        "loc": {
          "start": {
            "line": 6,
            "column": 7
          },
          "end": {
            "line": 9,
            "column": 23
          }
        },
        "type": "if",
        "locations": [
          {
            "start": {
              "line": 6,
              "column": 7
            },
            "end": {
              "line": 9,
              "column": 23
            }
          },
          {
            "start": {
              "line": 9,
              "column": 4
            },
            "end": {
              "line": 9,
              "column": 23
            }
          }
        ],
        "line": 6
      }
    },
    "s": {
      "0": 108,
      "1": 48,
      "2": 60,
      "3": 14,
      "4": 46,
      "5": 46,
      "6": 0
    },
    "f": {
      "0": 108
    },
    "b": {
      "0": [
        48,
        60
      ],
      "1": [
        14,
        46
      ],
      "2": [
        46,
        0
      ]
    },
    "inputSourceMap": {
      "version": 3,
      "sources": [
        "D:/REACTTEST1/react-rs/react-components/src/helpers/locationPrettifyer.ts"
      ],
      "mappings": "AAQA,SAAS,iBAAiB,MAAsB;AAC9C,MAAI,QAAQ;AAAK,WAAO;AAAA,WACf,QAAQ;AAAU,WAAO;AAAA,WACzB,QAAQ;AAAS,WAAO;AAAA;AAC5B,WAAO;AACd;AAEA,eAAe;",
      "names": []
    },
    "_coverageSchema": "1a1c01bbd47fc00a2c39e90264f33305004495a9",
    "hash": "375ed35b96ffb1a6e3ce158fa3e1340ce53e8f17"
  },
  "D:/REACTTEST1/react-rs/react-components/src/components/header.tsx": {
    "path": "D:/REACTTEST1/react-rs/react-components/src/components/header.tsx",
    "statementMap": {
      "0": {
        "start": {
          "line": 5,
          "column": 0
        },
        "end": {
          "line": 15,
          "column": 1
        }
      },
      "1": {
        "start": {
          "line": 6,
          "column": 2
        },
        "end": {
          "line": 8,
          "column": 3
        }
      },
      "2": {
        "start": {
          "line": 7,
          "column": 4
        },
        "end": {
          "line": 7,
          "column": 165
        }
      },
      "3": {
        "start": {
          "line": 9,
          "column": 2
        },
        "end": {
          "line": 9,
          "column": 39
        }
      },
      "4": {
        "start": {
          "line": 10,
          "column": 2
        },
        "end": {
          "line": 10,
          "column": 39
        }
      },
      "5": {
        "start": {
          "line": 11,
          "column": 2
        },
        "end": {
          "line": 13,
          "column": 4
        }
      },
      "6": {
        "start": {
          "line": 12,
          "column": 4
        },
        "end": {
          "line": 12,
          "column": 109
        }
      },
      "7": {
        "start": {
          "line": 14,
          "column": 2
        },
        "end": {
          "line": 14,
          "column": 75
        }
      },
      "8": {
        "start": {
          "line": 16,
          "column": 9
        },
        "end": {
          "line": 16,
          "column": 23
        }
      },
      "9": {
        "start": {
          "line": 21,
          "column": 2
        },
        "end": {
          "line": 21,
          "column": 7
        }
      },
      "10": {
        "start": {
          "line": 22,
          "column": 19
        },
        "end": {
          "line": 22,
          "column": 32
        }
      },
      "11": {
        "start": {
          "line": 23,
          "column": 2
        },
        "end": {
          "line": 70,
          "column": 11
        }
      },
      "12": {
        "start": {
          "line": 72,
          "column": 0
        },
        "end": {
          "line": 74,
          "column": 3
        }
      },
      "13": {
        "start": {
          "line": 73,
          "column": 2
        },
        "end": {
          "line": 73,
          "column": 23
        }
      },
      "14": {
        "start": {
          "line": 75,
          "column": 0
        },
        "end": {
          "line": 75,
          "column": 12
        }
      },
      "15": {
        "start": {
          "line": 78,
          "column": 0
        },
        "end": {
          "line": 78,
          "column": 27
        }
      },
      "16": {
        "start": {
          "line": 79,
          "column": 0
        },
        "end": {
          "line": 95,
          "column": 1
        }
      },
      "17": {
        "start": {
          "line": 80,
          "column": 2
        },
        "end": {
          "line": 80,
          "column": 39
        }
      },
      "18": {
        "start": {
          "line": 81,
          "column": 2
        },
        "end": {
          "line": 81,
          "column": 39
        }
      },
      "19": {
        "start": {
          "line": 82,
          "column": 2
        },
        "end": {
          "line": 94,
          "column": 5
        }
      },
      "20": {
        "start": {
          "line": 86,
          "column": 4
        },
        "end": {
          "line": 86,
          "column": 135
        }
      },
      "21": {
        "start": {
          "line": 87,
          "column": 4
        },
        "end": {
          "line": 93,
          "column": 7
        }
      },
      "22": {
        "start": {
          "line": 88,
          "column": 6
        },
        "end": {
          "line": 89,
          "column": 15
        }
      },
      "23": {
        "start": {
          "line": 89,
          "column": 8
        },
        "end": {
          "line": 89,
          "column": 15
        }
      },
      "24": {
        "start": {
          "line": 90,
          "column": 32
        },
        "end": {
          "line": 90,
          "column": 115
        }
      },
      "25": {
        "start": {
          "line": 91,
          "column": 6
        },
        "end": {
          "line": 92,
          "column": 54
        }
      },
      "26": {
        "start": {
          "line": 92,
          "column": 8
        },
        "end": {
          "line": 92,
          "column": 54
        }
      }
    },
    "fnMap": {
      "0": {
        "name": "(anonymous_0)",
        "decl": {
          "start": {
            "line": 11,
            "column": 24
          },
          "end": {
            "line": 11,
            "column": 25
          }
        },
        "loc": {
          "start": {
            "line": 11,
            "column": 38
          },
          "end": {
            "line": 13,
            "column": 3
          }
        },
        "line": 11
      },
      "1": {
        "name": "Header",
        "decl": {
          "start": {
            "line": 20,
            "column": 9
          },
          "end": {
            "line": 20,
            "column": 15
          }
        },
        "loc": {
          "start": {
            "line": 20,
            "column": 18
          },
          "end": {
            "line": 71,
            "column": 1
          }
        },
        "line": 20
      },
      "2": {
        "name": "(anonymous_2)",
        "decl": {
          "start": {
            "line": 72,
            "column": 50
          },
          "end": {
            "line": 72,
            "column": 51
          }
        },
        "loc": {
          "start": {
            "line": 72,
            "column": 61
          },
          "end": {
            "line": 74,
            "column": 1
          }
        },
        "line": 72
      },
      "3": {
        "name": "(anonymous_3)",
        "decl": {
          "start": {
            "line": 85,
            "column": 9
          },
          "end": {
            "line": 85,
            "column": 10
          }
        },
        "loc": {
          "start": {
            "line": 85,
            "column": 29
          },
          "end": {
            "line": 94,
            "column": 3
          }
        },
        "line": 85
      },
      "4": {
        "name": "(anonymous_4)",
        "decl": {
          "start": {
            "line": 87,
            "column": 27
          },
          "end": {
            "line": 87,
            "column": 28
          }
        },
        "loc": {
          "start": {
            "line": 87,
            "column": 44
          },
          "end": {
            "line": 93,
            "column": 5
          }
        },
        "line": 87
      }
    },
    "branchMap": {
      "0": {
        "loc": {
          "start": {
            "line": 5,
            "column": 0
          },
          "end": {
            "line": 15,
            "column": 1
          }
        },
        "type": "if",
        "locations": [
          {
            "start": {
              "line": 5,
              "column": 0
            },
            "end": {
              "line": 15,
              "column": 1
            }
          },
          {
            "start": {},
            "end": {}
          }
        ],
        "line": 5
      },
      "1": {
        "loc": {
          "start": {
            "line": 6,
            "column": 2
          },
          "end": {
            "line": 8,
            "column": 3
          }
        },
        "type": "if",
        "locations": [
          {
            "start": {
              "line": 6,
              "column": 2
            },
            "end": {
              "line": 8,
              "column": 3
            }
          },
          {
            "start": {},
            "end": {}
          }
        ],
        "line": 6
      },
      "2": {
        "loc": {
          "start": {
            "line": 79,
            "column": 0
          },
          "end": {
            "line": 95,
            "column": 1
          }
        },
        "type": "if",
        "locations": [
          {
            "start": {
              "line": 79,
              "column": 0
            },
            "end": {
              "line": 95,
              "column": 1
            }
          },
          {
            "start": {},
            "end": {}
          }
        ],
        "line": 79
      },
      "3": {
        "loc": {
          "start": {
            "line": 88,
            "column": 6
          },
          "end": {
            "line": 89,
            "column": 15
          }
        },
        "type": "if",
        "locations": [
          {
            "start": {
              "line": 88,
              "column": 6
            },
            "end": {
              "line": 89,
              "column": 15
            }
          },
          {
            "start": {},
            "end": {}
          }
        ],
        "line": 88
      },
      "4": {
        "loc": {
          "start": {
            "line": 91,
            "column": 6
          },
          "end": {
            "line": 92,
            "column": 54
          }
        },
        "type": "if",
        "locations": [
          {
            "start": {
              "line": 91,
              "column": 6
            },
            "end": {
              "line": 92,
              "column": 54
            }
          },
          {
            "start": {},
            "end": {}
          }
        ],
        "line": 91
      }
    },
    "s": {
      "0": 33,
      "1": 33,
      "2": 0,
      "3": 33,
      "4": 33,
      "5": 33,
      "6": 33,
      "7": 33,
      "8": 33,
      "9": 108,
      "10": 108,
      "11": 108,
      "12": 33,
      "13": 33,
      "14": 33,
      "15": 33,
      "16": 33,
      "17": 33,
      "18": 33,
      "19": 33,
      "20": 33,
      "21": 33,
      "22": 0,
      "23": 0,
      "24": 0,
      "25": 0,
      "26": 0
    },
    "f": {
      "0": 33,
      "1": 108,
      "2": 33,
      "3": 33,
      "4": 0
    },
    "b": {
      "0": [
        33,
        0
      ],
      "1": [
        0,
        33
      ],
      "2": [
        33,
        0
      ],
      "3": [
        0,
        0
      ],
      "4": [
        0,
        0
      ]
    },
    "inputSourceMap": {
      "version": 3,
      "mappings": "AAUQ;;;;;;;;;;;;;;;;AAVR,OAAOA,sBAAsB;AAC7B,SAASC,MAAMC,mBAAmB;AAClC,OAAO;AAEP,SAASC,SAAS;AAAAC;AAChB,QAAMC,WAAWH,YAAW;AAE5B,SACE,uBAAC,YAAO,WAAU,UAChB,iCAAC,SAAI,WAAU,oBACb;AAAA,2BAAC,OAAE,WAAU,mBAAkB,eAAY,iBACxCF,2BAAiBK,SAASC,QAAQ,KADrC;AAAA;AAAA;AAAA;AAAA,WAEA;AAAA,IACA,uBAAC,QAAG,WAAU,eACZ;AAAA,6BAAC,QAAG,WAAU,qBACZ,iCAAC,QAAK,IAAG,KAAI,eAAY,oBAAkB,oBAA3C;AAAA;AAAA;AAAA;AAAA,aAEA,KAHF;AAAA;AAAA;AAAA;AAAA,aAIA;AAAA,MACA,uBAAC,QAAG,WAAU,qBACZ,iCAAC,QAAK,IAAG,UAAS,eAAY,qBAAmB,qBAAjD;AAAA;AAAA;AAAA;AAAA,aAEA,KAHF;AAAA;AAAA;AAAA;AAAA,aAIA;AAAA,MACA,uBAAC,QAAG,WAAU,qBACZ,iCAAC,QAAK,IAAG,SAAQ,eAAY,oBAAkB,oBAA/C;AAAA;AAAA;AAAA;AAAA,aAEA,KAHF;AAAA;AAAA;AAAA;AAAA,aAIA;AAAA,SAfF;AAAA;AAAA;AAAA;AAAA,WAgBA;AAAA,OApBF;AAAA;AAAA;AAAA;AAAA,SAqBA,KAtBF;AAAA;AAAA;AAAA;AAAA,SAuBA;AAEJ;AAACF,GA7BQD,QAAM;AAAA,UACID,WAAW;AAAA;AAAAK,KADrBJ;AA+BT,eAAeA;AAAO;AAAAK",
      "names": [
        "PrettifyLocation",
        "Link",
        "useLocation",
        "Header",
        "_s",
        "location",
        "pathname",
        "_c",
        "$RefreshReg$"
      ],
      "sources": [
        "D:/REACTTEST1/react-rs/react-components/src/components/header.tsx"
      ],
      "file": "D:/REACTTEST1/react-rs/react-components/src/components/header.tsx"
    },
    "_coverageSchema": "1a1c01bbd47fc00a2c39e90264f33305004495a9",
    "hash": "78dfd7e049f314daff2434be4c0b7e4a91e50958"
  },
  "D:/REACTTEST1/react-rs/react-components/src/helpers/getCurrentDate.ts": {
    "path": "D:/REACTTEST1/react-rs/react-components/src/helpers/getCurrentDate.ts",
    "statementMap": {
      "0": {
        "start": {
          "line": 2,
          "column": 34
        },
        "end": {
          "line": 2,
          "column": 44
        }
      },
      "1": {
        "start": {
          "line": 3,
          "column": 15
        },
        "end": {
          "line": 3,
          "column": 32
        }
      },
      "2": {
        "start": {
          "line": 4,
          "column": 16
        },
        "end": {
          "line": 4,
          "column": 38
        }
      },
      "3": {
        "start": {
          "line": 5,
          "column": 15
        },
        "end": {
          "line": 5,
          "column": 36
        }
      },
      "4": {
        "start": {
          "line": 6,
          "column": 2
        },
        "end": {
          "line": 6,
          "column": 68
        }
      }
    },
    "fnMap": {
      "0": {
        "name": "getCurrentDate",
        "decl": {
          "start": {
            "line": 1,
            "column": 16
          },
          "end": {
            "line": 1,
            "column": 30
          }
        },
        "loc": {
          "start": {
            "line": 1,
            "column": 33
          },
          "end": {
            "line": 7,
            "column": 1
          }
        },
        "line": 1
      }
    },
    "branchMap": {
      "0": {
        "loc": {
          "start": {
            "line": 6,
            "column": 20
          },
          "end": {
            "line": 6,
            "column": 57
          }
        },
        "type": "cond-expr",
        "locations": [
          {
            "start": {
              "line": 6,
              "column": 33
            },
            "end": {
              "line": 6,
              "column": 44
            }
          },
          {
            "start": {
              "line": 6,
              "column": 47
            },
            "end": {
              "line": 6,
              "column": 57
            }
          }
        ],
        "line": 6
      }
    },
    "s": {
      "0": 1980,
      "1": 1980,
      "2": 1980,
      "3": 1980,
      "4": 1980
    },
    "f": {
      "0": 1980
    },
    "b": {
      "0": [
        1980,
        0
      ]
    },
    "inputSourceMap": {
      "version": 3,
      "sources": [
        "D:/REACTTEST1/react-rs/react-components/src/helpers/getCurrentDate.ts"
      ],
      "mappings": "AAMO,gBAAS,iBAAyB;AACvC,QAAM,UAAU,oBAAI,KAAK;AACzB,QAAM,OAAO,QAAQ,QAAQ;AAC7B,QAAM,QAAQ,QAAQ,SAAS,IAAI;AACnC,QAAM,OAAO,QAAQ,YAAY;AAEjC,SAAO,GAAG,QAAQ,QAAQ,KAAK,IAAI,UAAU,GAAG,WAAW;AAC7D;",
      "names": []
    },
    "_coverageSchema": "1a1c01bbd47fc00a2c39e90264f33305004495a9",
    "hash": "2e2002b03cc0382fa15885fc9747e23746e5faf3"
  },
  "D:/REACTTEST1/react-rs/react-components/src/helpers/protoResultsMapper.ts": {
    "path": "D:/REACTTEST1/react-rs/react-components/src/helpers/protoResultsMapper.ts",
    "statementMap": {
      "0": {
        "start": {
          "line": 2,
          "column": 2
        },
        "end": {
          "line": 2,
          "column": 103
        }
      }
    },
    "fnMap": {
      "0": {
        "name": "PhotoResultsMapper",
        "decl": {
          "start": {
            "line": 1,
            "column": 9
          },
          "end": {
            "line": 1,
            "column": 27
          }
        },
        "loc": {
          "start": {
            "line": 1,
            "column": 39
          },
          "end": {
            "line": 3,
            "column": 1
          }
        },
        "line": 1
      }
    },
    "branchMap": {},
    "s": {
      "0": 1980
    },
    "f": {
      "0": 1980
    },
    "b": {},
    "inputSourceMap": {
      "version": 3,
      "sources": [
        "D:/REACTTEST1/react-rs/react-components/src/helpers/protoResultsMapper.ts"
      ],
      "mappings": "AAUA,SAAS,mBAAmB,WAAwC;AAClE,SAAO,iCAAiC,UAAU,UAAU,UAAU,MAAM,UAAU;AACxF;AAEA,eAAe;",
      "names": []
    },
    "_coverageSchema": "1a1c01bbd47fc00a2c39e90264f33305004495a9",
    "hash": "1412bfb7a71584c6913483a6f1fba804deec15b4"
  },
  "D:/REACTTEST1/react-rs/react-components/src/components/card-components/cardBottomItem.tsx": {
    "path": "D:/REACTTEST1/react-rs/react-components/src/components/card-components/cardBottomItem.tsx",
    "statementMap": {
      "0": {
        "start": {
          "line": 5,
          "column": 0
        },
        "end": {
          "line": 15,
          "column": 1
        }
      },
      "1": {
        "start": {
          "line": 6,
          "column": 2
        },
        "end": {
          "line": 8,
          "column": 3
        }
      },
      "2": {
        "start": {
          "line": 7,
          "column": 4
        },
        "end": {
          "line": 7,
          "column": 165
        }
      },
      "3": {
        "start": {
          "line": 9,
          "column": 2
        },
        "end": {
          "line": 9,
          "column": 39
        }
      },
      "4": {
        "start": {
          "line": 10,
          "column": 2
        },
        "end": {
          "line": 10,
          "column": 39
        }
      },
      "5": {
        "start": {
          "line": 11,
          "column": 2
        },
        "end": {
          "line": 13,
          "column": 4
        }
      },
      "6": {
        "start": {
          "line": 12,
          "column": 4
        },
        "end": {
          "line": 12,
          "column": 133
        }
      },
      "7": {
        "start": {
          "line": 14,
          "column": 2
        },
        "end": {
          "line": 14,
          "column": 75
        }
      },
      "8": {
        "start": {
          "line": 19,
          "column": 2
        },
        "end": {
          "line": 56,
          "column": 11
        }
      },
      "9": {
        "start": {
          "line": 58,
          "column": 0
        },
        "end": {
          "line": 58,
          "column": 20
        }
      },
      "10": {
        "start": {
          "line": 61,
          "column": 0
        },
        "end": {
          "line": 61,
          "column": 35
        }
      },
      "11": {
        "start": {
          "line": 62,
          "column": 0
        },
        "end": {
          "line": 78,
          "column": 1
        }
      },
      "12": {
        "start": {
          "line": 63,
          "column": 2
        },
        "end": {
          "line": 63,
          "column": 39
        }
      },
      "13": {
        "start": {
          "line": 64,
          "column": 2
        },
        "end": {
          "line": 64,
          "column": 39
        }
      },
      "14": {
        "start": {
          "line": 65,
          "column": 2
        },
        "end": {
          "line": 77,
          "column": 5
        }
      },
      "15": {
        "start": {
          "line": 69,
          "column": 4
        },
        "end": {
          "line": 69,
          "column": 159
        }
      },
      "16": {
        "start": {
          "line": 70,
          "column": 4
        },
        "end": {
          "line": 76,
          "column": 7
        }
      },
      "17": {
        "start": {
          "line": 71,
          "column": 6
        },
        "end": {
          "line": 72,
          "column": 15
        }
      },
      "18": {
        "start": {
          "line": 72,
          "column": 8
        },
        "end": {
          "line": 72,
          "column": 15
        }
      },
      "19": {
        "start": {
          "line": 73,
          "column": 32
        },
        "end": {
          "line": 73,
          "column": 115
        }
      },
      "20": {
        "start": {
          "line": 74,
          "column": 6
        },
        "end": {
          "line": 75,
          "column": 54
        }
      },
      "21": {
        "start": {
          "line": 75,
          "column": 8
        },
        "end": {
          "line": 75,
          "column": 54
        }
      }
    },
    "fnMap": {
      "0": {
        "name": "(anonymous_0)",
        "decl": {
          "start": {
            "line": 11,
            "column": 24
          },
          "end": {
            "line": 11,
            "column": 25
          }
        },
        "loc": {
          "start": {
            "line": 11,
            "column": 38
          },
          "end": {
            "line": 13,
            "column": 3
          }
        },
        "line": 11
      },
      "1": {
        "name": "CardBottomItem",
        "decl": {
          "start": {
            "line": 18,
            "column": 9
          },
          "end": {
            "line": 18,
            "column": 23
          }
        },
        "loc": {
          "start": {
            "line": 18,
            "column": 31
          },
          "end": {
            "line": 57,
            "column": 1
          }
        },
        "line": 18
      },
      "2": {
        "name": "(anonymous_2)",
        "decl": {
          "start": {
            "line": 68,
            "column": 9
          },
          "end": {
            "line": 68,
            "column": 10
          }
        },
        "loc": {
          "start": {
            "line": 68,
            "column": 29
          },
          "end": {
            "line": 77,
            "column": 3
          }
        },
        "line": 68
      },
      "3": {
        "name": "(anonymous_3)",
        "decl": {
          "start": {
            "line": 70,
            "column": 27
          },
          "end": {
            "line": 70,
            "column": 28
          }
        },
        "loc": {
          "start": {
            "line": 70,
            "column": 44
          },
          "end": {
            "line": 76,
            "column": 5
          }
        },
        "line": 70
      }
    },
    "branchMap": {
      "0": {
        "loc": {
          "start": {
            "line": 5,
            "column": 0
          },
          "end": {
            "line": 15,
            "column": 1
          }
        },
        "type": "if",
        "locations": [
          {
            "start": {
              "line": 5,
              "column": 0
            },
            "end": {
              "line": 15,
              "column": 1
            }
          },
          {
            "start": {},
            "end": {}
          }
        ],
        "line": 5
      },
      "1": {
        "loc": {
          "start": {
            "line": 6,
            "column": 2
          },
          "end": {
            "line": 8,
            "column": 3
          }
        },
        "type": "if",
        "locations": [
          {
            "start": {
              "line": 6,
              "column": 2
            },
            "end": {
              "line": 8,
              "column": 3
            }
          },
          {
            "start": {},
            "end": {}
          }
        ],
        "line": 6
      },
      "2": {
        "loc": {
          "start": {
            "line": 62,
            "column": 0
          },
          "end": {
            "line": 78,
            "column": 1
          }
        },
        "type": "if",
        "locations": [
          {
            "start": {
              "line": 62,
              "column": 0
            },
            "end": {
              "line": 78,
              "column": 1
            }
          },
          {
            "start": {},
            "end": {}
          }
        ],
        "line": 62
      },
      "3": {
        "loc": {
          "start": {
            "line": 71,
            "column": 6
          },
          "end": {
            "line": 72,
            "column": 15
          }
        },
        "type": "if",
        "locations": [
          {
            "start": {
              "line": 71,
              "column": 6
            },
            "end": {
              "line": 72,
              "column": 15
            }
          },
          {
            "start": {},
            "end": {}
          }
        ],
        "line": 71
      },
      "4": {
        "loc": {
          "start": {
            "line": 74,
            "column": 6
          },
          "end": {
            "line": 75,
            "column": 54
          }
        },
        "type": "if",
        "locations": [
          {
            "start": {
              "line": 74,
              "column": 6
            },
            "end": {
              "line": 75,
              "column": 54
            }
          },
          {
            "start": {},
            "end": {}
          }
        ],
        "line": 74
      }
    },
    "s": {
      "0": 33,
      "1": 33,
      "2": 0,
      "3": 33,
      "4": 33,
      "5": 33,
      "6": 33,
      "7": 33,
      "8": 48,
      "9": 33,
      "10": 33,
      "11": 33,
      "12": 33,
      "13": 33,
      "14": 33,
      "15": 33,
      "16": 33,
      "17": 0,
      "18": 0,
      "19": 0,
      "20": 0,
      "21": 0
    },
    "f": {
      "0": 33,
      "1": 48,
      "2": 33,
      "3": 0
    },
    "b": {
      "0": [
        33,
        0
      ],
      "1": [
        0,
        33
      ],
      "2": [
        33,
        0
      ],
      "3": [
        0,
        0
      ],
      "4": [
        0,
        0
      ]
    },
    "inputSourceMap": {
      "version": 3,
      "mappings": "AAOQ;AAPR,OAAOA,oBAAc;AAAA,IAA4B;AAAA;AAAA;AAAA;AAAA;AAAA;AAAA;AAAA;AAAA;AAAA;AAAA;AAAA;AAAA;AAAA;AACjD,OAAOC,cAAc;AAErB,SAASC,eAAeC,OAA4D;AAClF,SACE,uBAAC,SAAI,WAAWA,MAAMC,WACpB;AAAA,2BAAC,SAAI,WAAY,GAAED,MAAMC,mBACvB;AAAA,6BAAC,SAAI,KAAKJ,UAAU,KAAI,IAAG,WAAU,eAArC;AAAA;AAAA;AAAA;AAAA,aAAgD;AAAA,MAChD,uBAAC,OAAE,WAAU,kBAAkBG,gBAAME,SAArC;AAAA;AAAA;AAAA;AAAA,aAA2C;AAAA,SAF7C;AAAA;AAAA;AAAA;AAAA,WAGA;AAAA,IACA,uBAAC,SAAI,WAAY,GAAEF,MAAMC,mBACvB;AAAA,6BAAC,SAAI,KAAKH,UAAU,KAAI,IAAG,WAAU,eAArC;AAAA;AAAA;AAAA;AAAA,aAAgD;AAAA,MAChD,uBAAC,OAAE,WAAU,kBAAkBE,gBAAMG,SAArC;AAAA;AAAA;AAAA;AAAA,aAA2C;AAAA,SAF7C;AAAA;AAAA;AAAA;AAAA,WAGA;AAAA,OARF;AAAA;AAAA;AAAA;AAAA,SASA;AAEJ;AAACC,KAbQL;AAeT,eAAeA;AAAe;AAAAM",
      "names": [
        "likeIcon",
        "viewIcon",
        "CardBottomItem",
        "props",
        "className",
        "likes",
        "views",
        "_c",
        "$RefreshReg$"
      ],
      "sources": [
        "D:/REACTTEST1/react-rs/react-components/src/components/card-components/cardBottomItem.tsx"
      ],
      "file": "D:/REACTTEST1/react-rs/react-components/src/components/card-components/cardBottomItem.tsx"
    },
    "_coverageSchema": "1a1c01bbd47fc00a2c39e90264f33305004495a9",
    "hash": "f2daeb2f7a712b2697ce39c78f2459d5b265ae3c"
  },
  "D:/REACTTEST1/react-rs/react-components/src/components/card-components/cardsTagsList.tsx": {
    "path": "D:/REACTTEST1/react-rs/react-components/src/components/card-components/cardsTagsList.tsx",
    "statementMap": {
      "0": {
        "start": {
          "line": 5,
          "column": 0
        },
        "end": {
          "line": 15,
          "column": 1
        }
      },
      "1": {
        "start": {
          "line": 6,
          "column": 2
        },
        "end": {
          "line": 8,
          "column": 3
        }
      },
      "2": {
        "start": {
          "line": 7,
          "column": 4
        },
        "end": {
          "line": 7,
          "column": 165
        }
      },
      "3": {
        "start": {
          "line": 9,
          "column": 2
        },
        "end": {
          "line": 9,
          "column": 39
        }
      },
      "4": {
        "start": {
          "line": 10,
          "column": 2
        },
        "end": {
          "line": 10,
          "column": 39
        }
      },
      "5": {
        "start": {
          "line": 11,
          "column": 2
        },
        "end": {
          "line": 13,
          "column": 4
        }
      },
      "6": {
        "start": {
          "line": 12,
          "column": 4
        },
        "end": {
          "line": 12,
          "column": 132
        }
      },
      "7": {
        "start": {
          "line": 14,
          "column": 2
        },
        "end": {
          "line": 14,
          "column": 75
        }
      },
      "8": {
        "start": {
          "line": 17,
          "column": 2
        },
        "end": {
          "line": 34,
          "column": 11
        }
      },
      "9": {
        "start": {
          "line": 18,
          "column": 4
        },
        "end": {
          "line": 25,
          "column": 13
        }
      },
      "10": {
        "start": {
          "line": 36,
          "column": 0
        },
        "end": {
          "line": 36,
          "column": 17
        }
      },
      "11": {
        "start": {
          "line": 39,
          "column": 0
        },
        "end": {
          "line": 39,
          "column": 32
        }
      },
      "12": {
        "start": {
          "line": 40,
          "column": 0
        },
        "end": {
          "line": 56,
          "column": 1
        }
      },
      "13": {
        "start": {
          "line": 41,
          "column": 2
        },
        "end": {
          "line": 41,
          "column": 39
        }
      },
      "14": {
        "start": {
          "line": 42,
          "column": 2
        },
        "end": {
          "line": 42,
          "column": 39
        }
      },
      "15": {
        "start": {
          "line": 43,
          "column": 2
        },
        "end": {
          "line": 55,
          "column": 5
        }
      },
      "16": {
        "start": {
          "line": 47,
          "column": 4
        },
        "end": {
          "line": 47,
          "column": 158
        }
      },
      "17": {
        "start": {
          "line": 48,
          "column": 4
        },
        "end": {
          "line": 54,
          "column": 7
        }
      },
      "18": {
        "start": {
          "line": 49,
          "column": 6
        },
        "end": {
          "line": 50,
          "column": 15
        }
      },
      "19": {
        "start": {
          "line": 50,
          "column": 8
        },
        "end": {
          "line": 50,
          "column": 15
        }
      },
      "20": {
        "start": {
          "line": 51,
          "column": 32
        },
        "end": {
          "line": 51,
          "column": 115
        }
      },
      "21": {
        "start": {
          "line": 52,
          "column": 6
        },
        "end": {
          "line": 53,
          "column": 54
        }
      },
      "22": {
        "start": {
          "line": 53,
          "column": 8
        },
        "end": {
          "line": 53,
          "column": 54
        }
      }
    },
    "fnMap": {
      "0": {
        "name": "(anonymous_0)",
        "decl": {
          "start": {
            "line": 11,
            "column": 24
          },
          "end": {
            "line": 11,
            "column": 25
          }
        },
        "loc": {
          "start": {
            "line": 11,
            "column": 38
          },
          "end": {
            "line": 13,
            "column": 3
          }
        },
        "line": 11
      },
      "1": {
        "name": "CardTagList",
        "decl": {
          "start": {
            "line": 16,
            "column": 9
          },
          "end": {
            "line": 16,
            "column": 20
          }
        },
        "loc": {
          "start": {
            "line": 16,
            "column": 28
          },
          "end": {
            "line": 35,
            "column": 1
          }
        },
        "line": 16
      },
      "2": {
        "name": "(anonymous_2)",
        "decl": {
          "start": {
            "line": 17,
            "column": 173
          },
          "end": {
            "line": 17,
            "column": 174
          }
        },
        "loc": {
          "start": {
            "line": 17,
            "column": 188
          },
          "end": {
            "line": 26,
            "column": 3
          }
        },
        "line": 17
      },
      "3": {
        "name": "(anonymous_3)",
        "decl": {
          "start": {
            "line": 46,
            "column": 9
          },
          "end": {
            "line": 46,
            "column": 10
          }
        },
        "loc": {
          "start": {
            "line": 46,
            "column": 29
          },
          "end": {
            "line": 55,
            "column": 3
          }
        },
        "line": 46
      },
      "4": {
        "name": "(anonymous_4)",
        "decl": {
          "start": {
            "line": 48,
            "column": 27
          },
          "end": {
            "line": 48,
            "column": 28
          }
        },
        "loc": {
          "start": {
            "line": 48,
            "column": 44
          },
          "end": {
            "line": 54,
            "column": 5
          }
        },
        "line": 48
      }
    },
    "branchMap": {
      "0": {
        "loc": {
          "start": {
            "line": 5,
            "column": 0
          },
          "end": {
            "line": 15,
            "column": 1
          }
        },
        "type": "if",
        "locations": [
          {
            "start": {
              "line": 5,
              "column": 0
            },
            "end": {
              "line": 15,
              "column": 1
            }
          },
          {
            "start": {},
            "end": {}
          }
        ],
        "line": 5
      },
      "1": {
        "loc": {
          "start": {
            "line": 6,
            "column": 2
          },
          "end": {
            "line": 8,
            "column": 3
          }
        },
        "type": "if",
        "locations": [
          {
            "start": {
              "line": 6,
              "column": 2
            },
            "end": {
              "line": 8,
              "column": 3
            }
          },
          {
            "start": {},
            "end": {}
          }
        ],
        "line": 6
      },
      "2": {
        "loc": {
          "start": {
            "line": 40,
            "column": 0
          },
          "end": {
            "line": 56,
            "column": 1
          }
        },
        "type": "if",
        "locations": [
          {
            "start": {
              "line": 40,
              "column": 0
            },
            "end": {
              "line": 56,
              "column": 1
            }
          },
          {
            "start": {},
            "end": {}
          }
        ],
        "line": 40
      },
      "3": {
        "loc": {
          "start": {
            "line": 49,
            "column": 6
          },
          "end": {
            "line": 50,
            "column": 15
          }
        },
        "type": "if",
        "locations": [
          {
            "start": {
              "line": 49,
              "column": 6
            },
            "end": {
              "line": 50,
              "column": 15
            }
          },
          {
            "start": {},
            "end": {}
          }
        ],
        "line": 49
      },
      "4": {
        "loc": {
          "start": {
            "line": 52,
            "column": 6
          },
          "end": {
            "line": 53,
            "column": 54
          }
        },
        "type": "if",
        "locations": [
          {
            "start": {
              "line": 52,
              "column": 6
            },
            "end": {
              "line": 53,
              "column": 54
            }
          },
          {
            "start": {},
            "end": {}
          }
        ],
        "line": 52
      }
    },
    "s": {
      "0": 33,
      "1": 33,
      "2": 0,
      "3": 33,
      "4": 33,
      "5": 33,
      "6": 33,
      "7": 33,
      "8": 48,
      "9": 48,
      "10": 33,
      "11": 33,
      "12": 33,
      "13": 33,
      "14": 33,
      "15": 33,
      "16": 33,
      "17": 33,
      "18": 0,
      "19": 0,
      "20": 0,
      "21": 0,
      "22": 0
    },
    "f": {
      "0": 33,
      "1": 48,
      "2": 48,
      "3": 33,
      "4": 0
    },
    "b": {
      "0": [
        33,
        0
      ],
      "1": [
        0,
        33
      ],
      "2": [
        33,
        0
      ],
      "3": [
        0,
        0
      ],
      "4": [
        0,
        0
      ]
    },
    "inputSourceMap": {
      "version": 3,
      "mappings": "AAMY;AANZ,2BAA0B;AAAE;AAAA;AAAA;AAAA;AAAA;AAAA;AAAA;AAAA;AAAA;AAAA;AAAA;AAAA;AAAA;AAAA,4BAAuC;AACjE,SACE,uBAAC,SAAI,WAAWA,MAAMC,WACpB,iCAAC,QAAG,WAAY,GAAED,MAAMC,kBACrBD,gBAAME,KAAKC,IAAI,CAACC,MAAMC,QAAQ;AAC7B,WACE,uBAAC,QAAG,WAAY,GAAEL,MAAMC,wBAAiC;AAAA;AAAA,MACrDG;AAAAA,SADiDC,KAArD;AAAA;AAAA;AAAA;AAAA,WAEA;AAAA,EAEJ,CAAC,KAPH;AAAA;AAAA;AAAA;AAAA,SAQA,KATF;AAAA;AAAA;AAAA;AAAA,SAUA;AAEJ;AAACC,KAdQC;AAgBT,eAAeA;AAAY;AAAAC",
      "names": [
        "props",
        "className",
        "tags",
        "map",
        "item",
        "key",
        "_c",
        "CardTagList",
        "$RefreshReg$"
      ],
      "sources": [
        "D:/REACTTEST1/react-rs/react-components/src/components/card-components/cardsTagsList.tsx"
      ],
      "file": "D:/REACTTEST1/react-rs/react-components/src/components/card-components/cardsTagsList.tsx"
    },
    "_coverageSchema": "1a1c01bbd47fc00a2c39e90264f33305004495a9",
    "hash": "d5b395e75ca37f55cd07da954d4a8caddf4d6d5b"
  },
  "D:/REACTTEST1/react-rs/react-components/src/api/createApi.ts": {
    "path": "D:/REACTTEST1/react-rs/react-components/src/api/createApi.ts",
    "statementMap": {
      "0": {
        "start": {
          "line": 2,
          "column": 57
        },
        "end": {
          "line": 2,
          "column": 85
        }
      },
      "1": {
        "start": {
          "line": 3,
          "column": 18
        },
        "end": {
          "line": 6,
          "column": 1
        }
      }
    },
    "fnMap": {},
    "branchMap": {
      "0": {
        "loc": {
          "start": {
            "line": 2,
            "column": 57
          },
          "end": {
            "line": 2,
            "column": 85
          }
        },
        "type": "binary-expr",
        "locations": [
          {
            "start": {
              "line": 2,
              "column": 57
            },
            "end": {
              "line": 2,
              "column": 73
            }
          },
          {
            "start": {
              "line": 2,
              "column": 77
            },
            "end": {
              "line": 2,
              "column": 85
            }
          }
        ],
        "line": 2
      }
    },
    "s": {
      "0": 33,
      "1": 33
    },
    "f": {},
    "b": {
      "0": [
        33,
        33
      ]
    },
    "inputSourceMap": {
      "version": 3,
      "sources": [
        "D:/REACTTEST1/react-rs/react-components/src/api/createApi.ts"
      ],
      "mappings": "AAAA,YAAY,cAAc;AAG1B,MAAM,EAAE,gBAAgB,YAAY,iBAAiB,IAAM,SAA0B,WACnF;AAEF,MAAM,YAAY;AAAA,EAChB,WAAW;AAAA,EACX,iBAAiB,EAAE,+BAA+B,KAAK,CAAC;AAC1D;AAEA,eAAe;",
      "names": []
    },
    "_coverageSchema": "1a1c01bbd47fc00a2c39e90264f33305004495a9",
    "hash": "45a9c6595d3d1a60bc9184df15741f069a7e4788"
  },
  "D:/REACTTEST1/react-rs/react-components/src/api/flickrApi.ts": {
    "path": "D:/REACTTEST1/react-rs/react-components/src/api/flickrApi.ts",
    "statementMap": {
      "0": {
        "start": {
          "line": 3,
          "column": 27
        },
        "end": {
          "line": 3,
          "column": 55
        }
      },
      "1": {
        "start": {
          "line": 4,
          "column": 25
        },
        "end": {
          "line": 22,
          "column": 2
        }
      },
      "2": {
        "start": {
          "line": 7,
          "column": 27
        },
        "end": {
          "line": 21,
          "column": 3
        }
      },
      "3": {
        "start": {
          "line": 9,
          "column": 23
        },
        "end": {
          "line": 12,
          "column": 7
        }
      },
      "4": {
        "start": {
          "line": 13,
          "column": 55
        },
        "end": {
          "line": 13,
          "column": 70
        }
      },
      "5": {
        "start": {
          "line": 16,
          "column": 23
        },
        "end": {
          "line": 19,
          "column": 7
        }
      },
      "6": {
        "start": {
          "line": 23,
          "column": 66
        },
        "end": {
          "line": 23,
          "column": 75
        }
      }
    },
    "fnMap": {
      "0": {
        "name": "(anonymous_0)",
        "decl": {
          "start": {
            "line": 7,
            "column": 13
          },
          "end": {
            "line": 7,
            "column": 14
          }
        },
        "loc": {
          "start": {
            "line": 7,
            "column": 27
          },
          "end": {
            "line": 21,
            "column": 3
          }
        },
        "line": 7
      },
      "1": {
        "name": "(anonymous_1)",
        "decl": {
          "start": {
            "line": 9,
            "column": 13
          },
          "end": {
            "line": 9,
            "column": 14
          }
        },
        "loc": {
          "start": {
            "line": 9,
            "column": 23
          },
          "end": {
            "line": 12,
            "column": 7
          }
        },
        "line": 9
      },
      "2": {
        "name": "(anonymous_2)",
        "decl": {
          "start": {
            "line": 13,
            "column": 30
          },
          "end": {
            "line": 13,
            "column": 31
          }
        },
        "loc": {
          "start": {
            "line": 13,
            "column": 55
          },
          "end": {
            "line": 13,
            "column": 70
          }
        },
        "line": 13
      },
      "3": {
        "name": "(anonymous_3)",
        "decl": {
          "start": {
            "line": 16,
            "column": 13
          },
          "end": {
            "line": 16,
            "column": 14
          }
        },
        "loc": {
          "start": {
            "line": 16,
            "column": 23
          },
          "end": {
            "line": 19,
            "column": 7
          }
        },
        "line": 16
      }
    },
    "branchMap": {
      "0": {
        "loc": {
          "start": {
            "line": 3,
            "column": 27
          },
          "end": {
            "line": 3,
            "column": 55
          }
        },
        "type": "binary-expr",
        "locations": [
          {
            "start": {
              "line": 3,
              "column": 27
            },
            "end": {
              "line": 3,
              "column": 43
            }
          },
          {
            "start": {
              "line": 3,
              "column": 47
            },
            "end": {
              "line": 3,
              "column": 55
            }
          }
        ],
        "line": 3
      }
    },
    "s": {
      "0": 33,
      "1": 33,
      "2": 33,
      "3": 6,
      "4": 3,
      "5": 6,
      "6": 33
    },
    "f": {
      "0": 33,
      "1": 6,
      "2": 3,
      "3": 6
    },
    "b": {
      "0": [
        33,
        33
      ]
    },
    "inputSourceMap": {
      "version": 3,
      "sources": [
        "D:/REACTTEST1/react-rs/react-components/src/api/flickrApi.ts"
      ],
      "mappings": "AAAA,YAAY,cAAc;AAE1B,OAAO,eAAe;AAGtB,MAAM,EAAE,eAAe,IAAM,SAA0B,WAAW;AAE3D,aAAM,YAAY,UAAU;AAAA,EACjC,aAAa;AAAA,EACb,WAAW,eAAe,EAAE,SAAS,uCAAuC,CAAC;AAAA,EAC7E,WAAW,CAAC,aAAa;AAAA,IACvB,kBAAkB,QAAQ,MAAM;AAAA,MAC9B,OAAO,CAAC,SAAS;AAAA,QACf,KAAK;AAAA,QACL,QAAQ,EAAE,GAAG,IAAI;AAAA,MACnB;AAAA,MACA,wBAAwB,CAAC,UAAuC,MAAM,QAAQ,SAAS;AAAA,IACzF,CAAC;AAAA,IACD,cAAc,QAAQ,MAAM;AAAA,MAC1B,OAAO,CAAC,SAAS;AAAA,QACf,KAAK;AAAA,QACL,QAAQ,EAAE,GAAG,IAAI;AAAA,MACnB;AAAA,IACF,CAAC;AAAA,EACH;AACF,CAAC;AAEM,aAAM,EAAE,0BAA0B,qBAAqB,IAAI;",
      "names": []
    },
    "_coverageSchema": "1a1c01bbd47fc00a2c39e90264f33305004495a9",
    "hash": "b079b17023ed86fa0b929276e7ce6405dbaae1c0"
  },
  "D:/REACTTEST1/react-rs/react-components/src/types/constants.ts": {
    "path": "D:/REACTTEST1/react-rs/react-components/src/types/constants.ts",
    "statementMap": {
      "0": {
        "start": {
          "line": 1,
          "column": 33
        },
        "end": {
          "line": 8,
          "column": 1
        }
      },
      "1": {
        "start": {
          "line": 9,
          "column": 36
        },
        "end": {
          "line": 15,
          "column": 1
        }
      }
    },
    "fnMap": {},
    "branchMap": {},
    "s": {
      "0": 33,
      "1": 33
    },
    "f": {},
    "b": {},
    "inputSourceMap": {
      "version": 3,
      "sources": [
        "D:/REACTTEST1/react-rs/react-components/src/types/constants.ts"
      ],
      "mappings": "AAAO,aAAM,oBAAoB;AAAA,EAC/B,QAAQ;AAAA,EACR,SAAS;AAAA,EACT,MAAM;AAAA,EACN,UAAU;AAAA,EACV,QAAQ;AAAA,EACR,gBAAgB;AAClB;AAEO,aAAM,uBAAuB;AAAA,EAClC,QAAQ;AAAA,EACR,SAAS;AAAA,EACT,UAAU;AAAA,EACV,QAAQ;AAAA,EACR,gBAAgB;AAClB;",
      "names": []
    },
    "_coverageSchema": "1a1c01bbd47fc00a2c39e90264f33305004495a9",
    "hash": "76228e7951c1af08f22ea1b082f7de2cf4357b59"
  },
  "D:/REACTTEST1/react-rs/react-components/src/components/modal-components/cardModalFill.tsx": {
    "path": "D:/REACTTEST1/react-rs/react-components/src/components/modal-components/cardModalFill.tsx",
    "statementMap": {
      "0": {
        "start": {
          "line": 5,
          "column": 0
        },
        "end": {
          "line": 15,
          "column": 1
        }
      },
      "1": {
        "start": {
          "line": 6,
          "column": 2
        },
        "end": {
          "line": 8,
          "column": 3
        }
      },
      "2": {
        "start": {
          "line": 7,
          "column": 4
        },
        "end": {
          "line": 7,
          "column": 165
        }
      },
      "3": {
        "start": {
          "line": 9,
          "column": 2
        },
        "end": {
          "line": 9,
          "column": 39
        }
      },
      "4": {
        "start": {
          "line": 10,
          "column": 2
        },
        "end": {
          "line": 10,
          "column": 39
        }
      },
      "5": {
        "start": {
          "line": 11,
          "column": 2
        },
        "end": {
          "line": 13,
          "column": 4
        }
      },
      "6": {
        "start": {
          "line": 12,
          "column": 4
        },
        "end": {
          "line": 12,
          "column": 133
        }
      },
      "7": {
        "start": {
          "line": 14,
          "column": 2
        },
        "end": {
          "line": 14,
          "column": 75
        }
      },
      "8": {
        "start": {
          "line": 16,
          "column": 9
        },
        "end": {
          "line": 16,
          "column": 23
        }
      },
      "9": {
        "start": {
          "line": 23,
          "column": 2
        },
        "end": {
          "line": 23,
          "column": 7
        }
      },
      "10": {
        "start": {
          "line": 28,
          "column": 6
        },
        "end": {
          "line": 31,
          "column": 4
        }
      },
      "11": {
        "start": {
          "line": 32,
          "column": 32
        },
        "end": {
          "line": 36,
          "column": 10
        }
      },
      "12": {
        "start": {
          "line": 37,
          "column": 2
        },
        "end": {
          "line": 101,
          "column": 3
        }
      },
      "13": {
        "start": {
          "line": 38,
          "column": 4
        },
        "end": {
          "line": 42,
          "column": 13
        }
      },
      "14": {
        "start": {
          "line": 43,
          "column": 9
        },
        "end": {
          "line": 101,
          "column": 3
        }
      },
      "15": {
        "start": {
          "line": 44,
          "column": 4
        },
        "end": {
          "line": 90,
          "column": 13
        }
      },
      "16": {
        "start": {
          "line": 76,
          "column": 116
        },
        "end": {
          "line": 76,
          "column": 124
        }
      },
      "17": {
        "start": {
          "line": 91,
          "column": 9
        },
        "end": {
          "line": 101,
          "column": 3
        }
      },
      "18": {
        "start": {
          "line": 92,
          "column": 4
        },
        "end": {
          "line": 100,
          "column": 13
        }
      },
      "19": {
        "start": {
          "line": 102,
          "column": 2
        },
        "end": {
          "line": 102,
          "column": 17
        }
      },
      "20": {
        "start": {
          "line": 104,
          "column": 0
        },
        "end": {
          "line": 106,
          "column": 3
        }
      },
      "21": {
        "start": {
          "line": 105,
          "column": 2
        },
        "end": {
          "line": 105,
          "column": 32
        }
      },
      "22": {
        "start": {
          "line": 107,
          "column": 0
        },
        "end": {
          "line": 107,
          "column": 19
        }
      },
      "23": {
        "start": {
          "line": 110,
          "column": 0
        },
        "end": {
          "line": 110,
          "column": 34
        }
      },
      "24": {
        "start": {
          "line": 111,
          "column": 0
        },
        "end": {
          "line": 127,
          "column": 1
        }
      },
      "25": {
        "start": {
          "line": 112,
          "column": 2
        },
        "end": {
          "line": 112,
          "column": 39
        }
      },
      "26": {
        "start": {
          "line": 113,
          "column": 2
        },
        "end": {
          "line": 113,
          "column": 39
        }
      },
      "27": {
        "start": {
          "line": 114,
          "column": 2
        },
        "end": {
          "line": 126,
          "column": 5
        }
      },
      "28": {
        "start": {
          "line": 118,
          "column": 4
        },
        "end": {
          "line": 118,
          "column": 159
        }
      },
      "29": {
        "start": {
          "line": 119,
          "column": 4
        },
        "end": {
          "line": 125,
          "column": 7
        }
      },
      "30": {
        "start": {
          "line": 120,
          "column": 6
        },
        "end": {
          "line": 121,
          "column": 15
        }
      },
      "31": {
        "start": {
          "line": 121,
          "column": 8
        },
        "end": {
          "line": 121,
          "column": 15
        }
      },
      "32": {
        "start": {
          "line": 122,
          "column": 32
        },
        "end": {
          "line": 122,
          "column": 115
        }
      },
      "33": {
        "start": {
          "line": 123,
          "column": 6
        },
        "end": {
          "line": 124,
          "column": 54
        }
      },
      "34": {
        "start": {
          "line": 124,
          "column": 8
        },
        "end": {
          "line": 124,
          "column": 54
        }
      }
    },
    "fnMap": {
      "0": {
        "name": "(anonymous_0)",
        "decl": {
          "start": {
            "line": 11,
            "column": 24
          },
          "end": {
            "line": 11,
            "column": 25
          }
        },
        "loc": {
          "start": {
            "line": 11,
            "column": 38
          },
          "end": {
            "line": 13,
            "column": 3
          }
        },
        "line": 11
      },
      "1": {
        "name": "CardModalFill",
        "decl": {
          "start": {
            "line": 22,
            "column": 9
          },
          "end": {
            "line": 22,
            "column": 22
          }
        },
        "loc": {
          "start": {
            "line": 22,
            "column": 30
          },
          "end": {
            "line": 103,
            "column": 1
          }
        },
        "line": 22
      },
      "2": {
        "name": "(anonymous_2)",
        "decl": {
          "start": {
            "line": 76,
            "column": 106
          },
          "end": {
            "line": 76,
            "column": 107
          }
        },
        "loc": {
          "start": {
            "line": 76,
            "column": 116
          },
          "end": {
            "line": 76,
            "column": 124
          }
        },
        "line": 76
      },
      "3": {
        "name": "(anonymous_3)",
        "decl": {
          "start": {
            "line": 104,
            "column": 57
          },
          "end": {
            "line": 104,
            "column": 58
          }
        },
        "loc": {
          "start": {
            "line": 104,
            "column": 68
          },
          "end": {
            "line": 106,
            "column": 1
          }
        },
        "line": 104
      },
      "4": {
        "name": "(anonymous_4)",
        "decl": {
          "start": {
            "line": 117,
            "column": 9
          },
          "end": {
            "line": 117,
            "column": 10
          }
        },
        "loc": {
          "start": {
            "line": 117,
            "column": 29
          },
          "end": {
            "line": 126,
            "column": 3
          }
        },
        "line": 117
      },
      "5": {
        "name": "(anonymous_5)",
        "decl": {
          "start": {
            "line": 119,
            "column": 27
          },
          "end": {
            "line": 119,
            "column": 28
          }
        },
        "loc": {
          "start": {
            "line": 119,
            "column": 44
          },
          "end": {
            "line": 125,
            "column": 5
          }
        },
        "line": 119
      }
    },
    "branchMap": {
      "0": {
        "loc": {
          "start": {
            "line": 5,
            "column": 0
          },
          "end": {
            "line": 15,
            "column": 1
          }
        },
        "type": "if",
        "locations": [
          {
            "start": {
              "line": 5,
              "column": 0
            },
            "end": {
              "line": 15,
              "column": 1
            }
          },
          {
            "start": {},
            "end": {}
          }
        ],
        "line": 5
      },
      "1": {
        "loc": {
          "start": {
            "line": 6,
            "column": 2
          },
          "end": {
            "line": 8,
            "column": 3
          }
        },
        "type": "if",
        "locations": [
          {
            "start": {
              "line": 6,
              "column": 2
            },
            "end": {
              "line": 8,
              "column": 3
            }
          },
          {
            "start": {},
            "end": {}
          }
        ],
        "line": 6
      },
      "2": {
        "loc": {
          "start": {
            "line": 30,
            "column": 14
          },
          "end": {
            "line": 30,
            "column": 39
          }
        },
        "type": "binary-expr",
        "locations": [
          {
            "start": {
              "line": 30,
              "column": 14
            },
            "end": {
              "line": 30,
              "column": 22
            }
          },
          {
            "start": {
              "line": 30,
              "column": 26
            },
            "end": {
              "line": 30,
              "column": 39
            }
          }
        ],
        "line": 30
      },
      "3": {
        "loc": {
          "start": {
            "line": 37,
            "column": 2
          },
          "end": {
            "line": 101,
            "column": 3
          }
        },
        "type": "if",
        "locations": [
          {
            "start": {
              "line": 37,
              "column": 2
            },
            "end": {
              "line": 101,
              "column": 3
            }
          },
          {
            "start": {
              "line": 43,
              "column": 9
            },
            "end": {
              "line": 101,
              "column": 3
            }
          }
        ],
        "line": 37
      },
      "4": {
        "loc": {
          "start": {
            "line": 43,
            "column": 9
          },
          "end": {
            "line": 101,
            "column": 3
          }
        },
        "type": "if",
        "locations": [
          {
            "start": {
              "line": 43,
              "column": 9
            },
            "end": {
              "line": 101,
              "column": 3
            }
          },
          {
            "start": {
              "line": 91,
              "column": 9
            },
            "end": {
              "line": 101,
              "column": 3
            }
          }
        ],
        "line": 43
      },
      "5": {
        "loc": {
          "start": {
            "line": 91,
            "column": 9
          },
          "end": {
            "line": 101,
            "column": 3
          }
        },
        "type": "if",
        "locations": [
          {
            "start": {
              "line": 91,
              "column": 9
            },
            "end": {
              "line": 101,
              "column": 3
            }
          },
          {
            "start": {},
            "end": {}
          }
        ],
        "line": 91
      },
      "6": {
        "loc": {
          "start": {
            "line": 111,
            "column": 0
          },
          "end": {
            "line": 127,
            "column": 1
          }
        },
        "type": "if",
        "locations": [
          {
            "start": {
              "line": 111,
              "column": 0
            },
            "end": {
              "line": 127,
              "column": 1
            }
          },
          {
            "start": {},
            "end": {}
          }
        ],
        "line": 111
      },
      "7": {
        "loc": {
          "start": {
            "line": 120,
            "column": 6
          },
          "end": {
            "line": 121,
            "column": 15
          }
        },
        "type": "if",
        "locations": [
          {
            "start": {
              "line": 120,
              "column": 6
            },
            "end": {
              "line": 121,
              "column": 15
            }
          },
          {
            "start": {},
            "end": {}
          }
        ],
        "line": 120
      },
      "8": {
        "loc": {
          "start": {
            "line": 123,
            "column": 6
          },
          "end": {
            "line": 124,
            "column": 54
          }
        },
        "type": "if",
        "locations": [
          {
            "start": {
              "line": 123,
              "column": 6
            },
            "end": {
              "line": 124,
              "column": 54
            }
          },
          {
            "start": {},
            "end": {}
          }
        ],
        "line": 123
      }
    },
    "s": {
      "0": 33,
      "1": 33,
      "2": 0,
      "3": 33,
      "4": 33,
      "5": 33,
      "6": 33,
      "7": 33,
      "8": 33,
      "9": 24,
      "10": 24,
      "11": 24,
      "12": 24,
      "13": 24,
      "14": 0,
      "15": 0,
      "16": 0,
      "17": 0,
      "18": 0,
      "19": 24,
      "20": 33,
      "21": 6,
      "22": 33,
      "23": 33,
      "24": 33,
      "25": 33,
      "26": 33,
      "27": 33,
      "28": 33,
      "29": 33,
      "30": 0,
      "31": 0,
      "32": 0,
      "33": 0,
      "34": 0
    },
    "f": {
      "0": 33,
      "1": 24,
      "2": 0,
      "3": 6,
      "4": 33,
      "5": 0
    },
    "b": {
      "0": [
        33,
        0
      ],
      "1": [
        0,
        33
      ],
      "2": [
        24,
        0
      ],
      "3": [
        24,
        0
      ],
      "4": [
        0,
        0
      ],
      "5": [
        0,
        0
      ],
      "6": [
        33,
        0
      ],
      "7": [
        0,
        0
      ],
      "8": [
        0,
        0
      ]
    },
    "inputSourceMap": {
      "version": 3,
      "mappings": "AAagB,SAKV,UALU;;;;;;;;;;;;;;;;AAbhB,OAAOA,wBAAwB;AAE/B,OAAOC,oBAAoB;AAC3B,OAAOC,mBAAmB;AAC1B,SAASC,4BAA4B;AACrC,SAASC,4BAA4B;AAErC,SAASC,cAAcC,OAAuB;AAAAC;AAC5C,QAAM;AAAA,IAAEC;AAAAA,IAAMC;AAAAA,IAAOC;AAAAA,EAAW,IAAIP,qBAAqB;AAAA,IACvD,GAAGC;AAAAA,IACHO,UAAUL,MAAMM,MAAM;AAAA,EACxB,CAAC;AAED,MAAIC,UAAU,uBAAC,SAAI,6BAAL;AAAA;AAAA;AAAA;AAAA,SAAkB;AAChC,MAAIH,YAAY;AACdG,cAAU,uBAAC,SAAI,WAAU,oBAAmB,0BAAlC;AAAA;AAAA;AAAA;AAAA,WAA4C;AAAA,EACxD,WAAWL,MAAM;AACfK,cACE,mCACE;AAAA,6BAAC,SAAI,KAAKb,mBAAmBQ,KAAKM,KAAK,GAAG,WAAU,oBAApD;AAAA;AAAA;AAAA;AAAA,aAAoE;AAAA,MACpE,uBAAC,OAAE,WAAU,oBAAmB,eAAY,oBACzCN,eAAKM,MAAMC,MAAMC,YADpB;AAAA;AAAA;AAAA;AAAA,aAEA;AAAA,MACA,uBAAC,OAAE,WAAU,mBAAiB;AAAA;AAAA,QACnB,IAAIC,KAAKT,KAAKM,MAAMI,MAAMC,KAAK,EAAEC,mBAAkB;AAAA,WAD9D;AAAA;AAAA;AAAA;AAAA,aAEA;AAAA,MACA,uBAAC,OAAE,WAAU,qBAAmB;AAAA;AAAA,QAC3B;AAAA,QACH,uBAAC,OAAE,MAAK,KAAI,WAAU,0BACnBZ,eAAKM,MAAMO,MAAMC,YADpB;AAAA;AAAA;AAAA;AAAA,eAEA;AAAA,WAJF;AAAA;AAAA;AAAA;AAAA,aAKA;AAAA,MACA,uBAAC,iBACC,WAAU,mBACV,MAAMd,KAAKM,MAAMS,KAAKC,IAAIC,IAAI,CAACC,SAAwBA,KAAKC,GAAG,KAFjE;AAAA;AAAA;AAAA;AAAA,aAEmE;AAAA,MAEnE,uBAAC,kBAAe,WAAU,qBAAoB,OAAOC,OAAOpB,KAAKM,MAAMe,KAAK,GAAG,OAAO,KAAtF;AAAA;AAAA;AAAA;AAAA,aAAwF;AAAA,SAlB1F;AAAA;AAAA;AAAA;AAAA,WAmBA;AAAA,EAEJ,WAAWpB,OAAO;AAChBI,cACE,uBAAC,SAAI,WAAU,mBACb,iCAAC,OAAE,WAAU,eAAc,kEAA3B;AAAA;AAAA;AAAA;AAAA,WAA6E,KAD/E;AAAA;AAAA;AAAA;AAAA,WAEA;AAAA,EAEJ;AAEA,SAAOA;AACT;AAACN,GAzCQF,eAAa;AAAA,UACgBF,oBAAoB;AAAA;AAAA2B,KADjDzB;AA2CT,eAAeA;AAAc;AAAA0B",
      "names": [
        "PhotoResultsMapper",
        "CardBottomItem",
        "CardsTagsList",
        "useGetPhotoInfoQuery",
        "PhotoInfoQueryParams",
        "CardModalFill",
        "props",
        "_s",
        "data",
        "error",
        "isFetching",
        "photo_id",
        "id",
        "content",
        "photo",
        "title",
        "_content",
        "Date",
        "dates",
        "taken",
        "toLocaleDateString",
        "owner",
        "username",
        "tags",
        "tag",
        "map",
        "item",
        "raw",
        "Number",
        "views",
        "_c",
        "$RefreshReg$"
      ],
      "sources": [
        "D:/REACTTEST1/react-rs/react-components/src/components/modal-components/cardModalFill.tsx"
      ],
      "file": "D:/REACTTEST1/react-rs/react-components/src/components/modal-components/cardModalFill.tsx"
    },
    "_coverageSchema": "1a1c01bbd47fc00a2c39e90264f33305004495a9",
    "hash": "8c20c46eb2fda85d789f687fabec5ebec8ab5fea"
  },
  "D:/REACTTEST1/react-rs/react-components/src/components/modal-components/cardModal.tsx": {
    "path": "D:/REACTTEST1/react-rs/react-components/src/components/modal-components/cardModal.tsx",
    "statementMap": {
      "0": {
        "start": {
          "line": 5,
          "column": 0
        },
        "end": {
          "line": 15,
          "column": 1
        }
      },
      "1": {
        "start": {
          "line": 6,
          "column": 2
        },
        "end": {
          "line": 8,
          "column": 3
        }
      },
      "2": {
        "start": {
          "line": 7,
          "column": 4
        },
        "end": {
          "line": 7,
          "column": 165
        }
      },
      "3": {
        "start": {
          "line": 9,
          "column": 2
        },
        "end": {
          "line": 9,
          "column": 39
        }
      },
      "4": {
        "start": {
          "line": 10,
          "column": 2
        },
        "end": {
          "line": 10,
          "column": 39
        }
      },
      "5": {
        "start": {
          "line": 11,
          "column": 2
        },
        "end": {
          "line": 13,
          "column": 4
        }
      },
      "6": {
        "start": {
          "line": 12,
          "column": 4
        },
        "end": {
          "line": 12,
          "column": 129
        }
      },
      "7": {
        "start": {
          "line": 14,
          "column": 2
        },
        "end": {
          "line": 14,
          "column": 75
        }
      },
      "8": {
        "start": {
          "line": 19,
          "column": 28
        },
        "end": {
          "line": 19,
          "column": 115
        }
      },
      "9": {
        "start": {
          "line": 20,
          "column": 2
        },
        "end": {
          "line": 59,
          "column": 11
        }
      },
      "10": {
        "start": {
          "line": 28,
          "column": 8
        },
        "end": {
          "line": 34,
          "column": 9
        }
      },
      "11": {
        "start": {
          "line": 29,
          "column": 10
        },
        "end": {
          "line": 33,
          "column": 19
        }
      },
      "12": {
        "start": {
          "line": 35,
          "column": 8
        },
        "end": {
          "line": 39,
          "column": 17
        }
      },
      "13": {
        "start": {
          "line": 61,
          "column": 0
        },
        "end": {
          "line": 61,
          "column": 15
        }
      },
      "14": {
        "start": {
          "line": 64,
          "column": 0
        },
        "end": {
          "line": 64,
          "column": 30
        }
      },
      "15": {
        "start": {
          "line": 65,
          "column": 0
        },
        "end": {
          "line": 81,
          "column": 1
        }
      },
      "16": {
        "start": {
          "line": 66,
          "column": 2
        },
        "end": {
          "line": 66,
          "column": 39
        }
      },
      "17": {
        "start": {
          "line": 67,
          "column": 2
        },
        "end": {
          "line": 67,
          "column": 39
        }
      },
      "18": {
        "start": {
          "line": 68,
          "column": 2
        },
        "end": {
          "line": 80,
          "column": 5
        }
      },
      "19": {
        "start": {
          "line": 72,
          "column": 4
        },
        "end": {
          "line": 72,
          "column": 155
        }
      },
      "20": {
        "start": {
          "line": 73,
          "column": 4
        },
        "end": {
          "line": 79,
          "column": 7
        }
      },
      "21": {
        "start": {
          "line": 74,
          "column": 6
        },
        "end": {
          "line": 75,
          "column": 15
        }
      },
      "22": {
        "start": {
          "line": 75,
          "column": 8
        },
        "end": {
          "line": 75,
          "column": 15
        }
      },
      "23": {
        "start": {
          "line": 76,
          "column": 32
        },
        "end": {
          "line": 76,
          "column": 115
        }
      },
      "24": {
        "start": {
          "line": 77,
          "column": 6
        },
        "end": {
          "line": 78,
          "column": 54
        }
      },
      "25": {
        "start": {
          "line": 78,
          "column": 8
        },
        "end": {
          "line": 78,
          "column": 54
        }
      }
    },
    "fnMap": {
      "0": {
        "name": "(anonymous_0)",
        "decl": {
          "start": {
            "line": 11,
            "column": 24
          },
          "end": {
            "line": 11,
            "column": 25
          }
        },
        "loc": {
          "start": {
            "line": 11,
            "column": 38
          },
          "end": {
            "line": 13,
            "column": 3
          }
        },
        "line": 11
      },
      "1": {
        "name": "CardModal",
        "decl": {
          "start": {
            "line": 18,
            "column": 9
          },
          "end": {
            "line": 18,
            "column": 18
          }
        },
        "loc": {
          "start": {
            "line": 18,
            "column": 26
          },
          "end": {
            "line": 60,
            "column": 1
          }
        },
        "line": 18
      },
      "2": {
        "name": "(anonymous_2)",
        "decl": {
          "start": {
            "line": 27,
            "column": 7
          },
          "end": {
            "line": 27,
            "column": 8
          }
        },
        "loc": {
          "start": {
            "line": 27,
            "column": 13
          },
          "end": {
            "line": 40,
            "column": 7
          }
        },
        "line": 27
      },
      "3": {
        "name": "(anonymous_3)",
        "decl": {
          "start": {
            "line": 71,
            "column": 9
          },
          "end": {
            "line": 71,
            "column": 10
          }
        },
        "loc": {
          "start": {
            "line": 71,
            "column": 29
          },
          "end": {
            "line": 80,
            "column": 3
          }
        },
        "line": 71
      },
      "4": {
        "name": "(anonymous_4)",
        "decl": {
          "start": {
            "line": 73,
            "column": 27
          },
          "end": {
            "line": 73,
            "column": 28
          }
        },
        "loc": {
          "start": {
            "line": 73,
            "column": 44
          },
          "end": {
            "line": 79,
            "column": 5
          }
        },
        "line": 73
      }
    },
    "branchMap": {
      "0": {
        "loc": {
          "start": {
            "line": 5,
            "column": 0
          },
          "end": {
            "line": 15,
            "column": 1
          }
        },
        "type": "if",
        "locations": [
          {
            "start": {
              "line": 5,
              "column": 0
            },
            "end": {
              "line": 15,
              "column": 1
            }
          },
          {
            "start": {},
            "end": {}
          }
        ],
        "line": 5
      },
      "1": {
        "loc": {
          "start": {
            "line": 6,
            "column": 2
          },
          "end": {
            "line": 8,
            "column": 3
          }
        },
        "type": "if",
        "locations": [
          {
            "start": {
              "line": 6,
              "column": 2
            },
            "end": {
              "line": 8,
              "column": 3
            }
          },
          {
            "start": {},
            "end": {}
          }
        ],
        "line": 6
      },
      "2": {
        "loc": {
          "start": {
            "line": 19,
            "column": 28
          },
          "end": {
            "line": 19,
            "column": 115
          }
        },
        "type": "cond-expr",
        "locations": [
          {
            "start": {
              "line": 19,
              "column": 41
            },
            "end": {
              "line": 19,
              "column": 77
            }
          },
          {
            "start": {
              "line": 19,
              "column": 80
            },
            "end": {
              "line": 19,
              "column": 115
            }
          }
        ],
        "line": 19
      },
      "3": {
        "loc": {
          "start": {
            "line": 28,
            "column": 8
          },
          "end": {
            "line": 34,
            "column": 9
          }
        },
        "type": "if",
        "locations": [
          {
            "start": {
              "line": 28,
              "column": 8
            },
            "end": {
              "line": 34,
              "column": 9
            }
          },
          {
            "start": {},
            "end": {}
          }
        ],
        "line": 28
      },
      "4": {
        "loc": {
          "start": {
            "line": 65,
            "column": 0
          },
          "end": {
            "line": 81,
            "column": 1
          }
        },
        "type": "if",
        "locations": [
          {
            "start": {
              "line": 65,
              "column": 0
            },
            "end": {
              "line": 81,
              "column": 1
            }
          },
          {
            "start": {},
            "end": {}
          }
        ],
        "line": 65
      },
      "5": {
        "loc": {
          "start": {
            "line": 74,
            "column": 6
          },
          "end": {
            "line": 75,
            "column": 15
          }
        },
        "type": "if",
        "locations": [
          {
            "start": {
              "line": 74,
              "column": 6
            },
            "end": {
              "line": 75,
              "column": 15
            }
          },
          {
            "start": {},
            "end": {}
          }
        ],
        "line": 74
      },
      "6": {
        "loc": {
          "start": {
            "line": 77,
            "column": 6
          },
          "end": {
            "line": 78,
            "column": 54
          }
        },
        "type": "if",
        "locations": [
          {
            "start": {
              "line": 77,
              "column": 6
            },
            "end": {
              "line": 78,
              "column": 54
            }
          },
          {
            "start": {},
            "end": {}
          }
        ],
        "line": 77
      }
    },
    "s": {
      "0": 33,
      "1": 33,
      "2": 0,
      "3": 33,
      "4": 33,
      "5": 33,
      "6": 33,
      "7": 33,
      "8": 178,
      "9": 178,
      "10": 178,
      "11": 24,
      "12": 154,
      "13": 33,
      "14": 33,
      "15": 33,
      "16": 33,
      "17": 33,
      "18": 33,
      "19": 33,
      "20": 33,
      "21": 0,
      "22": 0,
      "23": 0,
      "24": 0,
      "25": 0
    },
    "f": {
[...]
          "start": {
            "line": 2,
            "column": 24
          },
          "end": {
            "line": 2,
            "column": 37
          }
        },
        "loc": {
          "start": {
            "line": 2,
            "column": 68
          },
          "end": {
            "line": 19,
            "column": 1
          }
        },
        "line": 2
      }
    },
    "branchMap": {
      "0": {
        "loc": {
          "start": {
            "line": 2,
            "column": 38
          },
          "end": {
            "line": 2,
            "column": 58
          }
        },
        "type": "default-arg",
        "locations": [
          {
            "start": {
              "line": 2,
              "column": 46
            },
            "end": {
              "line": 2,
              "column": 58
            }
          }
        ],
        "line": 2
      },
      "1": {
        "loc": {
          "start": {
            "line": 3,
            "column": 2
          },
          "end": {
            "line": 18,
            "column": 3
          }
        },
        "type": "switch",
        "locations": [
          {
            "start": {
              "line": 4,
              "column": 4
            },
            "end": {
              "line": 9,
              "column": 5
            }
          },
          {
            "start": {
              "line": 10,
              "column": 4
            },
            "end": {
              "line": 15,
              "column": 5
            }
          },
          {
            "start": {
              "line": 16,
              "column": 4
            },
            "end": {
              "line": 17,
              "column": 19
            }
          }
        ],
        "line": 3
      }
    },
    "s": {
      "0": 33,
      "1": 263,
      "2": 41,
      "3": 6,
      "4": 216
    },
    "f": {
      "0": 263
    },
    "b": {
      "0": [
        66
      ],
      "1": [
        41,
        6,
        216
      ]
    },
    "inputSourceMap": {
      "version": 3,
      "sources": [
        "D:/REACTTEST1/react-rs/react-components/src/store/reducers/searchReducer.ts"
      ],
      "mappings": "AAEA,MAAM,eAAe,EAAE,aAAa,IAAI,gBAAgB,GAAG;AAE3D,wBAAwB,cAAc,QAAQ,cAAc,QAAmB;AAC7E,UAAQ,OAAO,MAAM;AAAA,IACnB,KAAK,yBAAyB;AAC5B,aAAO;AAAA,QACL,GAAG;AAAA,QACH,aAAa,OAAO;AAAA,MACtB;AAAA,IACF;AAAA,IACA,KAAK,6BAA6B;AAChC,aAAO;AAAA,QACL,GAAG;AAAA,QACH,gBAAgB,OAAO;AAAA,MACzB;AAAA,IACF;AAAA,IACA;AACE,aAAO;AAAA,EACX;AACF;",
      "names": []
    },
    "_coverageSchema": "1a1c01bbd47fc00a2c39e90264f33305004495a9",
    "hash": "a73c60cd9f7af3e8b2859333f95a804c7acf96e2"
  },
  "D:/REACTTEST1/react-rs/react-components/src/store/reducers/formDataReducer.ts": {
    "path": "D:/REACTTEST1/react-rs/react-components/src/store/reducers/formDataReducer.ts",
    "statementMap": {
      "0": {
        "start": {
          "line": 1,
          "column": 21
        },
        "end": {
          "line": 1,
          "column": 23
        }
      },
      "1": {
        "start": {
          "line": 3,
          "column": 2
        },
        "end": {
          "line": 9,
          "column": 3
        }
      },
      "2": {
        "start": {
          "line": 5,
          "column": 6
        },
        "end": {
          "line": 5,
          "column": 40
        }
      },
      "3": {
        "start": {
          "line": 8,
          "column": 6
        },
        "end": {
          "line": 8,
          "column": 19
        }
      }
    },
    "fnMap": {
      "0": {
        "name": "formDataReducer",
        "decl": {
          "start": {
            "line": 2,
            "column": 16
          },
          "end": {
            "line": 2,
            "column": 31
          }
        },
        "loc": {
          "start": {
            "line": 2,
            "column": 62
          },
          "end": {
            "line": 10,
            "column": 1
          }
        },
        "line": 2
      }
    },
    "branchMap": {
      "0": {
        "loc": {
          "start": {
            "line": 2,
            "column": 32
          },
          "end": {
            "line": 2,
            "column": 52
          }
        },
        "type": "default-arg",
        "locations": [
          {
            "start": {
              "line": 2,
              "column": 40
            },
            "end": {
              "line": 2,
              "column": 52
            }
          }
        ],
        "line": 2
      },
      "1": {
        "loc": {
          "start": {
            "line": 3,
            "column": 2
          },
          "end": {
            "line": 9,
            "column": 3
          }
        },
        "type": "switch",
        "locations": [
          {
            "start": {
              "line": 4,
              "column": 4
            },
            "end": {
              "line": 6,
              "column": 5
            }
          },
          {
            "start": {
              "line": 7,
              "column": 4
            },
            "end": {
              "line": 8,
              "column": 19
            }
          }
        ],
        "line": 3
      }
    },
    "s": {
      "0": 33,
      "1": 263,
      "2": 8,
      "3": 255
    },
    "f": {
      "0": 263
    },
    "b": {
      "0": [
        66
      ],
      "1": [
        8,
        255
      ]
    },
    "inputSourceMap": {
      "version": 3,
      "sources": [
        "D:/REACTTEST1/react-rs/react-components/src/store/reducers/formDataReducer.ts"
      ],
      "mappings": "AAGA,MAAM,eAA6B,CAAC;AAE7B,gBAAS,gBAAgB,QAAQ,cAAc,QAAmB;AACvE,UAAQ,OAAO,MAAM;AAAA,IACnB,KAAK,oBAAoB;AACvB,aAAO,CAAC,GAAG,OAAO,OAAO,OAAO;AAAA,IAClC;AAAA,IACA;AACE,aAAO;AAAA,EACX;AACF;",
      "names": []
    },
    "_coverageSchema": "1a1c01bbd47fc00a2c39e90264f33305004495a9",
    "hash": "71812caded1a50c90683a2ab116fb8d6492b2752"
  },
  "D:/REACTTEST1/react-rs/react-components/src/store/reducers/formInputReducer.ts": {
    "path": "D:/REACTTEST1/react-rs/react-components/src/store/reducers/formInputReducer.ts",
    "statementMap": {
      "0": {
        "start": {
          "line": 1,
          "column": 21
        },
        "end": {
          "line": 8,
          "column": 1
        }
      },
      "1": {
        "start": {
          "line": 10,
          "column": 2
        },
        "end": {
          "line": 49,
          "column": 3
        }
      },
      "2": {
        "start": {
          "line": 12,
          "column": 6
        },
        "end": {
          "line": 15,
          "column": 8
        }
      },
      "3": {
        "start": {
          "line": 18,
          "column": 6
        },
        "end": {
          "line": 21,
          "column": 8
        }
      },
      "4": {
        "start": {
          "line": 24,
          "column": 6
        },
        "end": {
          "line": 27,
          "column": 8
        }
      },
      "5": {
        "start": {
          "line": 30,
          "column": 6
        },
        "end": {
          "line": 33,
          "column": 8
        }
      },
      "6": {
        "start": {
          "line": 36,
          "column": 6
        },
        "end": {
          "line": 39,
          "column": 8
        }
      },
      "7": {
        "start": {
          "line": 42,
          "column": 6
        },
        "end": {
          "line": 45,
          "column": 8
        }
      },
      "8": {
        "start": {
          "line": 48,
          "column": 6
        },
        "end": {
          "line": 48,
          "column": 19
        }
      }
    },
    "fnMap": {
      "0": {
        "name": "formInputReducer",
        "decl": {
          "start": {
            "line": 9,
            "column": 16
          },
          "end": {
            "line": 9,
            "column": 32
          }
        },
        "loc": {
          "start": {
            "line": 9,
            "column": 63
          },
          "end": {
            "line": 50,
            "column": 1
          }
        },
        "line": 9
      }
    },
    "branchMap": {
      "0": {
        "loc": {
          "start": {
            "line": 9,
            "column": 33
          },
          "end": {
            "line": 9,
            "column": 53
          }
        },
        "type": "default-arg",
        "locations": [
          {
            "start": {
              "line": 9,
              "column": 41
            },
            "end": {
              "line": 9,
              "column": 53
            }
          }
        ],
        "line": 9
      },
      "1": {
        "loc": {
          "start": {
            "line": 10,
            "column": 2
          },
          "end": {
            "line": 49,
            "column": 3
          }
        },
        "type": "switch",
        "locations": [
          {
            "start": {
              "line": 11,
              "column": 4
            },
            "end": {
              "line": 16,
              "column": 5
            }
          },
          {
            "start": {
              "line": 17,
              "column": 4
            },
            "end": {
              "line": 22,
              "column": 5
            }
          },
          {
            "start": {
              "line": 23,
              "column": 4
            },
            "end": {
              "line": 28,
              "column": 5
            }
          },
          {
            "start": {
              "line": 29,
              "column": 4
            },
            "end": {
              "line": 34,
              "column": 5
            }
          },
          {
            "start": {
              "line": 35,
              "column": 4
            },
            "end": {
              "line": 40,
              "column": 5
            }
          },
          {
            "start": {
              "line": 41,
              "column": 4
            },
            "end": {
              "line": 46,
              "column": 5
            }
          },
          {
            "start": {
              "line": 47,
              "column": 4
            },
            "end": {
              "line": 48,
              "column": 19
            }
          }
        ],
        "line": 10
      }
    },
    "s": {
      "0": 33,
      "1": 263,
      "2": 0,
      "3": 0,
      "4": 0,
      "5": 0,
      "6": 0,
      "7": 0,
      "8": 263
    },
    "f": {
      "0": 263
    },
    "b": {
      "0": [
        66
      ],
      "1": [
        0,
        0,
        0,
        0,
        0,
        0,
        263
      ]
    },
    "inputSourceMap": {
      "version": 3,
      "sources": [
        "D:/REACTTEST1/react-rs/react-components/src/store/reducers/formInputReducer.ts"
      ],
      "mappings": "AAEA,MAAM,eAAe;AAAA,EACnB,MAAM;AAAA,EACN,MAAM;AAAA,EACN,OAAO;AAAA,EACP,KAAK;AAAA,EACL,MAAM,CAAC;AAAA,EACP,MAAM;AACR;AAEO,gBAAS,iBAAiB,QAAQ,cAAc,QAAmB;AACxE,UAAQ,OAAO,MAAM;AAAA,IACnB,KAAK,iBAAiB;AACpB,aAAO;AAAA,QACL,GAAG;AAAA,QACH,MAAM,OAAO;AAAA,MACf;AAAA,IACF;AAAA,IACA,KAAK,iBAAiB;AACpB,aAAO;AAAA,QACL,GAAG;AAAA,QACH,MAAM,OAAO;AAAA,MACf;AAAA,IACF;AAAA,IACA,KAAK,kBAAkB;AACrB,aAAO;AAAA,QACL,GAAG;AAAA,QACH,OAAO,OAAO;AAAA,MAChB;AAAA,IACF;AAAA,IACA,KAAK,gBAAgB;AACnB,aAAO;AAAA,QACL,GAAG;AAAA,QACH,KAAK,OAAO;AAAA,MACd;AAAA,IACF;AAAA,IACA,KAAK,iBAAiB;AACpB,aAAO;AAAA,QACL,GAAG;AAAA,QACH,MAAM,OAAO;AAAA,MACf;AAAA,IACF;AAAA,IACA,KAAK,iBAAiB;AACpB,aAAO;AAAA,QACL,GAAG;AAAA,QACH,MAAM,OAAO;AAAA,MACf;AAAA,IACF;AAAA,IACA;AACE,aAAO;AAAA,EACX;AACF;",
      "names": []
    },
    "_coverageSchema": "1a1c01bbd47fc00a2c39e90264f33305004495a9",
    "hash": "fefe18bd60ac2cabc5071e382637f52252b30617"
  },
  "D:/REACTTEST1/react-rs/react-components/src/store/rootReducer.ts": {
    "path": "D:/REACTTEST1/react-rs/react-components/src/store/rootReducer.ts",
    "statementMap": {
      "0": {
        "start": {
          "line": 6,
          "column": 20
        },
        "end": {
          "line": 11,
          "column": 2
        }
      }
    },
    "fnMap": {},
    "branchMap": {},
    "s": {
      "0": 33
    },
    "f": {},
    "b": {},
    "inputSourceMap": {
      "version": 3,
      "sources": [
        "D:/REACTTEST1/react-rs/react-components/src/store/rootReducer.ts"
      ],
      "mappings": "AAAA,SAAS,uBAAuB;AAChC,OAAO,mBAAmB;AAC1B,SAAS,uBAAuB;AAChC,SAAS,wBAAwB;AAEjC,SAAS,iBAAiB;AAG1B,MAAM,cAAc,gBAAgB;AAAA,EAClC,QAAQ;AAAA,EACR,WAAW;AAAA,EACX,UAAU;AAAA,EACV,CAAC,UAAU,WAAW,GAAG,UAAU;AACrC,CAAC;AAED,eAAe;",
      "names": []
    },
    "_coverageSchema": "1a1c01bbd47fc00a2c39e90264f33305004495a9",
    "hash": "2a0b6a87ae9b458c61200d643069df69957d3e2d"
  },
  "D:/REACTTEST1/react-rs/react-components/src/store/store.ts": {
    "path": "D:/REACTTEST1/react-rs/react-components/src/store/store.ts",
    "statementMap": {
      "0": {
        "start": {
          "line": 5,
          "column": 44
        },
        "end": {
          "line": 5,
          "column": 76
        }
      },
      "1": {
        "start": {
          "line": 6,
          "column": 27
        },
        "end": {
          "line": 12,
          "column": 1
        }
      },
      "2": {
        "start": {
          "line": 7,
          "column": 2
        },
        "end": {
          "line": 11,
          "column": 5
        }
      },
      "3": {
        "start": {
          "line": 10,
          "column": 42
        },
        "end": {
          "line": 10,
          "column": 93
        }
      },
      "4": {
        "start": {
          "line": 13,
          "column": 30
        },
        "end": {
          "line": 13,
          "column": 49
        }
      },
      "5": {
        "start": {
          "line": 13,
          "column": 36
        },
        "end": {
          "line": 13,
          "column": 49
        }
      },
      "6": {
        "start": {
          "line": 14,
          "column": 30
        },
        "end": {
          "line": 14,
          "column": 41
        }
      }
    },
    "fnMap": {
      "0": {
        "name": "(anonymous_0)",
        "decl": {
          "start": {
            "line": 6,
            "column": 27
          },
          "end": {
            "line": 6,
            "column": 28
          }
        },
        "loc": {
          "start": {
            "line": 6,
            "column": 47
          },
          "end": {
            "line": 12,
            "column": 1
          }
        },
        "line": 6
      },
      "1": {
        "name": "(anonymous_1)",
        "decl": {
          "start": {
            "line": 10,
            "column": 16
          },
          "end": {
            "line": 10,
            "column": 17
          }
        },
        "loc": {
          "start": {
            "line": 10,
            "column": 42
          },
          "end": {
            "line": 10,
            "column": 93
          }
        },
        "line": 10
      },
      "2": {
        "name": "(anonymous_2)",
        "decl": {
          "start": {
            "line": 13,
            "column": 30
          },
          "end": {
            "line": 13,
            "column": 31
          }
        },
        "loc": {
          "start": {
            "line": 13,
            "column": 36
          },
          "end": {
            "line": 13,
            "column": 49
          }
        },
        "line": 13
      }
    },
    "branchMap": {
      "0": {
        "loc": {
          "start": {
            "line": 5,
            "column": 44
          },
          "end": {
            "line": 5,
            "column": 76
          }
        },
        "type": "binary-expr",
        "locations": [
          {
            "start": {
              "line": 5,
              "column": 44
            },
            "end": {
              "line": 5,
              "column": 62
            }
          },
          {
            "start": {
              "line": 5,
              "column": 66
            },
            "end": {
              "line": 5,
              "column": 76
            }
          }
        ],
        "line": 5
      }
    },
    "s": {
      "0": 33,
      "1": 33,
      "2": 33,
      "3": 33,
      "4": 33,
      "5": 0,
      "6": 33
    },
    "f": {
      "0": 33,
      "1": 33,
      "2": 0
    },
    "b": {
      "0": [
        33,
        33
      ]
    },
    "inputSourceMap": {
      "version": 3,
      "sources": [
        "D:/REACTTEST1/react-rs/react-components/src/store/store.ts"
      ],
      "mappings": "AACA,SAA+B,aAAa,mBAAmB;AAC/D,OAAO,iBAAiB;AAExB,YAAY,gBAAgB;AAC5B,SAAS,iBAAiB;AAG1B,MAAM,EAAE,gBAAgB,gBAAgB,IAAM,WAA8B,WAC1E;AAEK,aAAM,cAAc,CAAC,mBAA+C;AACzE,SAAO,eAAe;AAAA,IACpB,SAAS;AAAA,IACT;AAAA,IACA,YAAY,CAAC,yBAAyB,qBAAqB,EAAE,OAAO,UAAU,UAAU;AAAA,EAC1F,CAAC;AACH;AAKO,aAAM,iBAAiB,MAAM,YAAyB;AACtD,aAAM,iBAAkD;",
      "names": []
    },
    "_coverageSchema": "1a1c01bbd47fc00a2c39e90264f33305004495a9",
    "hash": "be1c37cc2aaf8b09201b46181cf27285dc62f90a"
  },
  "D:/REACTTEST1/react-rs/react-components/src/entry-client.tsx": {
    "path": "D:/REACTTEST1/react-rs/react-components/src/entry-client.tsx",
    "statementMap": {
      "0": {
        "start": {
          "line": 10,
          "column": 14
        },
        "end": {
          "line": 10,
          "column": 53
        }
      },
      "1": {
        "start": {
          "line": 11,
          "column": 0
        },
        "end": {
          "line": 27,
          "column": 10
        }
      }
    },
    "fnMap": {},
    "branchMap": {},
    "s": {
      "0": 33,
      "1": 33
    },
    "f": {},
    "b": {},
    "inputSourceMap": {
      "version": 3,
      "mappings": "AAuBQ;AAvBR,OAAOA,WAAW;AAClB,OAAO;AACP,OAAO;AACP,OAAOC,cAAc;AACrB,SAASC,gBAAgB;AACzB,SAASC,qBAAqB;AAC9B,OAAOC,SAAS;AAChB,SAASC,mBAA8B;AAQvC,MAAMC,QAAQD,YAAYE,OAAOC,mBAAmB;AAGpDP,SAASQ,YACPC,SAASC,eAAe,MAAM,GAC9B,uBAAC,MAAM,YAAN,EACC,iCAAC,YAAS,OACR,iCAAC,iBACC,iCAAC,SAAD;AAAA;AAAA;AAAA;AAAA,OAAI,KADN;AAAA;AAAA;AAAA;AAAA,OAEA,KAHF;AAAA;AAAA;AAAA;AAAA,OAIA,KALF;AAAA;AAAA;AAAA;AAAA,OAMA,CAAmB",
      "names": [
        "React",
        "ReactDOM",
        "Provider",
        "BrowserRouter",
        "App",
        "createStore",
        "store",
        "window",
        "__PRELOADED_STATE__",
        "hydrateRoot",
        "document",
        "getElementById"
      ],
      "sources": [
        "D:/REACTTEST1/react-rs/react-components/src/entry-client.tsx"
      ],
      "file": "D:/REACTTEST1/react-rs/react-components/src/entry-client.tsx"
    },
    "_coverageSchema": "1a1c01bbd47fc00a2c39e90264f33305004495a9",
    "hash": "541a5750e458eca9b5c80a937085a5899077d216"
  },
  "D:/REACTTEST1/react-rs/react-components/src/api/flickrApiThunks.ts": {
    "path": "D:/REACTTEST1/react-rs/react-components/src/api/flickrApiThunks.ts",
    "statementMap": {},
    "fnMap": {},
    "branchMap": {},
    "s": {},
    "f": {},
    "b": {}
  },
  "D:/REACTTEST1/react-rs/react-components/src/assets/catData.ts": {
    "path": "D:/REACTTEST1/react-rs/react-components/src/assets/catData.ts",
    "statementMap": {},
    "fnMap": {},
    "branchMap": {},
    "s": {},
    "f": {},
    "b": {}
  },
  "D:/REACTTEST1/react-rs/react-components/src/types/interfaces.ts": {
    "path": "D:/REACTTEST1/react-rs/react-components/src/types/interfaces.ts",
    "statementMap": {},
    "fnMap": {},
    "branchMap": {},
    "s": {},
    "f": {},
    "b": {}
  },
  "D:/REACTTEST1/react-rs/react-components/src/entry-server.tsx": {
    "path": "D:/REACTTEST1/react-rs/react-components/src/entry-server.tsx",
    "statementMap": {},
    "fnMap": {},
    "branchMap": {},
    "s": {},
    "f": {},
    "b": {}
  },
  "D:/REACTTEST1/react-rs/react-components/src/Html.tsx": {
    "path": "D:/REACTTEST1/react-rs/react-components/src/Html.tsx",
    "statementMap": {},
    "fnMap": {},
    "branchMap": {},
    "s": {},
    "f": {},
    "b": {}
  }
}
