<?xml version="1.0" encoding="UTF-8"?>
<coverage generated="1680441830808" clover="3.2.0">
  <project timestamp="1680441830808" name="All files">
    <metrics statements="58" coveredstatements="34" conditionals="24" coveredconditionals="4" methods="33" coveredmethods="24" elements="115" coveredelements="62" complexity="0" loc="58" ncloc="58" packages="7" files="20" classes="20"/>
    <package name="src">
      <metrics statements="1" coveredstatements="1" conditionals="0" coveredconditionals="0" methods="1" coveredmethods="1"/>
      <file name="App.tsx" path="D:\react-work\react-rs\react-components\src\App.tsx">
        <metrics statements="1" coveredstatements="1" conditionals="0" coveredconditionals="0" methods="1" coveredmethods="1"/>
        <line num="12" count="2" type="stmt"/>
      </file>
    </package>
    <package name="src.assets">
      <metrics statements="1" coveredstatements="1" conditionals="0" coveredconditionals="0" methods="0" coveredmethods="0"/>
      <file name="catData.ts" path="D:\react-work\react-rs\react-components\src\assets\catData.ts">
        <metrics statements="1" coveredstatements="1" conditionals="0" coveredconditionals="0" methods="0" coveredmethods="0"/>
        <line num="1" count="1" type="stmt"/>
      </file>
    </package>
    <package name="src.components">
      <metrics statements="8" coveredstatements="8" conditionals="2" coveredconditionals="1" methods="6" coveredmethods="6"/>
      <file name="card.tsx" path="D:\react-work\react-rs\react-components\src\components\card.tsx">
        <metrics statements="1" coveredstatements="1" conditionals="0" coveredconditionals="0" methods="1" coveredmethods="1"/>
        <line num="7" count="13" type="stmt"/>
      </file>
      <file name="cardsContainer.tsx" path="D:\react-work\react-rs\react-components\src\components\cardsContainer.tsx">
        <metrics statements="2" coveredstatements="2" conditionals="0" coveredconditionals="0" methods="2" coveredmethods="2"/>
        <line num="5" count="4" type="stmt"/>
        <line num="8" count="1" type="stmt"/>
      </file>
      <file name="header.tsx" path="D:\react-work\react-rs\react-components\src\components\header.tsx">
        <metrics statements="2" coveredstatements="2" conditionals="0" coveredconditionals="0" methods="1" coveredmethods="1"/>
        <line num="6" count="2" type="stmt"/>
        <line num="8" count="2" type="stmt"/>
      </file>
      <file name="modal.tsx" path="D:\react-work\react-rs\react-components\src\components\modal.tsx">
        <metrics statements="2" coveredstatements="2" conditionals="2" coveredconditionals="1" methods="1" coveredmethods="1"/>
        <line num="9" count="3" type="cond" truecount="1" falsecount="1"/>
        <line num="13" count="3" type="stmt"/>
      </file>
      <file name="searchBar.tsx" path="D:\react-work\react-rs\react-components\src\components\searchBar.tsx">
        <metrics statements="1" coveredstatements="1" conditionals="0" coveredconditionals="0" methods="1" coveredmethods="1"/>
        <line num="6" count="5" type="stmt"/>
      </file>
    </package>
    <package name="src.components.card-components">
      <metrics statements="3" coveredstatements="3" conditionals="0" coveredconditionals="0" methods="3" coveredmethods="3"/>
      <file name="cardBottomItem.tsx" path="D:\react-work\react-rs\react-components\src\components\card-components\cardBottomItem.tsx">
        <metrics statements="1" coveredstatements="1" conditionals="0" coveredconditionals="0" methods="1" coveredmethods="1"/>
        <line num="5" count="13" type="stmt"/>
      </file>
      <file name="carsTagsList.tsx" path="D:\react-work\react-rs\react-components\src\components\card-components\carsTagsList.tsx">
        <metrics statements="2" coveredstatements="2" conditionals="0" coveredconditionals="0" methods="2" coveredmethods="2"/>
        <line num="2" count="13" type="stmt"/>
        <line num="6" count="33" type="stmt"/>
      </file>
    </package>
    <package name="src.components.form-components">
      <metrics statements="5" coveredstatements="5" conditionals="0" coveredconditionals="0" methods="5" coveredmethods="5"/>
      <file name="checkboxInput.tsx" path="D:\react-work\react-rs\react-components\src\components\form-components\checkboxInput.tsx">
        <metrics statements="1" coveredstatements="1" conditionals="0" coveredconditionals="0" methods="1" coveredmethods="1"/>
        <line num="5" count="3" type="stmt"/>
      </file>
      <file name="dropdownInput.tsx" path="D:\react-work\react-rs\react-components\src\components\form-components\dropdownInput.tsx">
        <metrics statements="1" coveredstatements="1" conditionals="0" coveredconditionals="0" methods="1" coveredmethods="1"/>
        <line num="4" count="3" type="stmt"/>
      </file>
      <file name="generalInput.tsx" path="D:\react-work\react-rs\react-components\src\components\form-components\generalInput.tsx">
        <metrics statements="1" coveredstatements="1" conditionals="0" coveredconditionals="0" methods="1" coveredmethods="1"/>
        <line num="10" count="9" type="stmt"/>
      </file>
      <file name="radioInput.tsx" path="D:\react-work\react-rs\react-components\src\components\form-components\radioInput.tsx">
        <metrics statements="1" coveredstatements="1" conditionals="0" coveredconditionals="0" methods="1" coveredmethods="1"/>
        <line num="5" count="3" type="stmt"/>
      </file>
      <file name="selectorInput.tsx" path="D:\react-work\react-rs\react-components\src\components\form-components\selectorInput.tsx">
        <metrics statements="1" coveredstatements="1" conditionals="0" coveredconditionals="0" methods="1" coveredmethods="1"/>
        <line num="4" count="15" type="stmt"/>
      </file>
    </package>
    <package name="src.helpers">
      <metrics statements="14" coveredstatements="3" conditionals="18" coveredconditionals="1" methods="6" coveredmethods="3"/>
      <file name="inputValidator.ts" path="D:\react-work\react-rs\react-components\src\helpers\inputValidator.ts">
        <metrics statements="10" coveredstatements="2" conditionals="12" coveredconditionals="0" methods="5" coveredmethods="2"/>
        <line num="5" count="2" type="stmt"/>
        <line num="6" count="0" type="stmt"/>
        <line num="7" count="0" type="stmt"/>
        <line num="8" count="0" type="stmt"/>
        <line num="9" count="0" type="stmt"/>
        <line num="21" count="2" type="stmt"/>
        <line num="25" count="0" type="stmt"/>
        <line num="26" count="0" type="stmt"/>
        <line num="30" count="0" type="stmt"/>
        <line num="34" count="0" type="stmt"/>
      </file>
      <file name="locationPrettifyer.ts" path="D:\react-work\react-rs\react-components\src\helpers\locationPrettifyer.ts">
        <metrics statements="4" coveredstatements="1" conditionals="6" coveredconditionals="1" methods="1" coveredmethods="1"/>
        <line num="10" count="2" type="cond" truecount="1" falsecount="1"/>
        <line num="11" count="0" type="cond" truecount="0" falsecount="2"/>
        <line num="12" count="0" type="cond" truecount="0" falsecount="2"/>
        <line num="13" count="0" type="stmt"/>
      </file>
    </package>
    <package name="src.routes">
      <metrics statements="26" coveredstatements="13" conditionals="4" coveredconditionals="2" methods="12" coveredmethods="6"/>
      <file name="aboutPage.tsx" path="D:\react-work\react-rs\react-components\src\routes\aboutPage.tsx">
        <metrics statements="1" coveredstatements="1" conditionals="0" coveredconditionals="0" methods="1" coveredmethods="1"/>
        <line num="4" count="1" type="stmt"/>
      </file>
      <file name="formPage.tsx" path="D:\react-work\react-rs\react-components\src\routes\formPage.tsx">
        <metrics statements="18" coveredstatements="6" conditionals="2" coveredconditionals="0" methods="6" coveredmethods="1"/>
        <line num="14" count="3" type="stmt"/>
        <line num="23" count="3" type="stmt"/>
        <line num="24" count="3" type="stmt"/>
        <line num="25" count="3" type="stmt"/>
        <line num="31" count="3" type="stmt"/>
        <line num="34" count="0" type="stmt"/>
        <line num="35" count="0" type="cond" truecount="0" falsecount="2"/>
        <line num="36" count="0" type="stmt"/>
        <line num="37" count="0" type="stmt"/>
        <line num="38" count="0" type="stmt"/>
        <line num="40" count="0" type="stmt"/>
        <line num="45" count="0" type="stmt"/>
        <line num="52" count="0" type="stmt"/>
        <line num="53" count="0" type="stmt"/>
        <line num="57" count="0" type="stmt"/>
        <line num="61" count="0" type="stmt"/>
        <line num="65" count="0" type="stmt"/>
        <line num="68" count="3" type="stmt"/>
      </file>
      <file name="homePage.tsx" path="D:\react-work\react-rs\react-components\src\routes\homePage.tsx">
        <metrics statements="6" coveredstatements="5" conditionals="2" coveredconditionals="2" methods="4" coveredmethods="3"/>
        <line num="9" count="2" type="stmt"/>
        <line num="14" count="0" type="stmt"/>
        <line num="17" count="2" type="stmt"/>
        <line num="18" count="2" type="stmt"/>
        <line num="21" count="2" type="stmt"/>
        <line num="27" count="12" type="stmt"/>
      </file>
      <file name="page404.tsx" path="D:\react-work\react-rs\react-components\src\routes\page404.tsx">
        <metrics statements="1" coveredstatements="1" conditionals="0" coveredconditionals="0" methods="1" coveredmethods="1"/>
        <line num="5" count="3" type="stmt"/>
      </file>
    </package>
  </project>
</coverage>
