{"D:\\react-work\\react-rs\\react-components\\src\\App.tsx": {"path":"D:\\react-work\\react-rs\\react-components\\src\\App.tsx","statementMap":{"0":{"start":{"line":11,"column":4},"end":{"line":24,"column":6}}},"fnMap":{"0":{"name":"(anonymous_0)","decl":{"start":{"line":10,"column":2},"end":{"line":10,"column":3}},"loc":{"start":{"line":10,"column":11},"end":{"line":25,"column":3}},"line":10}},"branchMap":{},"s":{"0":1},"f":{"0":1},"b":{},"_coverageSchema":"1a1c01bbd47fc00a2c39e90264f33305004495a9","hash":"9a4373b611d4ea30e2f5b404945ef6b746f196cb"}
,"D:\\react-work\\react-rs\\react-components\\src\\assets\\catData.ts": {"path":"D:\\react-work\\react-rs\\react-components\\src\\assets\\catData.ts","statementMap":{"0":{"start":{"line":1,"column":13},"end":{"line":50,"column":1}}},"fnMap":{},"branchMap":{},"s":{"0":1},"f":{},"b":{},"_coverageSchema":"1a1c01bbd47fc00a2c39e90264f33305004495a9","hash":"272c8043038f351f0f5f2aeb9b723bbae6ca311f"}
,"D:\\react-work\\react-rs\\react-components\\src\\components\\card.tsx": {"path":"D:\\react-work\\react-rs\\react-components\\src\\components\\card.tsx","statementMap":{"0":{"start":{"line":10,"column":4},"end":{"line":10,"column":17}},"1":{"start":{"line":14,"column":4},"end":{"line":24,"column":6}}},"fnMap":{"0":{"name":"(anonymous_0)","decl":{"start":{"line":9,"column":2},"end":{"line":9,"column":3}},"loc":{"start":{"line":9,"column":33},"end":{"line":11,"column":3}},"line":9},"1":{"name":"(anonymous_1)","decl":{"start":{"line":13,"column":2},"end":{"line":13,"column":3}},"loc":{"start":{"line":13,"column":11},"end":{"line":25,"column":3}},"line":13}},"branchMap":{},"s":{"0":6,"1":6},"f":{"0":6,"1":6},"b":{},"_coverageSchema":"1a1c01bbd47fc00a2c39e90264f33305004495a9","hash":"b2ccd160b04ab2e8d395a03000ca520208e88946"}
,"D:\\react-work\\react-rs\\react-components\\src\\components\\header.tsx": {"path":"D:\\react-work\\react-rs\\react-components\\src\\components\\header.tsx","statementMap":{"0":{"start":{"line":7,"column":4},"end":{"line":20,"column":6}}},"fnMap":{"0":{"name":"(anonymous_0)","decl":{"start":{"line":6,"column":2},"end":{"line":6,"column":3}},"loc":{"start":{"line":6,"column":11},"end":{"line":21,"column":3}},"line":6}},"branchMap":{},"s":{"0":2},"f":{"0":2},"b":{},"_coverageSchema":"1a1c01bbd47fc00a2c39e90264f33305004495a9","hash":"c22a379a033aaf02a65996d5c9199b4549ecbca1"}
,"D:\\react-work\\react-rs\\react-components\\src\\components\\searchBar.tsx": {"path":"D:\\react-work\\react-rs\\react-components\\src\\components\\searchBar.tsx","statementMap":{"0":{"start":{"line":8,"column":4},"end":{"line":8,"column":17}},"1":{"start":{"line":12,"column":4},"end":{"line":24,"column":6}}},"fnMap":{"0":{"name":"(anonymous_0)","decl":{"start":{"line":7,"column":2},"end":{"line":7,"column":3}},"loc":{"start":{"line":7,"column":35},"end":{"line":9,"column":3}},"line":7},"1":{"name":"(anonymous_1)","decl":{"start":{"line":11,"column":2},"end":{"line":11,"column":3}},"loc":{"start":{"line":11,"column":11},"end":{"line":25,"column":3}},"line":11}},"branchMap":{},"s":{"0":4,"1":4},"f":{"0":4,"1":4},"b":{},"_coverageSchema":"1a1c01bbd47fc00a2c39e90264f33305004495a9","hash":"cac1be5cdbef193c95a6976b0adfc54bc8f5875e"}
,"D:\\react-work\\react-rs\\react-components\\src\\components\\card-components\\cardBottomItem.tsx": {"path":"D:\\react-work\\react-rs\\react-components\\src\\components\\card-components\\cardBottomItem.tsx","statementMap":{"0":{"start":{"line":7,"column":4},"end":{"line":7,"column":17}},"1":{"start":{"line":11,"column":4},"end":{"line":22,"column":6}}},"fnMap":{"0":{"name":"(anonymous_0)","decl":{"start":{"line":6,"column":2},"end":{"line":6,"column":3}},"loc":{"start":{"line":6,"column":55},"end":{"line":8,"column":3}},"line":6},"1":{"name":"(anonymous_1)","decl":{"start":{"line":10,"column":2},"end":{"line":10,"column":3}},"loc":{"start":{"line":10,"column":11},"end":{"line":23,"column":3}},"line":10}},"branchMap":{},"s":{"0":6,"1":6},"f":{"0":6,"1":6},"b":{},"_coverageSchema":"1a1c01bbd47fc00a2c39e90264f33305004495a9","hash":"fe6dd288ee093bf6ff27d1064c65613e3feaf1cc"}
,"D:\\react-work\\react-rs\\react-components\\src\\components\\card-components\\carsTagsList.tsx": {"path":"D:\\react-work\\react-rs\\react-components\\src\\components\\card-components\\carsTagsList.tsx","statementMap":{"0":{"start":{"line":5,"column":4},"end":{"line":5,"column":17}},"1":{"start":{"line":9,"column":4},"end":{"line":21,"column":6}},"2":{"start":{"line":13,"column":12},"end":{"line":17,"column":14}}},"fnMap":{"0":{"name":"(anonymous_0)","decl":{"start":{"line":4,"column":2},"end":{"line":4,"column":3}},"loc":{"start":{"line":4,"column":41},"end":{"line":6,"column":3}},"line":4},"1":{"name":"(anonymous_1)","decl":{"start":{"line":8,"column":2},"end":{"line":8,"column":3}},"loc":{"start":{"line":8,"column":11},"end":{"line":22,"column":3}},"line":8},"2":{"name":"(anonymous_2)","decl":{"start":{"line":12,"column":31},"end":{"line":12,"column":32}},"loc":{"start":{"line":12,"column":46},"end":{"line":18,"column":11}},"line":12}},"branchMap":{},"s":{"0":6,"1":6,"2":16},"f":{"0":6,"1":6,"2":16},"b":{},"_coverageSchema":"1a1c01bbd47fc00a2c39e90264f33305004495a9","hash":"8561da2d5c492fe98d464175307bb789c8e10d3a"}
,"D:\\react-work\\react-rs\\react-components\\src\\routes\\aboutPage.tsx": {"path":"D:\\react-work\\react-rs\\react-components\\src\\routes\\aboutPage.tsx","statementMap":{"0":{"start":{"line":6,"column":4},"end":{"line":6,"column":56}}},"fnMap":{"0":{"name":"(anonymous_0)","decl":{"start":{"line":5,"column":2},"end":{"line":5,"column":3}},"loc":{"start":{"line":5,"column":11},"end":{"line":7,"column":3}},"line":5}},"branchMap":{},"s":{"0":1},"f":{"0":1},"b":{},"_coverageSchema":"1a1c01bbd47fc00a2c39e90264f33305004495a9","hash":"47d1de8e2a4f445543bd64083a4c644b8dacf456"}
,"D:\\react-work\\react-rs\\react-components\\src\\routes\\homePage.tsx": {"path":"D:\\react-work\\react-rs\\react-components\\src\\routes\\homePage.tsx","statementMap":{"0":{"start":{"line":11,"column":4},"end":{"line":11,"column":17}},"1":{"start":{"line":12,"column":4},"end":{"line":14,"column":6}},"2":{"start":{"line":15,"column":4},"end":{"line":15,"column":53}},"3":{"start":{"line":18,"column":10},"end":{"line":18,"column":45}},"4":{"start":{"line":20,"column":4},"end":{"line":20,"column":68}},"5":{"start":{"line":24,"column":21},"end":{"line":24,"column":33}},"6":{"start":{"line":25,"column":4},"end":{"line":27,"column":5}},"7":{"start":{"line":26,"column":6},"end":{"line":26,"column":53}},"8":{"start":{"line":31,"column":4},"end":{"line":48,"column":6}},"9":{"start":{"line":37,"column":12},"end":{"line":44,"column":14}}},"fnMap":{"0":{"name":"(anonymous_0)","decl":{"start":{"line":10,"column":2},"end":{"line":10,"column":3}},"loc":{"start":{"line":10,"column":28},"end":{"line":16,"column":3}},"line":10},"1":{"name":"(anonymous_1)","decl":{"start":{"line":19,"column":2},"end":{"line":19,"column":3}},"loc":{"start":{"line":19,"column":25},"end":{"line":21,"column":3}},"line":19},"2":{"name":"(anonymous_2)","decl":{"start":{"line":23,"column":2},"end":{"line":23,"column":3}},"loc":{"start":{"line":23,"column":53},"end":{"line":28,"column":3}},"line":23},"3":{"name":"(anonymous_3)","decl":{"start":{"line":30,"column":2},"end":{"line":30,"column":3}},"loc":{"start":{"line":30,"column":11},"end":{"line":49,"column":3}},"line":30},"4":{"name":"(anonymous_4)","decl":{"start":{"line":36,"column":20},"end":{"line":36,"column":21}},"loc":{"start":{"line":37,"column":12},"end":{"line":44,"column":14}},"line":37}},"branchMap":{"0":{"loc":{"start":{"line":13,"column":19},"end":{"line":13,"column":64}},"type":"binary-expr","locations":[{"start":{"line":13,"column":19},"end":{"line":13,"column":58}},{"start":{"line":13,"column":62},"end":{"line":13,"column":64}}],"line":13},"1":{"loc":{"start":{"line":25,"column":4},"end":{"line":27,"column":5}},"type":"if","locations":[{"start":{"line":25,"column":4},"end":{"line":27,"column":5}},{"start":{},"end":{}}],"line":25}},"s":{"0":1,"1":1,"2":1,"3":1,"4":1,"5":0,"6":0,"7":0,"8":1,"9":6},"f":{"0":1,"1":1,"2":0,"3":1,"4":6},"b":{"0":[1,1],"1":[0,0]},"_coverageSchema":"1a1c01bbd47fc00a2c39e90264f33305004495a9","hash":"7c3a1ee597355924220d17a8223fe008501bc4ca"}
,"D:\\react-work\\react-rs\\react-components\\src\\routes\\page404.tsx": {"path":"D:\\react-work\\react-rs\\react-components\\src\\routes\\page404.tsx","statementMap":{"0":{"start":{"line":6,"column":4},"end":{"line":14,"column":6}}},"fnMap":{"0":{"name":"(anonymous_0)","decl":{"start":{"line":5,"column":2},"end":{"line":5,"column":3}},"loc":{"start":{"line":5,"column":11},"end":{"line":15,"column":3}},"line":5}},"branchMap":{},"s":{"0":1},"f":{"0":1},"b":{},"_coverageSchema":"1a1c01bbd47fc00a2c39e90264f33305004495a9","hash":"360088e4480f0f85acb1fd7d51dd6f3bcfdd15fb"}
}
