{"total": {"lines":{"total":204,"covered":187,"skipped":0,"pct":91.66},"statements":{"total":225,"covered":207,"skipped":0,"pct":92},"functions":{"total":80,"covered":75,"skipped":0,"pct":93.75},"branches":{"total":80,"covered":65,"skipped":0,"pct":81.25},"branchesTrue":{"total":0,"covered":0,"skipped":0,"pct":100}}
,"D:/REACTTEST1/react-rs/react-components/src/App.tsx": {"lines":{"total":1,"covered":1,"skipped":0,"pct":100},"functions":{"total":1,"covered":1,"skipped":0,"pct":100},"statements":{"total":1,"covered":1,"skipped":0,"pct":100},"branches":{"total":0,"covered":0,"skipped":0,"pct":100}}
,"D:/REACTTEST1/react-rs/react-components/src/Html.tsx": {"lines":{"total":0,"covered":0,"skipped":0,"pct":0},"functions":{"total":0,"covered":0,"skipped":0,"pct":0},"statements":{"total":0,"covered":0,"skipped":0,"pct":0},"branches":{"total":0,"covered":0,"skipped":0,"pct":0}}
,"D:/REACTTEST1/react-rs/react-components/src/entry-client.tsx": {"lines":{"total":2,"covered":2,"skipped":0,"pct":100},"functions":{"total":0,"covered":0,"skipped":0,"pct":100},"statements":{"total":2,"covered":2,"skipped":0,"pct":100},"branches":{"total":0,"covered":0,"skipped":0,"pct":100}}
,"D:/REACTTEST1/react-rs/react-components/src/entry-server.tsx": {"lines":{"total":0,"covered":0,"skipped":0,"pct":0},"functions":{"total":0,"covered":0,"skipped":0,"pct":0},"statements":{"total":0,"covered":0,"skipped":0,"pct":0},"branches":{"total":0,"covered":0,"skipped":0,"pct":0}}
,"D:/REACTTEST1/react-rs/react-components/src/api/createApi.ts": {"lines":{"total":2,"covered":2,"skipped":0,"pct":100},"functions":{"total":0,"covered":0,"skipped":0,"pct":100},"statements":{"total":2,"covered":2,"skipped":0,"pct":100},"branches":{"total":2,"covered":2,"skipped":0,"pct":100}}
,"D:/REACTTEST1/react-rs/react-components/src/api/flickrApi.ts": {"lines":{"total":7,"covered":6,"skipped":0,"pct":85.71},"functions":{"total":4,"covered":3,"skipped":0,"pct":75},"statements":{"total":7,"covered":6,"skipped":0,"pct":85.71},"branches":{"total":2,"covered":2,"skipped":0,"pct":100}}
,"D:/REACTTEST1/react-rs/react-components/src/api/flickrApiThunks.ts": {"lines":{"total":0,"covered":0,"skipped":0,"pct":0},"functions":{"total":0,"covered":0,"skipped":0,"pct":0},"statements":{"total":0,"covered":0,"skipped":0,"pct":0},"branches":{"total":0,"covered":0,"skipped":0,"pct":0}}
,"D:/REACTTEST1/react-rs/react-components/src/assets/catData.ts": {"lines":{"total":0,"covered":0,"skipped":0,"pct":0},"functions":{"total":0,"covered":0,"skipped":0,"pct":0},"statements":{"total":0,"covered":0,"skipped":0,"pct":0},"branches":{"total":0,"covered":0,"skipped":0,"pct":0}}
,"D:/REACTTEST1/react-rs/react-components/src/components/cardsContainer.tsx": {"lines":{"total":22,"covered":20,"skipped":0,"pct":90.9},"functions":{"total":7,"covered":7,"skipped":0,"pct":100},"statements":{"total":25,"covered":23,"skipped":0,"pct":92},"branches":{"total":7,"covered":5,"skipped":0,"pct":71.42}}
,"D:/REACTTEST1/react-rs/react-components/src/components/header.tsx": {"lines":{"total":5,"covered":5,"skipped":0,"pct":100},"functions":{"total":2,"covered":2,"skipped":0,"pct":100},"statements":{"total":7,"covered":7,"skipped":0,"pct":100},"branches":{"total":0,"covered":0,"skipped":0,"pct":100}}
,"D:/REACTTEST1/react-rs/react-components/src/components/card-components/card.tsx": {"lines":{"total":4,"covered":4,"skipped":0,"pct":100},"functions":{"total":2,"covered":2,"skipped":0,"pct":100},"statements":{"total":4,"covered":4,"skipped":0,"pct":100},"branches":{"total":1,"covered":1,"skipped":0,"pct":100}}
,"D:/REACTTEST1/react-rs/react-components/src/components/card-components/cardBottomItem.tsx": {"lines":{"total":4,"covered":4,"skipped":0,"pct":100},"functions":{"total":2,"covered":2,"skipped":0,"pct":100},"statements":{"total":4,"covered":4,"skipped":0,"pct":100},"branches":{"total":1,"covered":1,"skipped":0,"pct":100}}
,"D:/REACTTEST1/react-rs/react-components/src/components/card-components/cardsTagsList.tsx": {"lines":{"total":5,"covered":5,"skipped":0,"pct":100},"functions":{"total":2,"covered":2,"skipped":0,"pct":100},"statements":{"total":5,"covered":5,"skipped":0,"pct":100},"branches":{"total":1,"covered":1,"skipped":0,"pct":100}}
,"D:/REACTTEST1/react-rs/react-components/src/components/card-components/simpleCard.tsx": {"lines":{"total":7,"covered":7,"skipped":0,"pct":100},"functions":{"total":4,"covered":4,"skipped":0,"pct":100},"statements":{"total":8,"covered":8,"skipped":0,"pct":100},"branches":{"total":2,"covered":2,"skipped":0,"pct":100}}
,"D:/REACTTEST1/react-rs/react-components/src/components/form-components/checkboxInput.tsx": {"lines":{"total":4,"covered":4,"skipped":0,"pct":100},"functions":{"total":2,"covered":2,"skipped":0,"pct":100},"statements":{"total":4,"covered":4,"skipped":0,"pct":100},"branches":{"total":1,"covered":1,"skipped":0,"pct":100}}
,"D:/REACTTEST1/react-rs/react-components/src/components/form-components/dropdownInput.tsx": {"lines":{"total":4,"covered":4,"skipped":0,"pct":100},"functions":{"total":2,"covered":2,"skipped":0,"pct":100},"statements":{"total":4,"covered":4,"skipped":0,"pct":100},"branches":{"total":1,"covered":1,"skipped":0,"pct":100}}
,"D:/REACTTEST1/react-rs/react-components/src/components/form-components/generalInput.tsx": {"lines":{"total":4,"covered":4,"skipped":0,"pct":100},"functions":{"total":2,"covered":2,"skipped":0,"pct":100},"statements":{"total":4,"covered":4,"skipped":0,"pct":100},"branches":{"total":1,"covered":1,"skipped":0,"pct":100}}
,"D:/REACTTEST1/react-rs/react-components/src/components/form-components/radioInput.tsx": {"lines":{"total":4,"covered":4,"skipped":0,"pct":100},"functions":{"total":2,"covered":2,"skipped":0,"pct":100},"statements":{"total":4,"covered":4,"skipped":0,"pct":100},"branches":{"total":1,"covered":1,"skipped":0,"pct":100}}
,"D:/REACTTEST1/react-rs/react-components/src/components/form-components/selectorInput.tsx": {"lines":{"total":4,"covered":4,"skipped":0,"pct":100},"functions":{"total":2,"covered":2,"skipped":0,"pct":100},"statements":{"total":4,"covered":4,"skipped":0,"pct":100},"branches":{"total":1,"covered":1,"skipped":0,"pct":100}}
,"D:/REACTTEST1/react-rs/react-components/src/components/modal-components/cardModal.tsx": {"lines":{"total":8,"covered":8,"skipped":0,"pct":100},"functions":{"total":3,"covered":3,"skipped":0,"pct":100},"statements":{"total":8,"covered":8,"skipped":0,"pct":100},"branches":{"total":4,"covered":4,"skipped":0,"pct":100}}
,"D:/REACTTEST1/react-rs/react-components/src/components/modal-components/cardModalFill.tsx": {"lines":{"total":13,"covered":8,"skipped":0,"pct":61.53},"functions":{"total":3,"covered":2,"skipped":0,"pct":66.66},"statements":{"total":15,"covered":10,"skipped":0,"pct":66.66},"branches":{"total":7,"covered":2,"skipped":0,"pct":28.57}}
,"D:/REACTTEST1/react-rs/react-components/src/components/modal-components/modal.tsx": {"lines":{"total":5,"covered":5,"skipped":0,"pct":100},"functions":{"total":2,"covered":2,"skipped":0,"pct":100},"statements":{"total":5,"covered":5,"skipped":0,"pct":100},"branches":{"total":3,"covered":3,"skipped":0,"pct":100}}
,"D:/REACTTEST1/react-rs/react-components/src/components/search-components/searchBar.tsx": {"lines":{"total":8,"covered":8,"skipped":0,"pct":100},"functions":{"total":4,"covered":4,"skipped":0,"pct":100},"statements":{"total":11,"covered":11,"skipped":0,"pct":100},"branches":{"total":2,"covered":2,"skipped":0,"pct":100}}
,"D:/REACTTEST1/react-rs/react-components/src/components/search-components/searchForm.tsx": {"lines":{"total":9,"covered":8,"skipped":0,"pct":88.88},"functions":{"total":5,"covered":4,"skipped":0,"pct":80},"statements":{"total":12,"covered":11,"skipped":0,"pct":91.66},"branches":{"total":1,"covered":1,"skipped":0,"pct":100}}
,"D:/REACTTEST1/react-rs/react-components/src/helpers/getCurrentDate.ts": {"lines":{"total":5,"covered":5,"skipped":0,"pct":100},"functions":{"total":1,"covered":1,"skipped":0,"pct":100},"statements":{"total":5,"covered":5,"skipped":0,"pct":100},"branches":{"total":2,"covered":1,"skipped":0,"pct":50}}
,"D:/REACTTEST1/react-rs/react-components/src/helpers/inputValidator.ts": {"lines":{"total":10,"covered":10,"skipped":0,"pct":100},"functions":{"total":5,"covered":5,"skipped":0,"pct":100},"statements":{"total":10,"covered":10,"skipped":0,"pct":100},"branches":{"total":12,"covered":12,"skipped":0,"pct":100}}
,"D:/REACTTEST1/react-rs/react-components/src/helpers/locationPrettifyer.ts": {"lines":{"total":4,"covered":3,"skipped":0,"pct":75},"functions":{"total":1,"covered":1,"skipped":0,"pct":100},"statements":{"total":7,"covered":6,"skipped":0,"pct":85.71},"branches":{"total":6,"covered":5,"skipped":0,"pct":83.33}}
,"D:/REACTTEST1/react-rs/react-components/src/helpers/protoResultsMapper.ts": {"lines":{"total":1,"covered":1,"skipped":0,"pct":100},"functions":{"total":1,"covered":1,"skipped":0,"pct":100},"statements":{"total":1,"covered":1,"skipped":0,"pct":100},"branches":{"total":0,"covered":0,"skipped":0,"pct":100}}
,"D:/REACTTEST1/react-rs/react-components/src/routes/aboutPage.tsx": {"lines":{"total":4,"covered":4,"skipped":0,"pct":100},"functions":{"total":2,"covered":2,"skipped":0,"pct":100},"statements":{"total":4,"covered":4,"skipped":0,"pct":100},"branches":{"total":1,"covered":1,"skipped":0,"pct":100}}
,"D:/REACTTEST1/react-rs/react-components/src/routes/formPage.tsx": {"lines":{"total":23,"covered":23,"skipped":0,"pct":100},"functions":{"total":9,"covered":9,"skipped":0,"pct":100},"statements":{"total":26,"covered":26,"skipped":0,"pct":100},"branches":{"total":2,"covered":2,"skipped":0,"pct":100}}
,"D:/REACTTEST1/react-rs/react-components/src/routes/homePage.tsx": {"lines":{"total":4,"covered":4,"skipped":0,"pct":100},"functions":{"total":2,"covered":2,"skipped":0,"pct":100},"statements":{"total":4,"covered":4,"skipped":0,"pct":100},"branches":{"total":1,"covered":1,"skipped":0,"pct":100}}
,"D:/REACTTEST1/react-rs/react-components/src/routes/page404.tsx": {"lines":{"total":4,"covered":3,"skipped":0,"pct":75},"functions":{"total":2,"covered":1,"skipped":0,"pct":50},"statements":{"total":4,"covered":3,"skipped":0,"pct":75},"branches":{"total":1,"covered":1,"skipped":0,"pct":100}}
,"D:/REACTTEST1/react-rs/react-components/src/store/rootReducer.ts": {"lines":{"total":1,"covered":1,"skipped":0,"pct":100},"functions":{"total":0,"covered":0,"skipped":0,"pct":100},"statements":{"total":1,"covered":1,"skipped":0,"pct":100},"branches":{"total":0,"covered":0,"skipped":0,"pct":100}}
,"D:/REACTTEST1/react-rs/react-components/src/store/store.ts": {"lines":{"total":6,"covered":6,"skipped":0,"pct":100},"functions":{"total":3,"covered":2,"skipped":0,"pct":66.66},"statements":{"total":7,"covered":6,"skipped":0,"pct":85.71},"branches":{"total":2,"covered":2,"skipped":0,"pct":100}}
,"D:/REACTTEST1/react-rs/react-components/src/store/reducers/formDataReducer.ts": {"lines":{"total":4,"covered":4,"skipped":0,"pct":100},"functions":{"total":1,"covered":1,"skipped":0,"pct":100},"statements":{"total":4,"covered":4,"skipped":0,"pct":100},"branches":{"total":3,"covered":3,"skipped":0,"pct":100}}
,"D:/REACTTEST1/react-rs/react-components/src/store/reducers/formInputReducer.ts": {"lines":{"total":9,"covered":3,"skipped":0,"pct":33.33},"functions":{"total":1,"covered":1,"skipped":0,"pct":100},"statements":{"total":9,"covered":3,"skipped":0,"pct":33.33},"branches":{"total":8,"covered":2,"skipped":0,"pct":25}}
,"D:/REACTTEST1/react-rs/react-components/src/store/reducers/searchReducer.ts": {"lines":{"total":5,"covered":5,"skipped":0,"pct":100},"functions":{"total":1,"covered":1,"skipped":0,"pct":100},"statements":{"total":5,"covered":5,"skipped":0,"pct":100},"branches":{"total":4,"covered":4,"skipped":0,"pct":100}}
,"D:/REACTTEST1/react-rs/react-components/src/types/constants.ts": {"lines":{"total":2,"covered":2,"skipped":0,"pct":100},"functions":{"total":0,"covered":0,"skipped":0,"pct":100},"statements":{"total":2,"covered":2,"skipped":0,"pct":100},"branches":{"total":0,"covered":0,"skipped":0,"pct":100}}
,"D:/REACTTEST1/react-rs/react-components/src/types/interfaces.ts": {"lines":{"total":0,"covered":0,"skipped":0,"pct":0},"functions":{"total":0,"covered":0,"skipped":0,"pct":0},"statements":{"total":0,"covered":0,"skipped":0,"pct":0},"branches":{"total":0,"covered":0,"skipped":0,"pct":0}}
}
