{"D:/REACTTEST1/react-rs/react-components/src/App.tsx": {"path":"D:/REACTTEST1/react-rs/react-components/src/App.tsx","statementMap":{"0":{"start":{"line":12,"column":4},"end":{"line":23,"column":null}}},"fnMap":{"0":{"name":"(anonymous_0)","decl":{"start":{"line":11,"column":2},"end":{"line":11,"column":11}},"loc":{"start":{"line":11,"column":11},"end":{"line":25,"column":null}}}},"branchMap":{},"s":{"0":12},"f":{"0":12},"b":{}}
,"D:/REACTTEST1/react-rs/react-components/src/Html.tsx": {"path":"D:/REACTTEST1/react-rs/react-components/src/Html.tsx","statementMap":{},"fnMap":{},"branchMap":{},"s":{},"f":{},"b":{}}
,"D:/REACTTEST1/react-rs/react-components/src/entry-client.tsx": {"path":"D:/REACTTEST1/react-rs/react-components/src/entry-client.tsx","statementMap":{"0":{"start":{"line":16,"column":14},"end":{"line":16,"column":null}},"1":{"start":{"line":19,"column":0},"end":{"line":27,"column":null}}},"fnMap":{},"branchMap":{},"s":{"0":6,"1":6},"f":{},"b":{}}
,"D:/REACTTEST1/react-rs/react-components/src/entry-server.tsx": {"path":"D:/REACTTEST1/react-rs/react-components/src/entry-server.tsx","statementMap":{},"fnMap":{},"branchMap":{},"s":{},"f":{},"b":{}}
,"D:/REACTTEST1/react-rs/react-components/src/api/createApi.ts": {"path":"D:/REACTTEST1/react-rs/react-components/src/api/createApi.ts","statementMap":{"0":{"start":{"line":4,"column":59},"end":{"line":5,"column":null}},"1":{"start":{"line":7,"column":18},"end":{"line":10,"column":null}}},"fnMap":{},"branchMap":{"0":{"loc":{"start":{"line":4,"column":59},"end":{"line":5,"column":null}},"type":"binary-expr","locations":[{"start":{"line":4,"column":59},"end":{"line":4,"column":null}},{"start":{"line":5,"column":2},"end":{"line":5,"column":null}}]}},"s":{"0":6,"1":6},"f":{},"b":{"0":[6,6]}}
,"D:/REACTTEST1/react-rs/react-components/src/api/flickrApi.ts": {"path":"D:/REACTTEST1/react-rs/react-components/src/api/flickrApi.ts","statementMap":{"0":{"start":{"line":6,"column":29},"end":{"line":6,"column":null}},"1":{"start":{"line":8,"column":25},"end":{"line":26,"column":null}},"2":{"start":{"line":11,"column":27},"end":{"line":25,"column":null}},"3":{"start":{"line":13,"column":23},"end":{"line":16,"column":null}},"4":{"start":{"line":17,"column":84},"end":{"line":17,"column":null}},"5":{"start":{"line":20,"column":23},"end":{"line":23,"column":null}},"6":{"start":{"line":28,"column":66},"end":{"line":28,"column":null}}},"fnMap":{"0":{"name":"(anonymous_0)","decl":{"start":{"line":11,"column":13},"end":{"line":11,"column":14}},"loc":{"start":{"line":11,"column":27},"end":{"line":25,"column":null}}},"1":{"name":"(anonymous_1)","decl":{"start":{"line":13,"column":13},"end":{"line":13,"column":14}},"loc":{"start":{"line":13,"column":23},"end":{"line":16,"column":null}}},"2":{"name":"(anonymous_2)","decl":{"start":{"line":17,"column":30},"end":{"line":17,"column":31}},"loc":{"start":{"line":17,"column":84},"end":{"line":17,"column":null}}},"3":{"name":"(anonymous_3)","decl":{"start":{"line":20,"column":13},"end":{"line":20,"column":14}},"loc":{"start":{"line":20,"column":23},"end":{"line":23,"column":null}}}},"branchMap":{"0":{"loc":{"start":{"line":6,"column":29},"end":{"line":6,"column":null}},"type":"binary-expr","locations":[{"start":{"line":6,"column":29},"end":{"line":6,"column":66}},{"start":{"line":6,"column":66},"end":{"line":6,"column":null}}]}},"s":{"0":6,"1":6,"2":6,"3":1,"4":0,"5":1,"6":6},"f":{"0":6,"1":1,"2":0,"3":1},"b":{"0":[6,6]}}
,"D:/REACTTEST1/react-rs/react-components/src/api/flickrApiThunks.ts": {"path":"D:/REACTTEST1/react-rs/react-components/src/api/flickrApiThunks.ts","statementMap":{},"fnMap":{},"branchMap":{},"s":{},"f":{},"b":{}}
,"D:/REACTTEST1/react-rs/react-components/src/assets/catData.ts": {"path":"D:/REACTTEST1/react-rs/react-components/src/assets/catData.ts","statementMap":{},"fnMap":{},"branchMap":{},"s":{},"f":{},"b":{}}
,"D:/REACTTEST1/react-rs/react-components/src/components/cardsContainer.tsx": {"path":"D:/REACTTEST1/react-rs/react-components/src/components/cardsContainer.tsx","statementMap":{"0":{"start":{"line":11,"column":26},"end":{"line":11,"column":null}},"1":{"start":{"line":12,"column":38},"end":{"line":12,"column":null}},"2":{"start":{"line":13,"column":36},"end":{"line":13,"column":null}},"3":{"start":{"line":14,"column":30},"end":{"line":14,"column":null}},"4":{"start":{"line":15,"column":25},"end":{"line":15,"column":null}},"5":{"start":{"line":15,"column":56},"end":{"line":15,"column":83}},"6":{"start":{"line":17,"column":2},"end":{"line":19,"column":null}},"7":{"start":{"line":18,"column":4},"end":{"line":18,"column":null}},"8":{"start":{"line":21,"column":38},"end":{"line":24,"column":null}},"9":{"start":{"line":27,"column":4},"end":{"line":29,"column":null}},"10":{"start":{"line":30,"column":4},"end":{"line":30,"column":null}},"11":{"start":{"line":34,"column":4},"end":{"line":34,"column":null}},"12":{"start":{"line":37,"column":16},"end":{"line":37,"column":null}},"13":{"start":{"line":38,"column":2},"end":{"line":68,"column":null}},"14":{"start":{"line":39,"column":4},"end":{"line":42,"column":null}},"15":{"start":{"line":44,"column":2},"end":{"line":68,"column":null}},"16":{"start":{"line":45,"column":4},"end":{"line":60,"column":null}},"17":{"start":{"line":48,"column":10},"end":{"line":55,"column":null}},"18":{"start":{"line":62,"column":2},"end":{"line":68,"column":null}},"19":{"start":{"line":63,"column":4},"end":{"line":66,"column":null}},"20":{"start":{"line":70,"column":2},"end":{"line":70,"column":null}},"21":{"start":{"line":71,"column":1},"end":{"line":21,"column":63}},"22":{"start":{"line":11,"column":23},"end":{"line":21,"column":63}},"23":{"start":{"line":21,"column":62},"end":{"line":11,"column":23}},"24":{"start":{"line":73,"column":30},"end":{"line":73,"column":null}}},"fnMap":{"0":{"name":"CardsContainer","decl":{"start":{"line":11,"column":9},"end":{"line":11,"column":23}},"loc":{"start":{"line":11,"column":26},"end":{"line":71,"column":1}}},"1":{"name":"(anonymous_2)","decl":{"start":{"line":15,"column":37},"end":{"line":15,"column":38}},"loc":{"start":{"line":15,"column":56},"end":{"line":15,"column":83}}},"2":{"name":"(anonymous_3)","decl":{"start":{"line":17,"column":12},"end":{"line":17,"column":18}},"loc":{"start":{"line":17,"column":18},"end":{"line":19,"column":5}}},"3":{"name":"openModal","decl":{"start":{"line":26,"column":11},"end":{"line":26,"column":21}},"loc":{"start":{"line":26,"column":33},"end":{"line":31,"column":null}}},"4":{"name":"closeModal","decl":{"start":{"line":33,"column":11},"end":{"line":33,"column":24}},"loc":{"start":{"line":33,"column":24},"end":{"line":35,"column":null}}},"5":{"name":"(anonymous_6)","decl":{"start":{"line":47,"column":31},"end":{"line":47,"column":32}},"loc":{"start":{"line":47,"column":70},"end":{"line":58,"column":9}}},"6":{"name":"(anonymous_7)","decl":{"start":{"line":11,"column":23},"end":{"line":11,"column":26}},"loc":{"start":{"line":11,"column":23},"end":{"line":21,"column":63}}}},"branchMap":{"0":{"loc":{"start":{"line":23,"column":10},"end":{"line":23,"column":null}},"type":"binary-expr","locations":[{"start":{"line":23,"column":10},"end":{"line":23,"column":24}},{"start":{"line":23,"column":24},"end":{"line":23,"column":null}}]},"1":{"loc":{"start":{"line":38,"column":2},"end":{"line":68,"column":null}},"type":"if","locations":[{"start":{"line":38,"column":2},"end":{"line":68,"column":null}},{"start":{"line":44,"column":2},"end":{"line":68,"column":null}}]},"2":{"loc":{"start":{"line":44,"column":2},"end":{"line":68,"column":null}},"type":"if","locations":[{"start":{"line":44,"column":2},"end":{"line":68,"column":null}},{"start":{"line":62,"column":2},"end":{"line":68,"column":null}}]},"3":{"loc":{"start":{"line":62,"column":2},"end":{"line":68,"column":null}},"type":"if","locations":[{"start":{"line":62,"column":2},"end":{"line":68,"column":null}}]}},"s":{"0":30,"1":30,"2":30,"3":30,"4":30,"5":52,"6":30,"7":7,"8":30,"9":1,"10":1,"11":1,"12":30,"13":30,"14":2,"15":28,"16":28,"17":280,"18":0,"19":0,"20":30,"21":6,"22":2,"23":6,"24":6},"f":{"0":30,"1":52,"2":7,"3":1,"4":1,"5":280,"6":2},"b":{"0":[30,22],"1":[2,28],"2":[28,0],"3":[0]}}
,"D:/REACTTEST1/react-rs/react-components/src/components/header.tsx": {"path":"D:/REACTTEST1/react-rs/react-components/src/components/header.tsx","statementMap":{"0":{"start":{"line":5,"column":18},"end":{"line":5,"column":null}},"1":{"start":{"line":6,"column":19},"end":{"line":6,"column":null}},"2":{"start":{"line":8,"column":2},"end":{"line":32,"column":null}},"3":{"start":{"line":34,"column":1},"end":{"line":6,"column":null}},"4":{"start":{"line":5,"column":15},"end":{"line":6,"column":null}},"5":{"start":{"line":6,"column":30},"end":{"line":5,"column":15}},"6":{"start":{"line":36,"column":22},"end":{"line":36,"column":null}}},"fnMap":{"0":{"name":"Header","decl":{"start":{"line":5,"column":9},"end":{"line":5,"column":15}},"loc":{"start":{"line":5,"column":18},"end":{"line":34,"column":1}}},"1":{"name":"(anonymous_2)","decl":{"start":{"line":5,"column":15},"end":{"line":5,"column":18}},"loc":{"start":{"line":5,"column":15},"end":{"line":6,"column":null}}}},"branchMap":{},"s":{"0":18,"1":18,"2":18,"3":6,"4":6,"5":6,"6":6},"f":{"0":18,"1":6},"b":{}}
,"D:/REACTTEST1/react-rs/react-components/src/components/card-components/card.tsx": {"path":"D:/REACTTEST1/react-rs/react-components/src/components/card-components/card.tsx","statementMap":{"0":{"start":{"line":1,"column":41},"end":{"line":1,"column":null}},"1":{"start":{"line":7,"column":2},"end":{"line":28,"column":null}},"2":{"start":{"line":30,"column":1},"end":{"line":6,"column":14}},"3":{"start":{"line":32,"column":20},"end":{"line":32,"column":null}}},"fnMap":{"0":{"name":"(anonymous_0)","decl":{"start":{"line":1,"column":41},"end":{"line":1,"column":null}},"loc":{"start":{"line":1,"column":41},"end":{"line":1,"column":null}}},"1":{"name":"Card","decl":{"start":{"line":6,"column":9},"end":{"line":6,"column":14}},"loc":{"start":{"line":6,"column":33},"end":{"line":30,"column":1}}}},"branchMap":{"0":{"loc":{"start":{"line":1,"column":41},"end":{"line":1,"column":null}},"type":"if","locations":[{"start":{"line":1,"column":41},"end":{"line":1,"column":null}}]}},"s":{"0":42,"1":12,"2":6,"3":6},"f":{"0":6,"1":12},"b":{"0":[6]}}
,"D:/REACTTEST1/react-rs/react-components/src/components/card-components/cardBottomItem.tsx": {"path":"D:/REACTTEST1/react-rs/react-components/src/components/card-components/cardBottomItem.tsx","statementMap":{"0":{"start":{"line":1,"column":49},"end":{"line":1,"column":null}},"1":{"start":{"line":5,"column":2},"end":{"line":15,"column":null}},"2":{"start":{"line":17,"column":1},"end":{"line":4,"column":24}},"3":{"start":{"line":19,"column":30},"end":{"line":19,"column":null}}},"fnMap":{"0":{"name":"(anonymous_0)","decl":{"start":{"line":1,"column":49},"end":{"line":1,"column":null}},"loc":{"start":{"line":1,"column":49},"end":{"line":1,"column":null}}},"1":{"name":"CardBottomItem","decl":{"start":{"line":4,"column":9},"end":{"line":4,"column":24}},"loc":{"start":{"line":4,"column":84},"end":{"line":17,"column":1}}}},"branchMap":{"0":{"loc":{"start":{"line":1,"column":49},"end":{"line":1,"column":null}},"type":"if","locations":[{"start":{"line":1,"column":49},"end":{"line":1,"column":null}}]}},"s":{"0":42,"1":12,"2":6,"3":6},"f":{"0":6,"1":12},"b":{"0":[6]}}
,"D:/REACTTEST1/react-rs/react-components/src/components/card-components/cardsTagsList.tsx": {"path":"D:/REACTTEST1/react-rs/react-components/src/components/card-components/cardsTagsList.tsx","statementMap":{"0":{"start":{"line":1,"column":28},"end":{"line":1,"column":67}},"1":{"start":{"line":2,"column":2},"end":{"line":13,"column":null}},"2":{"start":{"line":6,"column":10},"end":{"line":9,"column":null}},"3":{"start":{"line":15,"column":1},"end":{"line":1,"column":26}},"4":{"start":{"line":17,"column":27},"end":{"line":17,"column":null}}},"fnMap":{"0":{"name":"(anonymous_0)","decl":{"start":{"line":1,"column":28},"end":{"line":1,"column":67}},"loc":{"start":{"line":1,"column":28},"end":{"line":1,"column":67}}},"1":{"name":"(anonymous_2)","decl":{"start":{"line":5,"column":24},"end":{"line":5,"column":25}},"loc":{"start":{"line":5,"column":39},"end":{"line":11,"column":9}}}},"branchMap":{"0":{"loc":{"start":{"line":1,"column":28},"end":{"line":1,"column":67}},"type":"if","locations":[{"start":{"line":1,"column":28},"end":{"line":1,"column":67}}]}},"s":{"0":42,"1":12,"2":12,"3":6,"4":6},"f":{"0":18,"1":12},"b":{"0":[6]}}
,"D:/REACTTEST1/react-rs/react-components/src/components/card-components/simpleCard.tsx": {"path":"D:/REACTTEST1/react-rs/react-components/src/components/card-components/simpleCard.tsx","statementMap":{"0":{"start":{"line":1,"column":41},"end":{"line":1,"column":null}},"1":{"start":{"line":5,"column":2},"end":{"line":26,"column":null}},"2":{"start":{"line":9,"column":21},"end":{"line":9,"column":null}},"3":{"start":{"line":21,"column":12},"end":{"line":21,"column":null}},"4":{"start":{"line":21,"column":40},"end":{"line":21,"column":null}},"5":{"start":{"line":22,"column":12},"end":{"line":22,"column":null}},"6":{"start":{"line":28,"column":1},"end":{"line":4,"column":20}},"7":{"start":{"line":30,"column":26},"end":{"line":30,"column":null}}},"fnMap":{"0":{"name":"(anonymous_0)","decl":{"start":{"line":1,"column":41},"end":{"line":1,"column":null}},"loc":{"start":{"line":1,"column":41},"end":{"line":1,"column":null}}},"1":{"name":"SimpleCard","decl":{"start":{"line":4,"column":9},"end":{"line":4,"column":20}},"loc":{"start":{"line":4,"column":45},"end":{"line":28,"column":1}}},"2":{"name":"(anonymous_2)","decl":{"start":{"line":9,"column":15},"end":{"line":9,"column":21}},"loc":{"start":{"line":9,"column":21},"end":{"line":9,"column":null}}},"3":{"name":"(anonymous_3)","decl":{"start":{"line":20,"column":12},"end":{"line":20,"column":18}},"loc":{"start":{"line":20,"column":18},"end":{"line":23,"column":11}}}},"branchMap":{"0":{"loc":{"start":{"line":1,"column":41},"end":{"line":1,"column":null}},"type":"if","locations":[{"start":{"line":1,"column":41},"end":{"line":1,"column":null}}]},"1":{"loc":{"start":{"line":21,"column":12},"end":{"line":21,"column":null}},"type":"if","locations":[{"start":{"line":21,"column":12},"end":{"line":21,"column":null}}]}},"s":{"0":42,"1":260,"2":1,"3":260,"4":164,"5":96,"6":6,"7":6},"f":{"0":6,"1":260,"2":1,"3":260},"b":{"0":[6],"1":[164]}}
,"D:/REACTTEST1/react-rs/react-components/src/components/form-components/checkboxInput.tsx": {"path":"D:/REACTTEST1/react-rs/react-components/src/components/form-components/checkboxInput.tsx","statementMap":{"0":{"start":{"line":1,"column":66},"end":{"line":1,"column":null}},"1":{"start":{"line":5,"column":2},"end":{"line":37,"column":null}},"2":{"start":{"line":39,"column":1},"end":{"line":4,"column":23}},"3":{"start":{"line":41,"column":29},"end":{"line":41,"column":null}}},"fnMap":{"0":{"name":"(anonymous_0)","decl":{"start":{"line":1,"column":66},"end":{"line":1,"column":null}},"loc":{"start":{"line":1,"column":66},"end":{"line":1,"column":null}}},"1":{"name":"CheckboxInput","decl":{"start":{"line":4,"column":9},"end":{"line":4,"column":23}},"loc":{"start":{"line":4,"column":96},"end":{"line":39,"column":1}}}},"branchMap":{"0":{"loc":{"start":{"line":1,"column":66},"end":{"line":1,"column":null}},"type":"if","locations":[{"start":{"line":1,"column":66},"end":{"line":1,"column":null}}]}},"s":{"0":42,"1":26,"2":6,"3":6},"f":{"0":6,"1":26},"b":{"0":[6]}}
,"D:/REACTTEST1/react-rs/react-components/src/components/form-components/dropdownInput.tsx": {"path":"D:/REACTTEST1/react-rs/react-components/src/components/form-components/dropdownInput.tsx","statementMap":{"0":{"start":{"line":1,"column":52},"end":{"line":1,"column":null}},"1":{"start":{"line":4,"column":2},"end":{"line":12,"column":null}},"2":{"start":{"line":14,"column":1},"end":{"line":3,"column":23}},"3":{"start":{"line":16,"column":29},"end":{"line":16,"column":null}}},"fnMap":{"0":{"name":"(anonymous_0)","decl":{"start":{"line":1,"column":52},"end":{"line":1,"column":null}},"loc":{"start":{"line":1,"column":52},"end":{"line":1,"column":null}}},"1":{"name":"DropDownInput","decl":{"start":{"line":3,"column":9},"end":{"line":3,"column":23}},"loc":{"start":{"line":3,"column":73},"end":{"line":14,"column":1}}}},"branchMap":{"0":{"loc":{"start":{"line":1,"column":52},"end":{"line":1,"column":null}},"type":"if","locations":[{"start":{"line":1,"column":52},"end":{"line":1,"column":null}}]}},"s":{"0":42,"1":26,"2":6,"3":6},"f":{"0":6,"1":26},"b":{"0":[6]}}
,"D:/REACTTEST1/react-rs/react-components/src/components/form-components/generalInput.tsx": {"path":"D:/REACTTEST1/react-rs/react-components/src/components/form-components/generalInput.tsx","statementMap":{"0":{"start":{"line":1,"column":61},"end":{"line":1,"column":null}},"1":{"start":{"line":10,"column":2},"end":{"line":17,"column":null}},"2":{"start":{"line":19,"column":1},"end":{"line":3,"column":22}},"3":{"start":{"line":21,"column":28},"end":{"line":21,"column":null}}},"fnMap":{"0":{"name":"(anonymous_0)","decl":{"start":{"line":1,"column":61},"end":{"line":1,"column":null}},"loc":{"start":{"line":1,"column":61},"end":{"line":1,"column":null}}},"1":{"name":"GeneralInput","decl":{"start":{"line":3,"column":9},"end":{"line":3,"column":22}},"loc":{"start":{"line":9,"column":25},"end":{"line":19,"column":1}}}},"branchMap":{"0":{"loc":{"start":{"line":1,"column":61},"end":{"line":1,"column":null}},"type":"if","locations":[{"start":{"line":1,"column":61},"end":{"line":1,"column":null}}]}},"s":{"0":42,"1":78,"2":6,"3":6},"f":{"0":6,"1":78},"b":{"0":[6]}}
,"D:/REACTTEST1/react-rs/react-components/src/components/form-components/radioInput.tsx": {"path":"D:/REACTTEST1/react-rs/react-components/src/components/form-components/radioInput.tsx","statementMap":{"0":{"start":{"line":1,"column":57},"end":{"line":1,"column":null}},"1":{"start":{"line":5,"column":2},"end":{"line":26,"column":null}},"2":{"start":{"line":28,"column":1},"end":{"line":4,"column":20}},"3":{"start":{"line":30,"column":26},"end":{"line":30,"column":null}}},"fnMap":{"0":{"name":"(anonymous_0)","decl":{"start":{"line":1,"column":57},"end":{"line":1,"column":null}},"loc":{"start":{"line":1,"column":57},"end":{"line":1,"column":null}}},"1":{"name":"RadioInput","decl":{"start":{"line":4,"column":9},"end":{"line":4,"column":20}},"loc":{"start":{"line":4,"column":65},"end":{"line":28,"column":1}}}},"branchMap":{"0":{"loc":{"start":{"line":1,"column":57},"end":{"line":1,"column":null}},"type":"if","locations":[{"start":{"line":1,"column":57},"end":{"line":1,"column":null}}]}},"s":{"0":42,"1":26,"2":6,"3":6},"f":{"0":6,"1":26},"b":{"0":[6]}}
,"D:/REACTTEST1/react-rs/react-components/src/components/form-components/selectorInput.tsx": {"path":"D:/REACTTEST1/react-rs/react-components/src/components/form-components/selectorInput.tsx","statementMap":{"0":{"start":{"line":1,"column":55},"end":{"line":1,"column":null}},"1":{"start":{"line":4,"column":2},"end":{"line":10,"column":null}},"2":{"start":{"line":12,"column":1},"end":{"line":3,"column":23}},"3":{"start":{"line":14,"column":29},"end":{"line":14,"column":null}}},"fnMap":{"0":{"name":"(anonymous_0)","decl":{"start":{"line":1,"column":55},"end":{"line":1,"column":null}},"loc":{"start":{"line":1,"column":55},"end":{"line":1,"column":null}}},"1":{"name":"SelectorInput","decl":{"start":{"line":3,"column":9},"end":{"line":3,"column":23}},"loc":{"start":{"line":3,"column":80},"end":{"line":12,"column":1}}}},"branchMap":{"0":{"loc":{"start":{"line":1,"column":55},"end":{"line":1,"column":null}},"type":"if","locations":[{"start":{"line":1,"column":55},"end":{"line":1,"column":null}}]}},"s":{"0":42,"1":130,"2":6,"3":6},"f":{"0":6,"1":130},"b":{"0":[6]}}
,"D:/REACTTEST1/react-rs/react-components/src/components/modal-components/cardModal.tsx": {"path":"D:/REACTTEST1/react-rs/react-components/src/components/modal-components/cardModal.tsx","statementMap":{"0":{"start":{"line":1,"column":56},"end":{"line":1,"column":null}},"1":{"start":{"line":6,"column":28},"end":{"line":8,"column":null}},"2":{"start":{"line":10,"column":2},"end":{"line":26,"column":null}},"3":{"start":{"line":16,"column":12},"end":{"line":18,"column":null}},"4":{"start":{"line":17,"column":14},"end":{"line":17,"column":null}},"5":{"start":{"line":19,"column":12},"end":{"line":19,"column":null}},"6":{"start":{"line":28,"column":1},"end":{"line":5,"column":19}},"7":{"start":{"line":29,"column":25},"end":{"line":29,"column":null}}},"fnMap":{"0":{"name":"(anonymous_0)","decl":{"start":{"line":1,"column":56},"end":{"line":1,"column":null}},"loc":{"start":{"line":1,"column":56},"end":{"line":1,"column":null}}},"1":{"name":"CardModal","decl":{"start":{"line":5,"column":9},"end":{"line":5,"column":19}},"loc":{"start":{"line":5,"column":43},"end":{"line":28,"column":1}}},"2":{"name":"(anonymous_2)","decl":{"start":{"line":15,"column":12},"end":{"line":15,"column":18}},"loc":{"start":{"line":15,"column":18},"end":{"line":20,"column":11}}}},"branchMap":{"0":{"loc":{"start":{"line":1,"column":56},"end":{"line":1,"column":null}},"type":"if","locations":[{"start":{"line":1,"column":56},"end":{"line":1,"column":null}}]},"1":{"loc":{"start":{"line":6,"column":28},"end":{"line":8,"column":null}},"type":"cond-expr","locations":[{"start":{"line":7,"column":6},"end":{"line":7,"column":null}},{"start":{"line":8,"column":6},"end":{"line":8,"column":null}}]},"2":{"loc":{"start":{"line":16,"column":12},"end":{"line":18,"column":null}},"type":"if","locations":[{"start":{"line":16,"column":12},"end":{"line":18,"column":null}}]}},"s":{"0":42,"1":26,"2":26,"3":26,"4":4,"5":22,"6":6,"7":6},"f":{"0":6,"1":26,"2":26},"b":{"0":[6],"1":[2,24],"2":[4]}}
,"D:/REACTTEST1/react-rs/react-components/src/components/modal-components/cardModalFill.tsx": {"path":"D:/REACTTEST1/react-rs/react-components/src/components/modal-components/cardModalFill.tsx","statementMap":{"0":{"start":{"line":8,"column":46},"end":{"line":8,"column":null}},"1":{"start":{"line":9,"column":38},"end":{"line":12,"column":null}},"2":{"start":{"line":14,"column":16},"end":{"line":14,"column":null}},"3":{"start":{"line":15,"column":2},"end":{"line":46,"column":null}},"4":{"start":{"line":16,"column":4},"end":{"line":16,"column":null}},"5":{"start":{"line":17,"column":2},"end":{"line":46,"column":null}},"6":{"start":{"line":18,"column":4},"end":{"line":38,"column":null}},"7":{"start":{"line":35,"column":65},"end":{"line":35,"column":73}},"8":{"start":{"line":40,"column":2},"end":{"line":46,"column":null}},"9":{"start":{"line":41,"column":4},"end":{"line":44,"column":null}},"10":{"start":{"line":48,"column":2},"end":{"line":48,"column":null}},"11":{"start":{"line":49,"column":1},"end":{"line":9,"column":59}},"12":{"start":{"line":8,"column":22},"end":{"line":9,"column":59}},"13":{"start":{"line":9,"column":58},"end":{"line":8,"column":22}},"14":{"start":{"line":51,"column":29},"end":{"line":51,"column":null}}},"fnMap":{"0":{"name":"CardModalFill","decl":{"start":{"line":8,"column":9},"end":{"line":8,"column":22}},"loc":{"start":{"line":8,"column":46},"end":{"line":49,"column":1}}},"1":{"name":"(anonymous_2)","decl":{"start":{"line":35,"column":40},"end":{"line":35,"column":41}},"loc":{"start":{"line":35,"column":65},"end":{"line":35,"column":73}}},"2":{"name":"(anonymous_3)","decl":{"start":{"line":8,"column":22},"end":{"line":8,"column":23}},"loc":{"start":{"line":8,"column":22},"end":{"line":9,"column":59}}}},"branchMap":{"0":{"loc":{"start":{"line":11,"column":14},"end":{"line":11,"column":null}},"type":"binary-expr","locations":[{"start":{"line":11,"column":14},"end":{"line":11,"column":26}},{"start":{"line":11,"column":26},"end":{"line":11,"column":null}}]},"1":{"loc":{"start":{"line":15,"column":2},"end":{"line":46,"column":null}},"type":"if","locations":[{"start":{"line":15,"column":2},"end":{"line":46,"column":null}},{"start":{"line":17,"column":2},"end":{"line":46,"column":null}}]},"2":{"loc":{"start":{"line":17,"column":2},"end":{"line":46,"column":null}},"type":"if","locations":[{"start":{"line":17,"column":2},"end":{"line":46,"column":null}},{"start":{"line":40,"column":2},"end":{"line":46,"column":null}}]},"3":{"loc":{"start":{"line":40,"column":2},"end":{"line":46,"column":null}},"type":"if","locations":[{"start":{"line":40,"column":2},"end":{"line":46,"column":null}}]}},"s":{"0":4,"1":4,"2":4,"3":4,"4":4,"5":0,"6":0,"7":0,"8":0,"9":0,"10":4,"11":6,"12":1,"13":6,"14":6},"f":{"0":4,"1":0,"2":1},"b":{"0":[4,0],"1":[4,0],"2":[0,0],"3":[0]}}
,"D:/REACTTEST1/react-rs/react-components/src/components/modal-components/modal.tsx": {"path":"D:/REACTTEST1/react-rs/react-components/src/components/modal-components/modal.tsx","statementMap":{"0":{"start":{"line":1,"column":42},"end":{"line":1,"column":null}},"1":{"start":{"line":8,"column":28},"end":{"line":10,"column":null}},"2":{"start":{"line":12,"column":2},"end":{"line":23,"column":null}},"3":{"start":{"line":25,"column":1},"end":{"line":7,"column":15}},"4":{"start":{"line":26,"column":21},"end":{"line":26,"column":null}}},"fnMap":{"0":{"name":"(anonymous_0)","decl":{"start":{"line":1,"column":42},"end":{"line":1,"column":null}},"loc":{"start":{"line":1,"column":42},"end":{"line":1,"column":null}}},"1":{"name":"Modal","decl":{"start":{"line":7,"column":9},"end":{"line":7,"column":15}},"loc":{"start":{"line":7,"column":35},"end":{"line":25,"column":1}}}},"branchMap":{"0":{"loc":{"start":{"line":1,"column":42},"end":{"line":1,"column":null}},"type":"if","locations":[{"start":{"line":1,"column":42},"end":{"line":1,"column":null}}]},"1":{"loc":{"start":{"line":8,"column":28},"end":{"line":10,"column":null}},"type":"cond-expr","locations":[{"start":{"line":9,"column":6},"end":{"line":9,"column":null}},{"start":{"line":10,"column":6},"end":{"line":10,"column":null}}]}},"s":{"0":42,"1":26,"2":26,"3":6,"4":6},"f":{"0":6,"1":26},"b":{"0":[6],"1":[4,22]}}
,"D:/REACTTEST1/react-rs/react-components/src/components/search-components/searchBar.tsx": {"path":"D:/REACTTEST1/react-rs/react-components/src/components/search-components/searchBar.tsx","statementMap":{"0":{"start":{"line":7,"column":40},"end":{"line":7,"column":null}},"1":{"start":{"line":8,"column":19},"end":{"line":8,"column":null}},"2":{"start":{"line":9,"column":22},"end":{"line":9,"column":null}},"3":{"start":{"line":9,"column":53},"end":{"line":9,"column":77}},"4":{"start":{"line":12,"column":27},"end":{"line":12,"column":null}},"5":{"start":{"line":13,"column":4},"end":{"line":13,"column":null}},"6":{"start":{"line":16,"column":2},"end":{"line":34,"column":null}},"7":{"start":{"line":36,"column":1},"end":{"line":9,"column":34}},"8":{"start":{"line":7,"column":18},"end":{"line":9,"column":34}},"9":{"start":{"line":9,"column":33},"end":{"line":7,"column":18}},"10":{"start":{"line":38,"column":25},"end":{"line":38,"column":null}}},"fnMap":{"0":{"name":"SearchBar","decl":{"start":{"line":7,"column":9},"end":{"line":7,"column":18}},"loc":{"start":{"line":7,"column":40},"end":{"line":36,"column":1}}},"1":{"name":"(anonymous_2)","decl":{"start":{"line":9,"column":34},"end":{"line":9,"column":35}},"loc":{"start":{"line":9,"column":53},"end":{"line":9,"column":77}}},"2":{"name":"setSearchBarValue","decl":{"start":{"line":11,"column":11},"end":{"line":11,"column":29}},"loc":{"start":{"line":11,"column":63},"end":{"line":14,"column":null}}},"3":{"name":"(anonymous_4)","decl":{"start":{"line":7,"column":18},"end":{"line":7,"column":19}},"loc":{"start":{"line":7,"column":18},"end":{"line":9,"column":34}}}},"branchMap":{"0":{"loc":{"start":{"line":22,"column":15},"end":{"line":22,"column":null}},"type":"binary-expr","locations":[{"start":{"line":22,"column":15},"end":{"line":22,"column":30}},{"start":{"line":22,"column":30},"end":{"line":22,"column":null}}]}},"s":{"0":18,"1":18,"2":18,"3":39,"4":6,"5":6,"6":18,"7":6,"8":2,"9":6,"10":6},"f":{"0":18,"1":39,"2":6,"3":2},"b":{"0":[18,6]}}
,"D:/REACTTEST1/react-rs/react-components/src/components/search-components/searchForm.tsx": {"path":"D:/REACTTEST1/react-rs/react-components/src/components/search-components/searchForm.tsx","statementMap":{"0":{"start":{"line":6,"column":22},"end":{"line":6,"column":null}},"1":{"start":{"line":7,"column":19},"end":{"line":7,"column":null}},"2":{"start":{"line":8,"column":22},"end":{"line":8,"column":null}},"3":{"start":{"line":8,"column":53},"end":{"line":8,"column":77}},"4":{"start":{"line":11,"column":4},"end":{"line":13,"column":null}},"5":{"start":{"line":12,"column":6},"end":{"line":12,"column":null}},"6":{"start":{"line":17,"column":4},"end":{"line":17,"column":null}},"7":{"start":{"line":20,"column":2},"end":{"line":24,"column":null}},"8":{"start":{"line":26,"column":1},"end":{"line":8,"column":34}},"9":{"start":{"line":6,"column":19},"end":{"line":8,"column":34}},"10":{"start":{"line":8,"column":33},"end":{"line":6,"column":19}},"11":{"start":{"line":28,"column":26},"end":{"line":28,"column":null}}},"fnMap":{"0":{"name":"SearchForm","decl":{"start":{"line":6,"column":9},"end":{"line":6,"column":19}},"loc":{"start":{"line":6,"column":22},"end":{"line":26,"column":1}}},"1":{"name":"(anonymous_2)","decl":{"start":{"line":8,"column":34},"end":{"line":8,"column":35}},"loc":{"start":{"line":8,"column":53},"end":{"line":8,"column":77}}},"2":{"name":"keyHandler","decl":{"start":{"line":10,"column":11},"end":{"line":10,"column":22}},"loc":{"start":{"line":10,"column":64},"end":{"line":14,"column":null}}},"3":{"name":"clickHandler","decl":{"start":{"line":16,"column":11},"end":{"line":16,"column":26}},"loc":{"start":{"line":16,"column":26},"end":{"line":18,"column":null}}},"4":{"name":"(anonymous_5)","decl":{"start":{"line":6,"column":19},"end":{"line":6,"column":22}},"loc":{"start":{"line":6,"column":19},"end":{"line":8,"column":34}}}},"branchMap":{"0":{"loc":{"start":{"line":11,"column":4},"end":{"line":13,"column":null}},"type":"if","locations":[{"start":{"line":11,"column":4},"end":{"line":13,"column":null}}]}},"s":{"0":18,"1":18,"2":18,"3":39,"4":7,"5":1,"6":0,"7":18,"8":6,"9":2,"10":6,"11":6},"f":{"0":18,"1":39,"2":7,"3":0,"4":2},"b":{"0":[1]}}
,"D:/REACTTEST1/react-rs/react-components/src/helpers/getCurrentDate.ts": {"path":"D:/REACTTEST1/react-rs/react-components/src/helpers/getCurrentDate.ts","statementMap":{"0":{"start":{"line":8,"column":18},"end":{"line":8,"column":null}},"1":{"start":{"line":9,"column":15},"end":{"line":9,"column":null}},"2":{"start":{"line":10,"column":16},"end":{"line":10,"column":null}},"3":{"start":{"line":11,"column":15},"end":{"line":11,"column":null}},"4":{"start":{"line":13,"column":2},"end":{"line":13,"column":null}}},"fnMap":{"0":{"name":"getCurrentDate","decl":{"start":{"line":7,"column":16},"end":{"line":7,"column":41}},"loc":{"start":{"line":7,"column":41},"end":{"line":14,"column":null}}}},"branchMap":{"0":{"loc":{"start":{"line":13,"column":20},"end":{"line":13,"column":61}},"type":"cond-expr","locations":[{"start":{"line":13,"column":33},"end":{"line":13,"column":47}},{"start":{"line":13,"column":47},"end":{"line":13,"column":61}}]}},"s":{"0":280,"1":280,"2":280,"3":280,"4":280},"f":{"0":280},"b":{"0":[280,0]}}
,"D:/REACTTEST1/react-rs/react-components/src/helpers/inputValidator.ts": {"path":"D:/REACTTEST1/react-rs/react-components/src/helpers/inputValidator.ts","statementMap":{"0":{"start":{"line":17,"column":22},"end":{"line":17,"column":null}},"1":{"start":{"line":18,"column":22},"end":{"line":18,"column":null}},"2":{"start":{"line":19,"column":26},"end":{"line":19,"column":null}},"3":{"start":{"line":20,"column":22},"end":{"line":20,"column":null}},"4":{"start":{"line":21,"column":4},"end":{"line":29,"column":null}},"5":{"start":{"line":33,"column":4},"end":{"line":33,"column":null}},"6":{"start":{"line":37,"column":17},"end":{"line":37,"column":null}},"7":{"start":{"line":38,"column":4},"end":{"line":38,"column":null}},"8":{"start":{"line":42,"column":4},"end":{"line":42,"column":null}},"9":{"start":{"line":46,"column":4},"end":{"line":46,"column":null}}},"fnMap":{"0":{"name":"(anonymous_0)","decl":{"start":{"line":16,"column":2},"end":{"line":16,"column":17}},"loc":{"start":{"line":16,"column":59},"end":{"line":30,"column":null}}},"1":{"name":"(anonymous_1)","decl":{"start":{"line":32,"column":2},"end":{"line":32,"column":15}},"loc":{"start":{"line":32,"column":29},"end":{"line":34,"column":null}}},"2":{"name":"(anonymous_2)","decl":{"start":{"line":36,"column":2},"end":{"line":36,"column":15}},"loc":{"start":{"line":36,"column":29},"end":{"line":39,"column":null}}},"3":{"name":"(anonymous_3)","decl":{"start":{"line":41,"column":2},"end":{"line":41,"column":19}},"loc":{"start":{"line":41,"column":48},"end":{"line":43,"column":null}}},"4":{"name":"(anonymous_4)","decl":{"start":{"line":45,"column":2},"end":{"line":45,"column":15}},"loc":{"start":{"line":45,"column":31},"end":{"line":47,"column":null}}}},"branchMap":{"0":{"loc":{"start":{"line":22,"column":13},"end":{"line":22,"column":null}},"type":"binary-expr","locations":[{"start":{"line":22,"column":13},"end":{"line":22,"column":26}},{"start":{"line":22,"column":26},"end":{"line":22,"column":39}},{"start":{"line":22,"column":39},"end":{"line":22,"column":56}},{"start":{"line":22,"column":56},"end":{"line":22,"column":null}}]},"1":{"loc":{"start":{"line":24,"column":19},"end":{"line":24,"column":null}},"type":"cond-expr","locations":[{"start":{"line":24,"column":31},"end":{"line":24,"column":36}},{"start":{"line":24,"column":36},"end":{"line":24,"column":null}}]},"2":{"loc":{"start":{"line":25,"column":19},"end":{"line":25,"column":null}},"type":"cond-expr","locations":[{"start":{"line":25,"column":31},"end":{"line":25,"column":36}},{"start":{"line":25,"column":36},"end":{"line":25,"column":null}}]},"3":{"loc":{"start":{"line":26,"column":23},"end":{"line":26,"column":null}},"type":"cond-expr","locations":[{"start":{"line":26,"column":39},"end":{"line":26,"column":44}},{"start":{"line":26,"column":44},"end":{"line":26,"column":null}}]},"4":{"loc":{"start":{"line":27,"column":19},"end":{"line":27,"column":null}},"type":"cond-expr","locations":[{"start":{"line":27,"column":31},"end":{"line":27,"column":36}},{"start":{"line":27,"column":36},"end":{"line":27,"column":null}}]}},"s":{"0":4,"1":4,"2":4,"3":4,"4":4,"5":4,"6":4,"7":4,"8":4,"9":4},"f":{"0":4,"1":4,"2":4,"3":4,"4":4},"b":{"0":[4,2,2,2],"1":[2,2],"2":[2,2],"3":[2,2],"4":[2,2]}}
,"D:/REACTTEST1/react-rs/react-components/src/helpers/locationPrettifyer.ts": {"path":"D:/REACTTEST1/react-rs/react-components/src/helpers/locationPrettifyer.ts","statementMap":{"0":{"start":{"line":10,"column":2},"end":{"line":13,"column":null}},"1":{"start":{"line":10,"column":19},"end":{"line":10,"column":null}},"2":{"start":{"line":10,"column":26},"end":{"line":13,"column":null}},"3":{"start":{"line":11,"column":29},"end":{"line":11,"column":null}},"4":{"start":{"line":11,"column":36},"end":{"line":13,"column":null}},"5":{"start":{"line":12,"column":28},"end":{"line":12,"column":null}},"6":{"start":{"line":13,"column":7},"end":{"line":13,"column":null}}},"fnMap":{"0":{"name":"PrettifyLocation","decl":{"start":{"line":9,"column":9},"end":{"line":9,"column":26}},"loc":{"start":{"line":9,"column":48},"end":{"line":14,"column":null}}}},"branchMap":{"0":{"loc":{"start":{"line":10,"column":2},"end":{"line":13,"column":null}},"type":"if","locations":[{"start":{"line":10,"column":2},"end":{"line":13,"column":null}},{"start":{"line":10,"column":26},"end":{"line":13,"column":null}}]},"1":{"loc":{"start":{"line":10,"column":26},"end":{"line":13,"column":null}},"type":"if","locations":[{"start":{"line":10,"column":26},"end":{"line":13,"column":null}},{"start":{"line":11,"column":36},"end":{"line":13,"column":null}}]},"2":{"loc":{"start":{"line":11,"column":36},"end":{"line":13,"column":null}},"type":"if","locations":[{"start":{"line":11,"column":36},"end":{"line":13,"column":null}},{"start":{"line":13,"column":7},"end":{"line":13,"column":null}}]}},"s":{"0":18,"1":6,"2":12,"3":2,"4":10,"5":10,"6":0},"f":{"0":18},"b":{"0":[6,12],"1":[2,10],"2":[10,0]}}
,"D:/REACTTEST1/react-rs/react-components/src/helpers/protoResultsMapper.ts": {"path":"D:/REACTTEST1/react-rs/react-components/src/helpers/protoResultsMapper.ts","statementMap":{"0":{"start":{"line":12,"column":2},"end":{"line":12,"column":null}}},"fnMap":{"0":{"name":"PhotoResultsMapper","decl":{"start":{"line":11,"column":9},"end":{"line":11,"column":28}},"loc":{"start":{"line":11,"column":68},"end":{"line":13,"column":null}}}},"branchMap":{},"s":{"0":280},"f":{"0":280},"b":{}}
,"D:/REACTTEST1/react-rs/react-components/src/routes/aboutPage.tsx": {"path":"D:/REACTTEST1/react-rs/react-components/src/routes/aboutPage.tsx","statementMap":{"0":{"start":{"line":1,"column":32},"end":{"line":1,"column":null}},"1":{"start":{"line":4,"column":2},"end":{"line":9,"column":null}},"2":{"start":{"line":11,"column":1},"end":{"line":3,"column":21}},"3":{"start":{"line":13,"column":25},"end":{"line":13,"column":null}}},"fnMap":{"0":{"name":"(anonymous_0)","decl":{"start":{"line":1,"column":32},"end":{"line":1,"column":null}},"loc":{"start":{"line":1,"column":32},"end":{"line":1,"column":null}}},"1":{"name":"AboutPage","decl":{"start":{"line":3,"column":9},"end":{"line":3,"column":21}},"loc":{"start":{"line":3,"column":21},"end":{"line":11,"column":1}}}},"branchMap":{"0":{"loc":{"start":{"line":1,"column":32},"end":{"line":1,"column":null}},"type":"if","locations":[{"start":{"line":1,"column":32},"end":{"line":1,"column":null}}]}},"s":{"0":42,"1":2,"2":6,"3":6},"f":{"0":6,"1":2},"b":{"0":[6]}}
,"D:/REACTTEST1/react-rs/react-components/src/routes/formPage.tsx": {"path":"D:/REACTTEST1/react-rs/react-components/src/routes/formPage.tsx","statementMap":{"0":{"start":{"line":14,"column":20},"end":{"line":14,"column":null}},"1":{"start":{"line":15,"column":44},"end":{"line":23,"column":null}},"2":{"start":{"line":24,"column":36},"end":{"line":24,"column":null}},"3":{"start":{"line":25,"column":52},"end":{"line":30,"column":null}},"4":{"start":{"line":31,"column":19},"end":{"line":31,"column":null}},"5":{"start":{"line":32,"column":19},"end":{"line":32,"column":null}},"6":{"start":{"line":32,"column":50},"end":{"line":32,"column":64}},"7":{"start":{"line":33,"column":25},"end":{"line":33,"column":null}},"8":{"start":{"line":36,"column":29},"end":{"line":36,"column":null}},"9":{"start":{"line":37,"column":4},"end":{"line":43,"column":null}},"10":{"start":{"line":38,"column":6},"end":{"line":38,"column":null}},"11":{"start":{"line":39,"column":6},"end":{"line":39,"column":null}},"12":{"start":{"line":40,"column":6},"end":{"line":40,"column":null}},"13":{"start":{"line":42,"column":6},"end":{"line":42,"column":null}},"14":{"start":{"line":47,"column":21},"end":{"line":53,"column":null}},"15":{"start":{"line":54,"column":4},"end":{"line":54,"column":null}},"16":{"start":{"line":55,"column":4},"end":{"line":55,"column":null}},"17":{"start":{"line":59,"column":4},"end":{"line":59,"column":null}},"18":{"start":{"line":63,"column":4},"end":{"line":63,"column":null}},"19":{"start":{"line":67,"column":4},"end":{"line":67,"column":null}},"20":{"start":{"line":70,"column":2},"end":{"line":144,"column":null}},"21":{"start":{"line":127,"column":10},"end":{"line":138,"column":null}},"22":{"start":{"line":146,"column":1},"end":{"line":32,"column":31}},"23":{"start":{"line":14,"column":17},"end":{"line":32,"column":31}},"24":{"start":{"line":32,"column":30},"end":{"line":14,"column":17}},"25":{"start":{"line":148,"column":24},"end":{"line":148,"column":null}}},"fnMap":{"0":{"name":"FormPage","decl":{"start":{"line":14,"column":9},"end":{"line":14,"column":17}},"loc":{"start":{"line":14,"column":20},"end":{"line":146,"column":1}}},"1":{"name":"(anonymous_2)","decl":{"start":{"line":32,"column":31},"end":{"line":32,"column":32}},"loc":{"start":{"line":32,"column":50},"end":{"line":32,"column":64}}},"2":{"name":"onSubmit","decl":{"start":{"line":35,"column":11},"end":{"line":35,"column":20}},"loc":{"start":{"line":35,"column":39},"end":{"line":44,"column":null}}},"3":{"name":"createCards","decl":{"start":{"line":46,"column":11},"end":{"line":46,"column":23}},"loc":{"start":{"line":46,"column":40},"end":{"line":56,"column":null}}},"4":{"name":"showValidationMessage","decl":{"start":{"line":58,"column":11},"end":{"line":58,"column":33}},"loc":{"start":{"line":58,"column":72},"end":{"line":60,"column":null}}},"5":{"name":"showMessage","decl":{"start":{"line":62,"column":11},"end":{"line":62,"column":25}},"loc":{"start":{"line":62,"column":25},"end":{"line":64,"column":null}}},"6":{"name":"hideMessage","decl":{"start":{"line":66,"column":11},"end":{"line":66,"column":25}},"loc":{"start":{"line":66,"column":25},"end":{"line":68,"column":null}}},"7":{"name":"(anonymous_8)","decl":{"start":{"line":126,"column":22},"end":{"line":126,"column":23}},"loc":{"start":{"line":126,"column":37},"end":{"line":141,"column":9}}},"8":{"name":"(anonymous_9)","decl":{"start":{"line":14,"column":17},"end":{"line":14,"column":20}},"loc":{"start":{"line":14,"column":17},"end":{"line":32,"column":31}}}},"branchMap":{"0":{"loc":{"start":{"line":37,"column":4},"end":{"line":43,"column":null}},"type":"if","locations":[{"start":{"line":37,"column":4},"end":{"line":43,"column":null}},{"start":{"line":41,"column":11},"end":{"line":43,"column":null}}]}},"s":{"0":26,"1":26,"2":26,"3":26,"4":26,"5":26,"6":28,"7":26,"8":4,"9":4,"10":2,"11":2,"12":2,"13":2,"14":2,"15":2,"16":2,"17":4,"18":2,"19":2,"20":26,"21":12,"22":6,"23":5,"24":6,"25":6},"f":{"0":26,"1":28,"2":4,"3":2,"4":4,"5":2,"6":2,"7":12,"8":5},"b":{"0":[2,2]}}
,"D:/REACTTEST1/react-rs/react-components/src/routes/homePage.tsx": {"path":"D:/REACTTEST1/react-rs/react-components/src/routes/homePage.tsx","statementMap":{"0":{"start":{"line":1,"column":31},"end":{"line":1,"column":null}},"1":{"start":{"line":5,"column":2},"end":{"line":9,"column":null}},"2":{"start":{"line":11,"column":1},"end":{"line":4,"column":20}},"3":{"start":{"line":13,"column":24},"end":{"line":13,"column":null}}},"fnMap":{"0":{"name":"(anonymous_0)","decl":{"start":{"line":1,"column":31},"end":{"line":1,"column":null}},"loc":{"start":{"line":1,"column":31},"end":{"line":1,"column":null}}},"1":{"name":"HomePage","decl":{"start":{"line":4,"column":9},"end":{"line":4,"column":20}},"loc":{"start":{"line":4,"column":20},"end":{"line":11,"column":1}}}},"branchMap":{"0":{"loc":{"start":{"line":1,"column":31},"end":{"line":1,"column":null}},"type":"if","locations":[{"start":{"line":1,"column":31},"end":{"line":1,"column":null}}]}},"s":{"0":42,"1":6,"2":6,"3":6},"f":{"0":6,"1":6},"b":{"0":[6]}}
,"D:/REACTTEST1/react-rs/react-components/src/routes/page404.tsx": {"path":"D:/REACTTEST1/react-rs/react-components/src/routes/page404.tsx","statementMap":{"0":{"start":{"line":1,"column":39},"end":{"line":1,"column":null}},"1":{"start":{"line":5,"column":2},"end":{"line":12,"column":null}},"2":{"start":{"line":14,"column":1},"end":{"line":4,"column":19}},"3":{"start":{"line":16,"column":23},"end":{"line":16,"column":null}}},"fnMap":{"0":{"name":"(anonymous_0)","decl":{"start":{"line":1,"column":39},"end":{"line":1,"column":null}},"loc":{"start":{"line":1,"column":39},"end":{"line":1,"column":null}}},"1":{"name":"Page404","decl":{"start":{"line":4,"column":9},"end":{"line":4,"column":19}},"loc":{"start":{"line":4,"column":19},"end":{"line":14,"column":1}}}},"branchMap":{"0":{"loc":{"start":{"line":1,"column":39},"end":{"line":1,"column":null}},"type":"if","locations":[{"start":{"line":1,"column":39},"end":{"line":1,"column":null}}]}},"s":{"0":42,"1":0,"2":6,"3":6},"f":{"0":6,"1":0},"b":{"0":[6]}}
,"D:/REACTTEST1/react-rs/react-components/src/store/rootReducer.ts": {"path":"D:/REACTTEST1/react-rs/react-components/src/store/rootReducer.ts","statementMap":{"0":{"start":{"line":9,"column":20},"end":{"line":14,"column":null}}},"fnMap":{},"branchMap":{},"s":{"0":6},"f":{},"b":{}}
,"D:/REACTTEST1/react-rs/react-components/src/store/store.ts": {"path":"D:/REACTTEST1/react-rs/react-components/src/store/store.ts","statementMap":{"0":{"start":{"line":9,"column":46},"end":{"line":10,"column":null}},"1":{"start":{"line":12,"column":27},"end":{"line":18,"column":null}},"2":{"start":{"line":13,"column":2},"end":{"line":17,"column":null}},"3":{"start":{"line":16,"column":42},"end":{"line":16,"column":null}},"4":{"start":{"line":23,"column":30},"end":{"line":23,"column":null}},"5":{"start":{"line":23,"column":36},"end":{"line":23,"column":null}},"6":{"start":{"line":24,"column":63},"end":{"line":24,"column":null}}},"fnMap":{"0":{"name":"(anonymous_0)","decl":{"start":{"line":12,"column":27},"end":{"line":12,"column":28}},"loc":{"start":{"line":12,"column":75},"end":{"line":18,"column":null}}},"1":{"name":"(anonymous_1)","decl":{"start":{"line":16,"column":16},"end":{"line":16,"column":17}},"loc":{"start":{"line":16,"column":42},"end":{"line":16,"column":null}}},"2":{"name":"(anonymous_2)","decl":{"start":{"line":23,"column":30},"end":{"line":23,"column":36}},"loc":{"start":{"line":23,"column":36},"end":{"line":23,"column":null}}}},"branchMap":{"0":{"loc":{"start":{"line":9,"column":46},"end":{"line":10,"column":null}},"type":"binary-expr","locations":[{"start":{"line":9,"column":46},"end":{"line":9,"column":null}},{"start":{"line":10,"column":2},"end":{"line":10,"column":null}}]}},"s":{"0":6,"1":6,"2":6,"3":6,"4":6,"5":0,"6":6},"f":{"0":6,"1":6,"2":0},"b":{"0":[6,6]}}
,"D:/REACTTEST1/react-rs/react-components/src/store/reducers/formDataReducer.ts": {"path":"D:/REACTTEST1/react-rs/react-components/src/store/reducers/formDataReducer.ts","statementMap":{"0":{"start":{"line":4,"column":35},"end":{"line":4,"column":null}},"1":{"start":{"line":7,"column":2},"end":{"line":13,"column":null}},"2":{"start":{"line":9,"column":6},"end":{"line":9,"column":null}},"3":{"start":{"line":12,"column":6},"end":{"line":12,"column":null}}},"fnMap":{"0":{"name":"formDataReducer","decl":{"start":{"line":6,"column":16},"end":{"line":6,"column":32}},"loc":{"start":{"line":6,"column":73},"end":{"line":14,"column":null}}}},"branchMap":{"0":{"loc":{"start":{"line":6,"column":32},"end":{"line":6,"column":54}},"type":"default-arg","locations":[{"start":{"line":6,"column":40},"end":{"line":6,"column":54}}]},"1":{"loc":{"start":{"line":7,"column":2},"end":{"line":13,"column":null}},"type":"switch","locations":[{"start":{"line":8,"column":4},"end":{"line":10,"column":null}},{"start":{"line":11,"column":4},"end":{"line":12,"column":null}}]}},"s":{"0":6,"1":43,"2":2,"3":41},"f":{"0":43},"b":{"0":[12],"1":[2,41]}}
,"D:/REACTTEST1/react-rs/react-components/src/store/reducers/formInputReducer.ts": {"path":"D:/REACTTEST1/react-rs/react-components/src/store/reducers/formInputReducer.ts","statementMap":{"0":{"start":{"line":3,"column":21},"end":{"line":10,"column":null}},"1":{"start":{"line":13,"column":2},"end":{"line":52,"column":null}},"2":{"start":{"line":15,"column":6},"end":{"line":18,"column":null}},"3":{"start":{"line":21,"column":6},"end":{"line":24,"column":null}},"4":{"start":{"line":27,"column":6},"end":{"line":30,"column":null}},"5":{"start":{"line":33,"column":6},"end":{"line":36,"column":null}},"6":{"start":{"line":39,"column":6},"end":{"line":42,"column":null}},"7":{"start":{"line":45,"column":6},"end":{"line":48,"column":null}},"8":{"start":{"line":51,"column":6},"end":{"line":51,"column":null}}},"fnMap":{"0":{"name":"formInputReducer","decl":{"start":{"line":12,"column":16},"end":{"line":12,"column":33}},"loc":{"start":{"line":12,"column":74},"end":{"line":53,"column":null}}}},"branchMap":{"0":{"loc":{"start":{"line":12,"column":33},"end":{"line":12,"column":55}},"type":"default-arg","locations":[{"start":{"line":12,"column":41},"end":{"line":12,"column":55}}]},"1":{"loc":{"start":{"line":13,"column":2},"end":{"line":52,"column":null}},"type":"switch","locations":[{"start":{"line":14,"column":4},"end":{"line":19,"column":null}},{"start":{"line":20,"column":4},"end":{"line":25,"column":null}},{"start":{"line":26,"column":4},"end":{"line":31,"column":null}},{"start":{"line":32,"column":4},"end":{"line":37,"column":null}},{"start":{"line":38,"column":4},"end":{"line":43,"column":null}},{"start":{"line":44,"column":4},"end":{"line":49,"column":null}},{"start":{"line":50,"column":4},"end":{"line":51,"column":null}}]}},"s":{"0":6,"1":43,"2":0,"3":0,"4":0,"5":0,"6":0,"7":0,"8":43},"f":{"0":43},"b":{"0":[12],"1":[0,0,0,0,0,0,43]}}
,"D:/REACTTEST1/react-rs/react-components/src/store/reducers/searchReducer.ts": {"path":"D:/REACTTEST1/react-rs/react-components/src/store/reducers/searchReducer.ts","statementMap":{"0":{"start":{"line":3,"column":21},"end":{"line":3,"column":null}},"1":{"start":{"line":6,"column":2},"end":{"line":21,"column":null}},"2":{"start":{"line":8,"column":6},"end":{"line":11,"column":null}},"3":{"start":{"line":14,"column":6},"end":{"line":17,"column":null}},"4":{"start":{"line":20,"column":6},"end":{"line":20,"column":null}}},"fnMap":{"0":{"name":"searchReducer","decl":{"start":{"line":5,"column":24},"end":{"line":5,"column":38}},"loc":{"start":{"line":5,"column":79},"end":{"line":22,"column":null}}}},"branchMap":{"0":{"loc":{"start":{"line":5,"column":38},"end":{"line":5,"column":60}},"type":"default-arg","locations":[{"start":{"line":5,"column":46},"end":{"line":5,"column":60}}]},"1":{"loc":{"start":{"line":6,"column":2},"end":{"line":21,"column":null}},"type":"switch","locations":[{"start":{"line":7,"column":4},"end":{"line":12,"column":null}},{"start":{"line":13,"column":4},"end":{"line":18,"column":null}},{"start":{"line":19,"column":4},"end":{"line":20,"column":null}}]}},"s":{"0":6,"1":43,"2":6,"3":1,"4":36},"f":{"0":43},"b":{"0":[12],"1":[6,1,36]}}
,"D:/REACTTEST1/react-rs/react-components/src/types/constants.ts": {"path":"D:/REACTTEST1/react-rs/react-components/src/types/constants.ts","statementMap":{"0":{"start":{"line":1,"column":33},"end":{"line":8,"column":null}},"1":{"start":{"line":10,"column":36},"end":{"line":16,"column":null}}},"fnMap":{},"branchMap":{},"s":{"0":6,"1":6},"f":{},"b":{}}
,"D:/REACTTEST1/react-rs/react-components/src/types/interfaces.ts": {"path":"D:/REACTTEST1/react-rs/react-components/src/types/interfaces.ts","statementMap":{},"fnMap":{},"branchMap":{},"s":{},"f":{},"b":{}}
}
