TN:
SF:src\App.tsx
FN:12,(anonymous_0)
FNF:1
FNH:1
FNDA:2,(anonymous_0)
DA:13,2
LF:1
LH:1
BRF:0
BRH:0
end_of_record
TN:
SF:src\assets\catData.ts
FNF:0
FNH:0
DA:1,1
LF:1
LH:1
BRF:0
BRH:0
end_of_record
TN:
SF:src\components\card.tsx
FN:8,(anonymous_0)
FN:12,(anonymous_1)
FNF:2
FNH:2
FNDA:14,(anonymous_0)
FNDA:14,(anonymous_1)
DA:9,14
DA:13,14
LF:2
LH:2
BRF:0
BRH:0
end_of_record
TN:
SF:src\components\cardsContainer.tsx
FN:6,(anonymous_0)
FN:10,(anonymous_1)
FN:13,(anonymous_2)
FNF:3
FNH:3
FNDA:4,(anonymous_0)
FNDA:6,(anonymous_1)
FNDA:2,(anonymous_2)
DA:7,4
DA:11,6
DA:14,2
LF:3
LH:3
BRF:0
BRH:0
end_of_record
TN:
SF:src\components\header.tsx
FN:8,(anonymous_0)
FN:15,(anonymous_1)
FN:22,(anonymous_2)
FNF:3
FNH:3
FNDA:2,(anonymous_0)
FNDA:2,(anonymous_1)
FNDA:2,(anonymous_2)
DA:9,2
DA:10,2
DA:16,2
DA:17,0
DA:18,0
DA:19,0
DA:23,2
LF:7
LH:4
BRDA:16,0,0,2
BRDA:16,0,1,0
BRDA:17,1,0,0
BRDA:17,1,1,0
BRDA:18,2,0,0
BRDA:18,2,1,0
BRF:6
BRH:1
end_of_record
TN:
SF:src\components\modal.tsx
FN:8,(anonymous_0)
FN:12,(anonymous_1)
FNF:2
FNH:2
FNDA:3,(anonymous_0)
FNDA:5,(anonymous_1)
DA:9,3
DA:13,5
DA:16,5
LF:3
LH:3
BRDA:13,0,0,1
BRDA:13,0,1,4
BRF:2
BRH:2
end_of_record
TN:
SF:src\components\searchBar.tsx
FN:7,(anonymous_0)
FN:11,(anonymous_1)
FNF:2
FNH:2
FNDA:5,(anonymous_0)
FNDA:5,(anonymous_1)
DA:8,5
DA:12,5
LF:2
LH:2
BRF:0
BRH:0
end_of_record
TN:
SF:src\components\withRouter.tsx
FN:10,(anonymous_0)
FN:13,(anonymous_1)
FNF:2
FNH:2
FNDA:1,(anonymous_0)
FNDA:2,(anonymous_1)
DA:10,1
DA:13,1
DA:14,2
DA:15,2
DA:16,2
DA:18,2
LF:6
LH:6
BRF:0
BRH:0
end_of_record
TN:
SF:src\components\card-components\cardBottomItem.tsx
FN:6,(anonymous_0)
FN:10,(anonymous_1)
FNF:2
FNH:2
FNDA:14,(anonymous_0)
FNDA:14,(anonymous_1)
DA:7,14
DA:11,14
LF:2
LH:2
BRF:0
BRH:0
end_of_record
TN:
SF:src\components\card-components\carsTagsList.tsx
FN:4,(anonymous_0)
FN:8,(anonymous_1)
FN:12,(anonymous_2)
FNF:3
FNH:3
FNDA:14,(anonymous_0)
FNDA:14,(anonymous_1)
FNDA:34,(anonymous_2)
DA:5,14
DA:9,14
DA:13,34
LF:3
LH:3
BRF:0
BRH:0
end_of_record
TN:
SF:src\components\form-components\checkboxInput.tsx
FN:5,(anonymous_0)
FN:9,(anonymous_1)
FNF:2
FNH:2
FNDA:3,(anonymous_0)
FNDA:5,(anonymous_1)
DA:6,3
DA:10,5
LF:2
LH:2
BRF:0
BRH:0
end_of_record
TN:
SF:src\components\form-components\dropdown.tsx
FN:5,(anonymous_0)
FN:9,(anonymous_1)
FNF:2
FNH:2
FNDA:3,(anonymous_0)
FNDA:5,(anonymous_1)
DA:6,3
DA:10,5
LF:2
LH:2
BRF:0
BRH:0
end_of_record
TN:
SF:src\components\form-components\fileInput.tsx
FN:5,(anonymous_0)
FN:9,(anonymous_1)
FNF:2
FNH:2
FNDA:3,(anonymous_0)
FNDA:5,(anonymous_1)
DA:6,3
DA:10,5
LF:2
LH:2
BRF:0
BRH:0
end_of_record
TN:
SF:src\components\form-components\generalInput.tsx
FN:5,(anonymous_0)
FN:9,(anonymous_1)
FNF:2
FNH:2
FNDA:6,(anonymous_0)
FNDA:10,(anonymous_1)
DA:6,6
DA:10,10
LF:2
LH:2
BRF:0
BRH:0
end_of_record
TN:
SF:src\components\form-components\radioInput.tsx
FN:5,(anonymous_0)
FN:9,(anonymous_1)
FNF:2
FNH:2
FNDA:3,(anonymous_0)
FNDA:5,(anonymous_1)
DA:6,3
DA:10,5
LF:2
LH:2
BRF:0
BRH:0
end_of_record
TN:
SF:src\helpers\inputValidator.ts
FN:4,(anonymous_0)
FN:20,(anonymous_1)
FN:24,(anonymous_2)
FN:29,(anonymous_3)
FN:30,(anonymous_4)
FN:36,(anonymous_5)
FNF:6
FNH:6
FNDA:4,(anonymous_0)
FNDA:4,(anonymous_1)
FNDA:4,(anonymous_2)
FNDA:4,(anonymous_3)
FNDA:4,(anonymous_4)
FNDA:4,(anonymous_5)
DA:5,4
DA:6,4
DA:7,4
DA:8,4
DA:9,4
DA:21,4
DA:25,4
DA:26,4
DA:30,4
DA:31,4
DA:33,4
DA:37,4
LF:12
LH:12
BRDA:10,0,0,4
BRDA:10,0,1,2
BRDA:10,0,2,2
BRDA:10,0,3,2
BRF:4
BRH:4
end_of_record
TN:
SF:src\routes\aboutPage.tsx
FN:5,(anonymous_0)
FNF:1
FNH:1
FNDA:1,(anonymous_0)
DA:6,1
LF:1
LH:1
BRF:0
BRH:0
end_of_record
TN:
SF:src\routes\formPage.tsx
FN:31,(anonymous_0)
FN:53,(anonymous_1)
FN:89,(anonymous_2)
FN:98,(anonymous_3)
FN:102,(anonymous_4)
FN:106,(anonymous_5)
FN:110,(anonymous_6)
FN:121,(anonymous_7)
FNF:8
FNH:7
FNDA:3,(anonymous_0)
FNDA:2,(anonymous_1)
FNDA:1,(anonymous_2)
FNDA:1,(anonymous_3)
FNDA:1,(anonymous_4)
FNDA:0,(anonymous_5)
FNDA:1,(anonymous_6)
FNDA:5,(anonymous_7)
DA:32,3
DA:33,3
DA:34,3
DA:43,3
DA:44,3
DA:45,3
DA:46,3
DA:47,3
DA:48,3
DA:49,3
DA:50,3
DA:54,2
DA:55,2
DA:62,2
DA:68,2
DA:69,2
DA:70,1
DA:71,1
DA:82,1
DA:83,1
DA:85,1
DA:90,1
DA:91,1
DA:92,1
DA:93,1
DA:94,1
DA:95,1
DA:99,1
DA:103,1
DA:107,0
DA:111,1
DA:112,1
DA:113,1
DA:114,1
DA:115,1
DA:116,1
DA:117,1
DA:118,1
DA:122,5
LF:39
LH:38
BRDA:69,0,0,1
BRDA:69,0,1,1
BRDA:74,1,0,1
BRDA:74,1,1,0
BRDA:111,2,0,1
BRDA:111,2,1,0
BRDA:113,3,0,1
BRDA:113,3,1,0
BRDA:115,4,0,1
BRDA:115,4,1,0
BRDA:117,5,0,1
BRDA:117,5,1,0
BRF:12
BRH:7
end_of_record
TN:
SF:src\routes\homePage.tsx
FN:11,(anonymous_0)
FN:20,(anonymous_1)
FN:24,(anonymous_2)
FN:31,(anonymous_3)
FN:37,(anonymous_4)
FNF:5
FNH:4
FNDA:2,(anonymous_0)
FNDA:2,(anonymous_1)
FNDA:0,(anonymous_2)
FNDA:2,(anonymous_3)
FNDA:12,(anonymous_4)
DA:12,2
DA:13,2
DA:16,2
DA:19,2
DA:21,2
DA:25,0
DA:26,0
DA:27,0
DA:32,2
DA:38,12
LF:10
LH:7
BRDA:14,0,0,2
BRDA:14,0,1,2
BRDA:26,1,0,0
BRDA:26,1,1,0
BRF:4
BRH:2
end_of_record
TN:
SF:src\routes\page404.tsx
FN:5,(anonymous_0)
FNF:1
FNH:1
FNDA:1,(anonymous_0)
DA:6,1
LF:1
LH:1
BRF:0
BRH:0
end_of_record
